TN:
SF:controllers\appointment.controller.js
FN:15,getStatusInfo
FN:29,(anonymous_1)
FN:105,(anonymous_2)
FN:153,(anonymous_3)
FN:210,(anonymous_4)
FN:249,(anonymous_5)
FN:350,(anonymous_6)
FN:471,(anonymous_7)
FN:548,(anonymous_8)
FN:621,(anonymous_9)
FN:683,(anonymous_10)
FN:685,(anonymous_11)
FN:688,(anonymous_12)
FNF:13
FNH:0
FNDA:0,getStatusInfo
FNDA:0,(anonymous_1)
FNDA:0,(anonymous_2)
FNDA:0,(anonymous_3)
FNDA:0,(anonymous_4)
FNDA:0,(anonymous_5)
FNDA:0,(anonymous_6)
FNDA:0,(anonymous_7)
FNDA:0,(anonymous_8)
FNDA:0,(anonymous_9)
FNDA:0,(anonymous_10)
FNDA:0,(anonymous_11)
FNDA:0,(anonymous_12)
DA:5,0
DA:6,0
DA:7,0
DA:8,0
DA:16,0
DA:23,0
DA:29,0
DA:30,0
DA:32,0
DA:35,0
DA:36,0
DA:37,0
DA:39,0
DA:40,0
DA:41,0
DA:44,0
DA:45,0
DA:46,0
DA:49,0
DA:50,0
DA:51,0
DA:55,0
DA:56,0
DA:60,0
DA:63,0
DA:66,0
DA:88,0
DA:91,0
DA:99,0
DA:105,0
DA:106,0
DA:107,0
DA:125,0
DA:126,0
DA:129,0
DA:144,0
DA:145,0
DA:146,0
DA:153,0
DA:154,0
DA:155,0
DA:158,0
DA:175,0
DA:176,0
DA:177,0
DA:178,0
DA:181,0
DA:182,0
DA:185,0
DA:191,0
DA:210,0
DA:219,0
DA:220,0
DA:224,0
DA:225,0
DA:229,0
DA:240,0
DA:241,0
DA:242,0
DA:249,0
DA:250,0
DA:261,0
DA:264,0
DA:265,0
DA:266,0
DA:267,0
DA:268,0
DA:271,0
DA:272,0
DA:273,0
DA:274,0
DA:275,0
DA:278,0
DA:279,0
DA:280,0
DA:281,0
DA:282,0
DA:285,0
DA:286,0
DA:287,0
DA:288,0
DA:289,0
DA:293,0
DA:296,0
DA:317,0
DA:332,0
DA:339,0
DA:341,0
DA:342,0
DA:343,0
DA:350,0
DA:351,0
DA:352,0
DA:363,0
DA:366,0
DA:367,0
DA:368,0
DA:369,0
DA:370,0
DA:373,0
DA:374,0
DA:375,0
DA:376,0
DA:377,0
DA:380,0
DA:381,0
DA:382,0
DA:383,0
DA:384,0
DA:387,0
DA:388,0
DA:389,0
DA:390,0
DA:391,0
DA:395,0
DA:400,0
DA:401,0
DA:402,0
DA:403,0
DA:407,0
DA:410,0
DA:438,0
DA:453,0
DA:460,0
DA:462,0
DA:463,0
DA:464,0
DA:471,0
DA:472,0
DA:473,0
DA:476,0
DA:477,0
DA:478,0
DA:479,0
DA:480,0
DA:484,0
DA:485,0
DA:486,0
DA:487,0
DA:488,0
DA:492,0
DA:498,0
DA:499,0
DA:515,0
DA:530,0
DA:537,0
DA:539,0
DA:540,0
DA:541,0
DA:548,0
DA:549,0
DA:550,0
DA:551,0
DA:553,0
DA:554,0
DA:555,0
DA:556,0
DA:557,0
DA:561,0
DA:566,0
DA:567,0
DA:568,0
DA:569,0
DA:573,0
DA:588,0
DA:603,0
DA:610,0
DA:612,0
DA:613,0
DA:614,0
DA:621,0
DA:622,0
DA:623,0
DA:626,0
DA:627,0
DA:628,0
DA:631,0
DA:632,0
DA:633,0
DA:636,0
DA:637,0
DA:638,0
DA:642,0
DA:643,0
DA:644,0
DA:648,0
DA:651,0
DA:673,0
DA:676,0
DA:683,0
DA:685,0
DA:688,0
DA:698,0
DA:699,0
DA:700,0
DA:702,0
DA:703,0
DA:704,0
LF:198
LH:0
BRDA:23,0,0,0
BRDA:23,0,1,0
BRDA:32,1,0,0
BRDA:32,2,0,0
BRDA:39,3,0,0
BRDA:39,3,1,0
BRDA:44,4,0,0
BRDA:44,4,1,0
BRDA:49,5,0,0
BRDA:49,5,1,0
BRDA:60,6,0,0
BRDA:60,6,1,0
BRDA:111,7,0,0
BRDA:111,7,1,0
BRDA:113,8,0,0
BRDA:113,8,1,0
BRDA:118,9,0,0
BRDA:118,9,1,0
BRDA:175,10,0,0
BRDA:175,10,1,0
BRDA:196,11,0,0
BRDA:196,11,1,0
BRDA:198,12,0,0
BRDA:198,12,1,0
BRDA:202,13,0,0
BRDA:202,13,1,0
BRDA:204,14,0,0
BRDA:204,14,1,0
BRDA:205,15,0,0
BRDA:205,15,1,0
BRDA:219,16,0,0
BRDA:219,16,1,0
BRDA:219,17,0,0
BRDA:219,17,1,0
BRDA:224,18,0,0
BRDA:224,18,1,0
BRDA:264,19,0,0
BRDA:264,19,1,0
BRDA:264,20,0,0
BRDA:264,20,1,0
BRDA:264,20,2,0
BRDA:271,21,0,0
BRDA:271,21,1,0
BRDA:271,22,0,0
BRDA:271,22,1,0
BRDA:278,23,0,0
BRDA:278,23,1,0
BRDA:278,24,0,0
BRDA:278,24,1,0
BRDA:285,25,0,0
BRDA:285,25,1,0
BRDA:285,26,0,0
BRDA:285,26,1,0
BRDA:305,27,0,0
BRDA:305,27,1,0
BRDA:306,28,0,0
BRDA:306,28,1,0
BRDA:308,29,0,0
BRDA:308,29,1,0
BRDA:309,30,0,0
BRDA:309,30,1,0
BRDA:310,31,0,0
BRDA:310,31,1,0
BRDA:311,32,0,0
BRDA:311,32,1,0
BRDA:312,33,0,0
BRDA:312,33,1,0
BRDA:325,34,0,0
BRDA:325,34,1,0
BRDA:326,35,0,0
BRDA:326,35,1,0
BRDA:366,36,0,0
BRDA:366,36,1,0
BRDA:366,37,0,0
BRDA:366,37,1,0
BRDA:366,37,2,0
BRDA:373,38,0,0
BRDA:373,38,1,0
BRDA:373,39,0,0
BRDA:373,39,1,0
BRDA:380,40,0,0
BRDA:380,40,1,0
BRDA:380,41,0,0
BRDA:380,41,1,0
BRDA:387,42,0,0
BRDA:387,42,1,0
BRDA:387,43,0,0
BRDA:387,43,1,0
BRDA:400,44,0,0
BRDA:400,44,1,0
BRDA:426,45,0,0
BRDA:426,45,1,0
BRDA:427,46,0,0
BRDA:427,46,1,0
BRDA:429,47,0,0
BRDA:429,47,1,0
BRDA:430,48,0,0
BRDA:430,48,1,0
BRDA:431,49,0,0
BRDA:431,49,1,0
BRDA:432,50,0,0
BRDA:432,50,1,0
BRDA:476,51,0,0
BRDA:476,51,1,0
BRDA:476,52,0,0
BRDA:476,52,1,0
BRDA:484,53,0,0
BRDA:484,53,1,0
BRDA:498,54,0,0
BRDA:498,54,1,0
BRDA:498,55,0,0
BRDA:498,55,1,0
BRDA:553,56,0,0
BRDA:553,56,1,0
BRDA:553,57,0,0
BRDA:553,57,1,0
BRDA:566,58,0,0
BRDA:566,58,1,0
BRDA:631,59,0,0
BRDA:631,59,1,0
BRDA:636,60,0,0
BRDA:636,60,1,0
BRDA:642,61,0,0
BRDA:642,61,1,0
BRDA:648,62,0,0
BRDA:648,62,1,0
BRDA:698,63,0,0
BRDA:698,63,1,0
BRF:128
BRH:0
end_of_record
TN:
SF:controllers\auth.controller.js
FN:15,(anonymous_0)
FN:73,(anonymous_1)
FN:132,(anonymous_2)
FN:177,(anonymous_3)
FN:240,(anonymous_4)
FN:259,(anonymous_5)
FN:266,(anonymous_6)
FNF:7
FNH:0
FNDA:0,(anonymous_0)
FNDA:0,(anonymous_1)
FNDA:0,(anonymous_2)
FNDA:0,(anonymous_3)
FNDA:0,(anonymous_4)
FNDA:0,(anonymous_5)
FNDA:0,(anonymous_6)
DA:5,0
DA:6,0
DA:7,0
DA:8,0
DA:9,0
DA:10,0
DA:15,0
DA:16,0
DA:18,0
DA:24,0
DA:26,0
DA:27,0
DA:28,0
DA:29,0
DA:32,0
DA:35,0
DA:40,0
DA:43,0
DA:44,0
DA:45,0
DA:49,0
DA:50,0
DA:51,0
DA:55,0
DA:56,0
DA:59,0
DA:64,0
DA:66,0
DA:73,0
DA:74,0
DA:76,0
DA:81,0
DA:83,0
DA:84,0
DA:85,0
DA:88,0
DA:91,0
DA:96,0
DA:97,0
DA:98,0
DA:102,0
DA:103,0
DA:109,0
DA:115,0
DA:116,0
DA:122,0
DA:123,0
DA:125,0
DA:132,0
DA:133,0
DA:134,0
DA:136,0
DA:137,0
DA:138,0
DA:139,0
DA:143,0
DA:149,0
DA:156,0
DA:157,0
DA:158,0
DA:159,0
DA:162,0
DA:168,0
DA:169,0
DA:170,0
DA:177,0
DA:178,0
DA:179,0
DA:182,0
DA:188,0
DA:193,0
DA:194,0
DA:195,0
DA:199,0
DA:205,0
DA:207,0
DA:208,0
DA:209,0
DA:210,0
DA:213,0
DA:216,0
DA:217,0
DA:218,0
DA:222,0
DA:225,0
DA:230,0
DA:231,0
DA:233,0
DA:240,0
DA:241,0
DA:242,0
DA:244,0
DA:251,0
DA:253,0
DA:254,0
DA:255,0
DA:259,0
DA:260,0
DA:266,0
DA:267,0
DA:270,0
DA:271,0
DA:274,0
LF:103
LH:0
BRDA:26,0,0,0
BRDA:26,0,1,0
BRDA:43,1,0,0
BRDA:43,1,1,0
BRDA:43,2,0,0
BRDA:43,2,1,0
BRDA:49,3,0,0
BRDA:49,3,1,0
BRDA:83,4,0,0
BRDA:83,4,1,0
BRDA:96,5,0,0
BRDA:96,5,1,0
BRDA:136,6,0,0
BRDA:136,6,1,0
BRDA:156,7,0,0
BRDA:156,7,1,0
BRDA:193,8,0,0
BRDA:193,8,1,0
BRDA:207,9,0,0
BRDA:207,9,1,0
BRDA:216,10,0,0
BRDA:216,10,1,0
BRDA:242,11,0,0
BRDA:242,11,1,0
BRDA:242,12,0,0
BRDA:242,12,1,0
BRDA:270,13,0,0
BRDA:270,13,1,0
BRF:28
BRH:0
end_of_record
TN:
SF:controllers\contact.controller.js
FN:19,submitContact
FN:74,getContactRequest
FNF:2
FNH:0
FNDA:0,submitContact
FNDA:0,getContactRequest
DA:5,0
DA:6,0
DA:7,0
DA:8,0
DA:9,0
DA:20,0
DA:22,0
DA:30,0
DA:32,0
DA:33,0
DA:34,0
DA:35,0
DA:36,0
DA:40,0
DA:41,0
DA:47,0
DA:60,0
DA:61,0
DA:63,0
DA:75,0
DA:76,0
DA:84,0
DA:85,0
DA:86,0
DA:87,0
DA:90,0
DA:92,0
DA:96,0
LF:28
LH:0
BRDA:32,0,0,0
BRDA:32,0,1,0
BRDA:53,1,0,0
BRDA:53,1,1,0
BRDA:84,2,0,0
BRDA:84,2,1,0
BRF:6
BRH:0
end_of_record
TN:
SF:controllers\customer.controller.js
FN:13,(anonymous_0)
FN:77,(anonymous_1)
FN:140,(anonymous_2)
FN:157,(anonymous_3)
FN:219,(anonymous_4)
FN:230,(anonymous_5)
FN:254,(anonymous_6)
FN:340,(anonymous_7)
FN:450,(anonymous_8)
FN:519,(anonymous_9)
FN:576,(anonymous_10)
FN:645,(anonymous_11)
FN:700,(anonymous_12)
FN:702,(anonymous_13)
FN:704,(anonymous_14)
FN:706,(anonymous_15)
FNF:16
FNH:0
FNDA:0,(anonymous_0)
FNDA:0,(anonymous_1)
FNDA:0,(anonymous_2)
FNDA:0,(anonymous_3)
FNDA:0,(anonymous_4)
FNDA:0,(anonymous_5)
FNDA:0,(anonymous_6)
FNDA:0,(anonymous_7)
FNDA:0,(anonymous_8)
FNDA:0,(anonymous_9)
FNDA:0,(anonymous_10)
FNDA:0,(anonymous_11)
FNDA:0,(anonymous_12)
FNDA:0,(anonymous_13)
FNDA:0,(anonymous_14)
FNDA:0,(anonymous_15)
DA:5,0
DA:6,0
DA:7,0
DA:8,0
DA:13,0
DA:14,0
DA:16,0
DA:19,0
DA:20,0
DA:21,0
DA:23,0
DA:24,0
DA:25,0
DA:28,0
DA:29,0
DA:30,0
DA:33,0
DA:34,0
DA:35,0
DA:40,0
DA:41,0
DA:45,0
DA:48,0
DA:51,0
DA:61,0
DA:64,0
DA:71,0
DA:77,0
DA:95,0
DA:105,0
DA:112,0
DA:122,0
DA:123,0
DA:126,0
DA:140,0
DA:146,0
DA:148,0
DA:149,0
DA:150,0
DA:157,0
DA:158,0
DA:159,0
DA:162,0
DA:167,0
DA:168,0
DA:169,0
DA:170,0
DA:171,0
DA:174,0
DA:177,0
DA:189,0
DA:201,0
DA:220,0
DA:221,0
DA:231,0
DA:232,0
DA:243,0
DA:245,0
DA:246,0
DA:247,0
DA:254,0
DA:255,0
DA:268,0
DA:271,0
DA:272,0
DA:273,0
DA:274,0
DA:275,0
DA:278,0
DA:279,0
DA:280,0
DA:281,0
DA:282,0
DA:286,0
DA:310,0
DA:325,0
DA:331,0
DA:332,0
DA:333,0
DA:340,0
DA:341,0
DA:342,0
DA:355,0
DA:358,0
DA:359,0
DA:360,0
DA:361,0
DA:362,0
DA:365,0
DA:366,0
DA:367,0
DA:368,0
DA:369,0
DA:373,0
DA:378,0
DA:379,0
DA:380,0
DA:381,0
DA:382,0
DA:386,0
DA:420,0
DA:435,0
DA:441,0
DA:442,0
DA:443,0
DA:450,0
DA:451,0
DA:452,0
DA:453,0
DA:455,0
DA:456,0
DA:457,0
DA:458,0
DA:459,0
DA:463,0
DA:468,0
DA:469,0
DA:470,0
DA:471,0
DA:472,0
DA:475,0
DA:476,0
DA:477,0
DA:480,0
DA:483,0
DA:489,0
DA:504,0
DA:510,0
DA:511,0
DA:512,0
DA:519,0
DA:520,0
DA:521,0
DA:524,0
DA:525,0
DA:526,0
DA:527,0
DA:528,0
DA:532,0
DA:533,0
DA:534,0
DA:535,0
DA:536,0
DA:540,0
DA:546,0
DA:561,0
DA:567,0
DA:568,0
DA:569,0
DA:576,0
DA:577,0
DA:578,0
DA:581,0
DA:582,0
DA:583,0
DA:584,0
DA:585,0
DA:589,0
DA:594,0
DA:599,0
DA:600,0
DA:602,0
DA:603,0
DA:604,0
DA:605,0
DA:606,0
DA:610,0
DA:616,0
DA:631,0
DA:636,0
DA:637,0
DA:638,0
DA:645,0
DA:646,0
DA:647,0
DA:650,0
DA:651,0
DA:652,0
DA:654,0
DA:655,0
DA:656,0
DA:659,0
DA:662,0
DA:663,0
DA:664,0
DA:668,0
DA:671,0
DA:683,0
DA:686,0
DA:700,0
DA:702,0
DA:704,0
DA:706,0
DA:711,0
DA:712,0
DA:713,0
LF:196
LH:0
BRDA:16,0,0,0
BRDA:16,1,0,0
BRDA:23,2,0,0
BRDA:23,2,1,0
BRDA:28,3,0,0
BRDA:28,3,1,0
BRDA:33,4,0,0
BRDA:33,4,1,0
BRDA:45,5,0,0
BRDA:45,5,1,0
BRDA:87,6,0,0
BRDA:87,6,1,0
BRDA:88,7,0,0
BRDA:88,7,1,0
BRDA:90,8,0,0
BRDA:90,8,1,0
BRDA:167,9,0,0
BRDA:167,9,1,0
BRDA:205,10,0,0
BRDA:205,10,1,0
BRDA:207,11,0,0
BRDA:207,11,1,0
BRDA:208,12,0,0
BRDA:208,12,1,0
BRDA:209,13,0,0
BRDA:209,13,1,0
BRDA:210,14,0,0
BRDA:210,14,1,0
BRDA:211,15,0,0
BRDA:211,15,1,0
BRDA:213,16,0,0
BRDA:213,16,1,0
BRDA:214,17,0,0
BRDA:214,17,1,0
BRDA:215,18,0,0
BRDA:215,18,1,0
BRDA:271,19,0,0
BRDA:271,19,1,0
BRDA:271,20,0,0
BRDA:271,20,1,0
BRDA:278,21,0,0
BRDA:278,21,1,0
BRDA:278,22,0,0
BRDA:278,22,1,0
BRDA:296,23,0,0
BRDA:296,23,1,0
BRDA:298,24,0,0
BRDA:298,24,1,0
BRDA:299,25,0,0
BRDA:299,25,1,0
BRDA:300,26,0,0
BRDA:300,26,1,0
BRDA:301,27,0,0
BRDA:301,27,1,0
BRDA:302,28,0,0
BRDA:302,28,1,0
BRDA:303,29,0,0
BRDA:303,29,1,0
BRDA:304,30,0,0
BRDA:304,30,1,0
BRDA:305,31,0,0
BRDA:305,31,1,0
BRDA:358,32,0,0
BRDA:358,32,1,0
BRDA:358,33,0,0
BRDA:358,33,1,0
BRDA:365,34,0,0
BRDA:365,34,1,0
BRDA:365,35,0,0
BRDA:365,35,1,0
BRDA:378,36,0,0
BRDA:378,36,1,0
BRDA:405,37,0,0
BRDA:405,37,1,0
BRDA:407,38,0,0
BRDA:407,38,1,0
BRDA:408,39,0,0
BRDA:408,39,1,0
BRDA:409,40,0,0
BRDA:409,40,1,0
BRDA:410,41,0,0
BRDA:410,41,1,0
BRDA:411,42,0,0
BRDA:411,42,1,0
BRDA:412,43,0,0
BRDA:412,43,1,0
BRDA:413,44,0,0
BRDA:413,44,1,0
BRDA:414,45,0,0
BRDA:414,45,1,0
BRDA:455,46,0,0
BRDA:455,46,1,0
BRDA:455,47,0,0
BRDA:455,47,1,0
BRDA:468,48,0,0
BRDA:468,48,1,0
BRDA:475,49,0,0
BRDA:475,49,1,0
BRDA:524,50,0,0
BRDA:524,50,1,0
BRDA:524,51,0,0
BRDA:524,51,1,0
BRDA:532,52,0,0
BRDA:532,52,1,0
BRDA:581,53,0,0
BRDA:581,53,1,0
BRDA:602,54,0,0
BRDA:602,54,1,0
BRDA:602,55,0,0
BRDA:602,55,1,0
BRDA:654,56,0,0
BRDA:654,56,1,0
BRDA:662,57,0,0
BRDA:662,57,1,0
BRDA:668,58,0,0
BRDA:668,58,1,0
BRDA:700,59,0,0
BRDA:700,59,1,0
BRDA:702,60,0,0
BRDA:702,60,1,0
BRDA:706,61,0,0
BRDA:706,61,1,0
BRF:122
BRH:0
end_of_record
TN:
SF:controllers\dashboard.controller.js
FN:14,(anonymous_0)
FN:67,(anonymous_1)
FN:69,(anonymous_2)
FN:164,getChartData
FN:168,(anonymous_4)
FN:189,(anonymous_5)
FN:190,(anonymous_6)
FN:196,(anonymous_7)
FN:234,(anonymous_8)
FN:235,(anonymous_9)
FN:252,calculateDateRange
FN:288,getRecentRequests
FN:290,(anonymous_12)
FN:302,(anonymous_13)
FN:359,getUpcomingAppointments
FN:361,(anonymous_15)
FN:381,(anonymous_16)
FN:402,(anonymous_17)
FN:414,(anonymous_18)
FN:516,(anonymous_19)
FN:565,(anonymous_20)
FN:633,(anonymous_21)
FNF:22
FNH:0
FNDA:0,(anonymous_0)
FNDA:0,(anonymous_1)
FNDA:0,(anonymous_2)
FNDA:0,getChartData
FNDA:0,(anonymous_4)
FNDA:0,(anonymous_5)
FNDA:0,(anonymous_6)
FNDA:0,(anonymous_7)
FNDA:0,(anonymous_8)
FNDA:0,(anonymous_9)
FNDA:0,calculateDateRange
FNDA:0,getRecentRequests
FNDA:0,(anonymous_12)
FNDA:0,(anonymous_13)
FNDA:0,getUpcomingAppointments
FNDA:0,(anonymous_15)
FNDA:0,(anonymous_16)
FNDA:0,(anonymous_17)
FNDA:0,(anonymous_18)
FNDA:0,(anonymous_19)
FNDA:0,(anonymous_20)
FNDA:0,(anonymous_21)
DA:5,0
DA:6,0
DA:7,0
DA:8,0
DA:9,0
DA:14,0
DA:15,0
DA:17,0
DA:20,0
DA:21,0
DA:24,0
DA:36,0
DA:37,0
DA:38,0
DA:39,0
DA:42,0
DA:49,0
DA:59,0
DA:60,0
DA:67,0
DA:68,0
DA:69,0
DA:71,0
DA:75,0
DA:80,0
DA:87,0
DA:92,0
DA:97,0
DA:104,0
DA:108,0
DA:114,0
DA:119,0
DA:126,0
DA:127,0
DA:128,0
DA:129,0
DA:132,0
DA:133,0
DA:134,0
DA:135,0
DA:138,0
DA:139,0
DA:140,0
DA:143,0
DA:144,0
DA:145,0
DA:148,0
DA:156,0
DA:157,0
DA:165,0
DA:167,0
DA:168,0
DA:170,0
DA:173,0
DA:188,0
DA:189,0
DA:190,0
DA:195,0
DA:196,0
DA:199,0
DA:201,0
DA:202,0
DA:204,0
DA:205,0
DA:207,0
DA:208,0
DA:211,0
DA:215,0
DA:233,0
DA:234,0
DA:235,0
DA:239,0
DA:244,0
DA:245,0
DA:253,0
DA:256,0
DA:258,0
DA:259,0
DA:260,0
DA:261,0
DA:262,0
DA:264,0
DA:265,0
DA:266,0
DA:267,0
DA:268,0
DA:270,0
DA:271,0
DA:272,0
DA:273,0
DA:276,0
DA:277,0
DA:278,0
DA:279,0
DA:282,0
DA:289,0
DA:290,0
DA:291,0
DA:302,0
DA:305,0
DA:307,0
DA:308,0
DA:309,0
DA:311,0
DA:312,0
DA:313,0
DA:315,0
DA:316,0
DA:317,0
DA:319,0
DA:320,0
DA:325,0
DA:327,0
DA:328,0
DA:330,0
DA:331,0
DA:333,0
DA:334,0
DA:336,0
DA:339,0
DA:351,0
DA:352,0
DA:360,0
DA:361,0
DA:362,0
DA:381,0
DA:382,0
DA:383,0
DA:384,0
DA:385,0
DA:386,0
DA:388,0
DA:390,0
DA:399,0
DA:400,0
DA:402,0
DA:405,0
DA:406,0
DA:414,0
DA:415,0
DA:417,0
DA:418,0
DA:427,0
DA:428,0
DA:436,0
DA:437,0
DA:445,0
DA:447,0
DA:450,0
DA:451,0
DA:457,0
DA:459,0
DA:462,0
DA:463,0
DA:469,0
DA:471,0
DA:474,0
DA:475,0
DA:482,0
DA:484,0
DA:487,0
DA:488,0
DA:494,0
DA:496,0
DA:499,0
DA:501,0
DA:502,0
DA:516,0
DA:517,0
DA:518,0
DA:519,0
DA:527,0
DA:556,0
DA:557,0
DA:565,0
DA:568,0
DA:570,0
DA:571,0
DA:572,0
DA:574,0
DA:575,0
DA:576,0
DA:578,0
DA:579,0
DA:580,0
DA:582,0
DA:583,0
DA:588,0
DA:590,0
DA:591,0
DA:593,0
DA:594,0
DA:596,0
DA:597,0
DA:599,0
DA:602,0
DA:615,0
DA:621,0
DA:622,0
DA:633,0
DA:634,0
DA:637,0
DA:639,0
DA:645,0
DA:647,0
DA:654,0
DA:658,0
DA:660,0
DA:666,0
DA:667,0
LF:210
LH:0
BRDA:20,0,0,0
BRDA:20,0,1,0
BRDA:21,1,0,0
BRDA:21,1,1,0
BRDA:126,2,0,0
BRDA:126,2,1,0
BRDA:127,3,0,0
BRDA:127,3,1,0
BRDA:128,4,0,0
BRDA:128,4,1,0
BRDA:129,5,0,0
BRDA:129,5,1,0
BRDA:132,6,0,0
BRDA:132,6,1,0
BRDA:133,7,0,0
BRDA:133,7,1,0
BRDA:134,8,0,0
BRDA:134,8,1,0
BRDA:135,9,0,0
BRDA:135,9,1,0
BRDA:138,10,0,0
BRDA:138,10,1,0
BRDA:139,11,0,0
BRDA:139,11,1,0
BRDA:140,12,0,0
BRDA:140,12,1,0
BRDA:143,13,0,0
BRDA:143,13,1,0
BRDA:144,14,0,0
BRDA:144,14,1,0
BRDA:145,15,0,0
BRDA:145,15,1,0
BRDA:199,16,0,0
BRDA:199,16,1,0
BRDA:199,16,2,0
BRDA:199,16,3,0
BRDA:199,16,4,0
BRDA:256,17,0,0
BRDA:256,17,1,0
BRDA:256,17,2,0
BRDA:256,17,3,0
BRDA:256,17,4,0
BRDA:305,18,0,0
BRDA:305,18,1,0
BRDA:305,18,2,0
BRDA:305,18,3,0
BRDA:325,19,0,0
BRDA:325,19,1,0
BRDA:325,19,2,0
BRDA:325,19,3,0
BRDA:384,20,0,0
BRDA:384,20,1,0
BRDA:393,21,0,0
BRDA:393,21,1,0
BRDA:417,22,0,0
BRDA:417,22,1,0
BRDA:417,23,0,0
BRDA:417,23,1,0
BRDA:518,24,0,0
BRDA:518,24,1,0
BRDA:556,25,0,0
BRDA:556,25,1,0
BRDA:568,26,0,0
BRDA:568,26,1,0
BRDA:568,26,2,0
BRDA:568,26,3,0
BRDA:588,27,0,0
BRDA:588,27,1,0
BRDA:588,27,2,0
BRDA:588,27,3,0
BRDA:617,28,0,0
BRDA:617,28,1,0
BRDA:618,29,0,0
BRDA:618,29,1,0
BRDA:637,30,0,0
BRDA:637,30,1,0
BRDA:645,31,0,0
BRDA:645,31,1,0
BRDA:663,32,0,0
BRDA:663,32,1,0
BRF:80
BRH:0
end_of_record
TN:
SF:controllers\profile.controller.js
FN:13,(anonymous_0)
FN:54,(anonymous_1)
FN:73,(anonymous_2)
FN:123,(anonymous_3)
FN:180,(anonymous_4)
FN:209,(anonymous_5)
FNF:6
FNH:0
FNDA:0,(anonymous_0)
FNDA:0,(anonymous_1)
FNDA:0,(anonymous_2)
FNDA:0,(anonymous_3)
FNDA:0,(anonymous_4)
FNDA:0,(anonymous_5)
DA:5,0
DA:6,0
DA:7,0
DA:8,0
DA:13,0
DA:14,0
DA:16,0
DA:21,0
DA:22,0
DA:23,0
DA:24,0
DA:28,0
DA:34,0
DA:39,0
DA:45,0
DA:46,0
DA:47,0
DA:54,0
DA:55,0
DA:56,0
DA:61,0
DA:66,0
DA:73,0
DA:74,0
DA:76,0
DA:84,0
DA:86,0
DA:87,0
DA:88,0
DA:89,0
DA:90,0
DA:93,0
DA:96,0
DA:101,0
DA:102,0
DA:103,0
DA:104,0
DA:108,0
DA:113,0
DA:114,0
DA:116,0
DA:123,0
DA:124,0
DA:126,0
DA:133,0
DA:135,0
DA:136,0
DA:137,0
DA:138,0
DA:141,0
DA:144,0
DA:145,0
DA:146,0
DA:150,0
DA:155,0
DA:156,0
DA:158,0
DA:159,0
DA:160,0
DA:164,0
DA:165,0
DA:170,0
DA:171,0
DA:173,0
DA:180,0
DA:181,0
DA:182,0
DA:183,0
DA:190,0
DA:195,0
DA:200,0
DA:201,0
DA:202,0
DA:209,0
DA:210,0
DA:211,0
DA:214,0
DA:220,0
DA:222,0
DA:228,0
DA:234,0
DA:239,0
DA:240,0
DA:241,0
LF:84
LH:0
BRDA:21,0,0,0
BRDA:21,0,1,0
BRDA:41,1,0,0
BRDA:41,1,1,0
BRDA:86,2,0,0
BRDA:86,2,1,0
BRDA:101,3,0,0
BRDA:101,3,1,0
BRDA:135,4,0,0
BRDA:135,4,1,0
BRDA:144,5,0,0
BRDA:144,5,1,0
BRDA:158,6,0,0
BRDA:158,6,1,0
BRDA:182,7,0,0
BRDA:182,7,1,0
BRDA:220,8,0,0
BRDA:220,8,1,0
BRF:18
BRH:0
end_of_record
TN:
SF:controllers\project.controller.js
FN:13,(anonymous_0)
FN:87,(anonymous_1)
FN:132,(anonymous_2)
FN:196,(anonymous_3)
FN:209,(anonymous_4)
FN:239,(anonymous_5)
FN:346,(anonymous_6)
FN:446,(anonymous_7)
FN:520,(anonymous_8)
FN:590,(anonymous_9)
FN:645,(anonymous_10)
FN:647,(anonymous_11)
FN:649,(anonymous_12)
FN:651,(anonymous_13)
FNF:14
FNH:0
FNDA:0,(anonymous_0)
FNDA:0,(anonymous_1)
FNDA:0,(anonymous_2)
FNDA:0,(anonymous_3)
FNDA:0,(anonymous_4)
FNDA:0,(anonymous_5)
FNDA:0,(anonymous_6)
FNDA:0,(anonymous_7)
FNDA:0,(anonymous_8)
FNDA:0,(anonymous_9)
FNDA:0,(anonymous_10)
FNDA:0,(anonymous_11)
FNDA:0,(anonymous_12)
FNDA:0,(anonymous_13)
DA:5,0
DA:6,0
DA:7,0
DA:8,0
DA:13,0
DA:14,0
DA:16,0
DA:19,0
DA:20,0
DA:21,0
DA:23,0
DA:24,0
DA:25,0
DA:28,0
DA:29,0
DA:30,0
DA:33,0
DA:34,0
DA:35,0
DA:39,0
DA:40,0
DA:44,0
DA:47,0
DA:50,0
DA:70,0
DA:73,0
DA:81,0
DA:87,0
DA:88,0
DA:89,0
DA:104,0
DA:105,0
DA:108,0
DA:123,0
DA:124,0
DA:125,0
DA:132,0
DA:133,0
DA:134,0
DA:137,0
DA:151,0
DA:152,0
DA:153,0
DA:154,0
DA:157,0
DA:158,0
DA:161,0
DA:172,0
DA:182,0
DA:197,0
DA:201,0
DA:209,0
DA:218,0
DA:219,0
DA:223,0
DA:224,0
DA:228,0
DA:230,0
DA:231,0
DA:232,0
DA:239,0
DA:240,0
DA:250,0
DA:253,0
DA:254,0
DA:255,0
DA:256,0
DA:257,0
DA:260,0
DA:261,0
DA:262,0
DA:263,0
DA:264,0
DA:268,0
DA:295,0
DA:298,0
DA:314,0
DA:315,0
DA:331,0
DA:337,0
DA:338,0
DA:339,0
DA:346,0
DA:347,0
DA:348,0
DA:358,0
DA:361,0
DA:362,0
DA:363,0
DA:364,0
DA:365,0
DA:368,0
DA:369,0
DA:370,0
DA:371,0
DA:372,0
DA:376,0
DA:381,0
DA:382,0
DA:383,0
DA:384,0
DA:388,0
DA:416,0
DA:431,0
DA:437,0
DA:438,0
DA:439,0
DA:446,0
DA:447,0
DA:448,0
DA:451,0
DA:452,0
DA:453,0
DA:454,0
DA:455,0
DA:459,0
DA:460,0
DA:461,0
DA:462,0
DA:463,0
DA:467,0
DA:473,0
DA:474,0
DA:490,0
DA:505,0
DA:511,0
DA:512,0
DA:513,0
DA:520,0
DA:521,0
DA:522,0
DA:523,0
DA:525,0
DA:526,0
DA:527,0
DA:528,0
DA:529,0
DA:533,0
DA:538,0
DA:539,0
DA:540,0
DA:541,0
DA:545,0
DA:560,0
DA:575,0
DA:581,0
DA:582,0
DA:583,0
DA:590,0
DA:591,0
DA:592,0
DA:595,0
DA:596,0
DA:597,0
DA:599,0
DA:600,0
DA:601,0
DA:604,0
DA:605,0
DA:606,0
DA:610,0
DA:613,0
DA:635,0
DA:638,0
DA:645,0
DA:647,0
DA:649,0
DA:651,0
DA:659,0
DA:660,0
DA:661,0
LF:171
LH:0
BRDA:16,0,0,0
BRDA:16,1,0,0
BRDA:23,2,0,0
BRDA:23,2,1,0
BRDA:28,3,0,0
BRDA:28,3,1,0
BRDA:33,4,0,0
BRDA:33,4,1,0
BRDA:44,5,0,0
BRDA:44,5,1,0
BRDA:93,6,0,0
BRDA:93,6,1,0
BRDA:94,7,0,0
BRDA:94,7,1,0
BRDA:96,8,0,0
BRDA:96,8,1,0
BRDA:100,9,0,0
BRDA:100,9,1,0
BRDA:151,10,0,0
BRDA:151,10,1,0
BRDA:187,11,0,0
BRDA:187,11,1,0
BRDA:189,12,0,0
BRDA:189,12,1,0
BRDA:190,13,0,0
BRDA:190,13,1,0
BRDA:191,14,0,0
BRDA:191,14,1,0
BRDA:197,15,0,0
BRDA:197,15,1,0
BRDA:198,16,0,0
BRDA:198,16,1,0
BRDA:199,17,0,0
BRDA:199,17,1,0
BRDA:218,18,0,0
BRDA:218,18,1,0
BRDA:218,19,0,0
BRDA:218,19,1,0
BRDA:218,19,2,0
BRDA:223,20,0,0
BRDA:223,20,1,0
BRDA:253,21,0,0
BRDA:253,21,1,0
BRDA:253,22,0,0
BRDA:253,22,1,0
BRDA:260,23,0,0
BRDA:260,23,1,0
BRDA:260,24,0,0
BRDA:260,24,1,0
BRDA:284,25,0,0
BRDA:284,25,1,0
BRDA:285,26,0,0
BRDA:285,26,1,0
BRDA:287,27,0,0
BRDA:287,27,1,0
BRDA:288,28,0,0
BRDA:288,28,1,0
BRDA:289,29,0,0
BRDA:289,29,1,0
BRDA:290,30,0,0
BRDA:290,30,1,0
BRDA:314,31,0,0
BRDA:314,31,1,0
BRDA:361,32,0,0
BRDA:361,32,1,0
BRDA:361,33,0,0
BRDA:361,33,1,0
BRDA:368,34,0,0
BRDA:368,34,1,0
BRDA:368,35,0,0
BRDA:368,35,1,0
BRDA:381,36,0,0
BRDA:381,36,1,0
BRDA:404,37,0,0
BRDA:404,37,1,0
BRDA:405,38,0,0
BRDA:405,38,1,0
BRDA:407,39,0,0
BRDA:407,39,1,0
BRDA:408,40,0,0
BRDA:408,40,1,0
BRDA:409,41,0,0
BRDA:409,41,1,0
BRDA:410,42,0,0
BRDA:410,42,1,0
BRDA:451,43,0,0
BRDA:451,43,1,0
BRDA:451,44,0,0
BRDA:451,44,1,0
BRDA:459,45,0,0
BRDA:459,45,1,0
BRDA:473,46,0,0
BRDA:473,46,1,0
BRDA:473,47,0,0
BRDA:473,47,1,0
BRDA:525,48,0,0
BRDA:525,48,1,0
BRDA:525,49,0,0
BRDA:525,49,1,0
BRDA:538,50,0,0
BRDA:538,50,1,0
BRDA:599,51,0,0
BRDA:599,51,1,0
BRDA:604,52,0,0
BRDA:604,52,1,0
BRDA:610,53,0,0
BRDA:610,53,1,0
BRDA:647,54,0,0
BRDA:647,54,1,0
BRDA:649,55,0,0
BRDA:649,55,1,0
BRF:111
BRH:0
end_of_record
TN:
SF:controllers\request.controller.js
FN:13,(anonymous_0)
FN:107,(anonymous_1)
FN:151,(anonymous_2)
FN:191,(anonymous_3)
FN:210,(anonymous_4)
FN:284,(anonymous_5)
FN:353,(anonymous_6)
FN:373,(anonymous_7)
FN:417,(anonymous_8)
FN:422,(anonymous_9)
FN:424,(anonymous_10)
FNF:11
FNH:7
FNDA:2,(anonymous_0)
FNDA:2,(anonymous_1)
FNDA:2,(anonymous_2)
FNDA:1,(anonymous_3)
FNDA:3,(anonymous_4)
FNDA:3,(anonymous_5)
FNDA:1,(anonymous_6)
FNDA:0,(anonymous_7)
FNDA:0,(anonymous_8)
FNDA:0,(anonymous_9)
FNDA:0,(anonymous_10)
DA:5,1
DA:6,1
DA:7,1
DA:8,1
DA:13,1
DA:14,2
DA:16,2
DA:19,2
DA:20,2
DA:21,2
DA:23,2
DA:24,1
DA:25,1
DA:28,2
DA:29,1
DA:30,1
DA:33,2
DA:34,1
DA:35,1
DA:38,2
DA:39,1
DA:40,1
DA:44,1
DA:45,1
DA:49,2
DA:52,2
DA:55,2
DA:71,2
DA:74,2
DA:80,2
DA:81,2
DA:83,2
DA:84,1
DA:87,2
DA:88,1
DA:91,2
DA:92,1
DA:95,2
DA:96,1
DA:97,1
DA:101,2
DA:107,1
DA:108,2
DA:109,2
DA:122,1
DA:123,1
DA:126,1
DA:142,1
DA:143,1
DA:144,1
DA:151,1
DA:152,2
DA:153,2
DA:156,2
DA:161,2
DA:162,1
DA:163,1
DA:164,1
DA:167,1
DA:168,1
DA:171,1
DA:177,1
DA:191,1
DA:199,1
DA:201,1
DA:202,1
DA:203,1
DA:210,1
DA:211,3
DA:212,3
DA:215,3
DA:216,1
DA:217,1
DA:218,1
DA:219,1
DA:223,2
DA:224,1
DA:225,1
DA:226,1
DA:227,1
DA:231,1
DA:237,1
DA:238,1
DA:254,1
DA:269,1
DA:275,0
DA:276,0
DA:277,0
DA:284,1
DA:285,3
DA:286,3
DA:287,3
DA:289,3
DA:290,1
DA:291,1
DA:292,1
DA:296,2
DA:301,2
DA:302,1
DA:303,1
DA:304,1
DA:308,1
DA:323,1
DA:338,1
DA:344,2
DA:345,2
DA:346,2
DA:353,1
DA:354,1
DA:355,1
DA:358,1
DA:359,1
DA:360,1
DA:362,1
DA:363,1
DA:364,1
DA:367,1
DA:368,1
DA:369,1
DA:372,1
DA:373,0
DA:374,0
DA:375,0
DA:376,1
DA:377,1
DA:378,1
DA:382,1
DA:385,1
DA:405,1
DA:408,1
DA:417,0
DA:422,0
DA:424,0
DA:429,0
DA:430,0
DA:431,0
LF:136
LH:124
BRDA:16,0,0,1
BRDA:16,1,0,1
BRDA:23,2,0,1
BRDA:23,2,1,1
BRDA:28,3,0,1
BRDA:28,3,1,1
BRDA:33,4,0,1
BRDA:33,4,1,1
BRDA:38,5,0,1
BRDA:38,5,1,1
BRDA:49,6,0,1
BRDA:49,6,1,1
BRDA:83,7,0,1
BRDA:83,7,1,1
BRDA:87,8,0,1
BRDA:87,8,1,1
BRDA:91,9,0,1
BRDA:91,9,1,1
BRDA:95,10,0,1
BRDA:95,10,1,1
BRDA:113,11,0,2
BRDA:113,11,1,0
BRDA:114,12,0,0
BRDA:114,12,1,0
BRDA:115,13,0,0
BRDA:115,13,1,0
BRDA:161,14,0,1
BRDA:161,14,1,1
BRDA:182,15,0,1
BRDA:182,15,1,0
BRDA:183,16,0,1
BRDA:183,16,1,0
BRDA:184,17,0,0
BRDA:184,17,1,0
BRDA:185,18,0,0
BRDA:185,18,1,0
BRDA:215,19,0,1
BRDA:215,19,1,2
BRDA:215,20,0,3
BRDA:215,20,1,3
BRDA:223,21,0,1
BRDA:223,21,1,1
BRDA:237,22,0,1
BRDA:237,22,1,0
BRDA:237,23,0,1
BRDA:237,23,1,1
BRDA:289,24,0,1
BRDA:289,24,1,2
BRDA:289,25,0,3
BRDA:289,25,1,2
BRDA:301,26,0,1
BRDA:301,26,1,1
BRDA:362,27,0,1
BRDA:362,27,1,0
BRDA:367,28,0,1
BRDA:367,28,1,0
BRDA:372,29,0,0
BRDA:372,29,1,1
BRDA:372,30,0,1
BRDA:372,30,1,1
BRDA:376,31,0,1
BRDA:376,31,1,0
BRDA:382,32,0,1
BRDA:382,32,1,0
BRDA:417,33,0,0
BRDA:417,33,1,0
BRDA:418,34,0,0
BRDA:418,34,1,0
BRDA:419,35,0,0
BRDA:419,35,1,0
BRF:70
BRH:47
end_of_record
TN:
SF:controllers\service.controller.js
FN:12,(anonymous_0)
FN:79,(anonymous_1)
FN:118,(anonymous_2)
FN:174,(anonymous_3)
FN:264,(anonymous_4)
FN:371,(anonymous_5)
FN:439,(anonymous_6)
FN:517,(anonymous_7)
FN:521,(anonymous_8)
FN:538,(anonymous_9)
FN:586,(anonymous_10)
FN:589,(anonymous_11)
FN:591,(anonymous_12)
FN:593,(anonymous_13)
FNF:14
FNH:9
FNDA:2,(anonymous_0)
FNDA:2,(anonymous_1)
FNDA:2,(anonymous_2)
FNDA:3,(anonymous_3)
FNDA:2,(anonymous_4)
FNDA:0,(anonymous_5)
FNDA:1,(anonymous_6)
FNDA:2,(anonymous_7)
FNDA:2,(anonymous_8)
FNDA:1,(anonymous_9)
FNDA:0,(anonymous_10)
FNDA:0,(anonymous_11)
FNDA:0,(anonymous_12)
FNDA:0,(anonymous_13)
DA:5,1
DA:6,1
DA:7,1
DA:12,1
DA:13,2
DA:15,2
DA:18,2
DA:19,2
DA:20,2
DA:22,2
DA:23,1
DA:24,1
DA:25,0
DA:28,2
DA:29,1
DA:30,1
DA:34,1
DA:35,1
DA:39,2
DA:42,2
DA:45,2
DA:63,2
DA:66,2
DA:73,2
DA:79,2
DA:91,1
DA:92,1
DA:95,1
DA:109,1
DA:110,1
DA:111,1
DA:118,1
DA:119,2
DA:120,2
DA:123,2
DA:141,2
DA:142,1
DA:143,1
DA:144,1
DA:145,1
DA:148,1
DA:151,1
DA:165,1
DA:166,1
DA:167,1
DA:174,1
DA:175,3
DA:183,3
DA:186,3
DA:187,1
DA:188,1
DA:189,1
DA:190,1
DA:193,2
DA:194,1
DA:195,1
DA:196,1
DA:197,1
DA:200,1
DA:201,0
DA:202,0
DA:203,0
DA:204,0
DA:208,1
DA:230,1
DA:249,1
DA:255,0
DA:256,0
DA:257,0
DA:264,1
DA:265,2
DA:266,2
DA:274,2
DA:277,2
DA:278,0
DA:279,0
DA:280,0
DA:281,0
DA:284,2
DA:285,0
DA:286,0
DA:287,0
DA:288,0
DA:291,2
DA:292,0
DA:293,0
DA:294,0
DA:295,0
DA:299,2
DA:304,2
DA:305,1
DA:306,1
DA:307,1
DA:308,1
DA:312,1
DA:337,1
DA:356,1
DA:362,0
DA:363,0
DA:364,0
DA:371,1
DA:372,0
DA:373,0
DA:374,0
DA:377,0
DA:382,0
DA:383,0
DA:384,0
DA:385,0
DA:386,0
DA:390,0
DA:405,0
DA:424,0
DA:430,0
DA:431,0
DA:432,0
DA:439,1
DA:440,1
DA:441,1
DA:444,1
DA:449,1
DA:450,0
DA:451,0
DA:452,0
DA:453,0
DA:457,1
DA:472,1
DA:491,1
DA:512,1
DA:517,2
DA:521,2
DA:529,0
DA:530,0
DA:531,0
DA:538,1
DA:539,1
DA:540,1
DA:543,1
DA:544,1
DA:546,1
DA:547,1
DA:548,0
DA:549,0
DA:553,1
DA:556,1
DA:575,1
DA:578,1
DA:586,0
DA:589,0
DA:591,0
DA:593,0
DA:598,0
DA:599,0
DA:600,0
LF:154
LH:100
BRDA:15,0,0,1
BRDA:15,1,0,1
BRDA:22,2,0,1
BRDA:22,2,1,1
BRDA:24,3,0,0
BRDA:24,3,1,1
BRDA:28,4,0,1
BRDA:28,4,1,1
BRDA:39,5,0,1
BRDA:39,5,1,1
BRDA:141,6,0,1
BRDA:141,6,1,1
BRDA:155,7,0,1
BRDA:155,7,1,0
BRDA:186,8,0,1
BRDA:186,8,1,2
BRDA:186,9,0,3
BRDA:186,9,1,2
BRDA:186,9,2,2
BRDA:193,10,0,1
BRDA:193,10,1,1
BRDA:200,11,0,0
BRDA:200,11,1,1
BRDA:200,12,0,1
BRDA:200,12,1,1
BRDA:221,13,0,1
BRDA:221,13,1,0
BRDA:224,14,0,1
BRDA:224,14,1,0
BRDA:225,15,0,1
BRDA:225,15,1,0
BRDA:277,16,0,0
BRDA:277,16,1,2
BRDA:277,17,0,2
BRDA:277,17,1,2
BRDA:277,17,2,2
BRDA:284,18,0,0
BRDA:284,18,1,2
BRDA:291,19,0,0
BRDA:291,19,1,2
BRDA:291,20,0,2
BRDA:291,20,1,1
BRDA:304,21,0,1
BRDA:304,21,1,1
BRDA:327,22,0,1
BRDA:327,22,1,0
BRDA:330,23,0,1
BRDA:330,23,1,0
BRDA:331,24,0,1
BRDA:331,24,1,0
BRDA:382,25,0,0
BRDA:382,25,1,0
BRDA:399,26,0,0
BRDA:399,26,1,0
BRDA:420,27,0,0
BRDA:420,27,1,0
BRDA:427,28,0,0
BRDA:427,28,1,0
BRDA:449,29,0,0
BRDA:449,29,1,1
BRDA:515,30,0,1
BRDA:515,30,1,0
BRDA:516,31,0,1
BRDA:516,31,1,0
BRDA:546,32,0,1
BRDA:546,32,1,0
BRDA:548,33,0,0
BRDA:548,33,1,0
BRDA:553,34,0,1
BRDA:553,34,1,0
BRDA:591,35,0,0
BRDA:591,35,1,0
BRF:72
BRH:43
end_of_record
TN:
SF:controllers\settings.controller.js
FN:14,(anonymous_0)
FN:34,(anonymous_1)
FN:76,(anonymous_2)
FN:83,(anonymous_3)
FN:102,(anonymous_4)
FN:126,(anonymous_5)
FN:147,(anonymous_6)
FN:161,(anonymous_7)
FN:193,(anonymous_8)
FNF:9
FNH:5
FNDA:3,(anonymous_0)
FNDA:4,(anonymous_1)
FNDA:2,(anonymous_2)
FNDA:0,(anonymous_3)
FNDA:3,(anonymous_4)
FNDA:3,(anonymous_5)
FNDA:0,(anonymous_6)
FNDA:0,(anonymous_7)
FNDA:0,(anonymous_8)
DA:5,2
DA:6,2
DA:7,2
DA:8,2
DA:14,2
DA:15,3
DA:21,3
DA:34,2
DA:35,4
DA:42,4
DA:43,4
DA:44,4
DA:47,0
DA:50,0
DA:55,0
DA:56,0
DA:64,0
DA:76,2
DA:77,2
DA:82,2
DA:83,2
DA:84,0
DA:85,0
DA:87,0
DA:95,0
DA:102,2
DA:103,3
DA:109,3
DA:110,3
DA:111,0
DA:115,3
DA:116,9
DA:126,2
DA:127,3
DA:131,3
DA:136,3
DA:145,0
DA:147,0
DA:161,2
DA:162,0
DA:169,0
DA:170,0
DA:171,0
DA:174,0
DA:177,0
DA:182,0
DA:193,2
DA:194,0
DA:197,0
DA:207,0
LF:50
LH:28
BRDA:21,0,0,3
BRDA:21,0,1,0
BRDA:43,1,0,4
BRDA:43,1,1,0
BRDA:55,2,0,0
BRDA:55,2,1,0
BRDA:84,3,0,0
BRDA:84,3,1,0
BRDA:110,4,0,0
BRDA:110,4,1,3
BRDA:136,5,0,3
BRDA:136,5,1,0
BRDA:170,6,0,0
BRDA:170,6,1,0
BRF:14
BRH:4
end_of_record
TN:
SF:middleware\auth.js
FN:6,(anonymous_0)
FN:25,(anonymous_1)
FN:43,(anonymous_2)
FN:61,(anonymous_3)
FN:80,(anonymous_4)
FN:90,(anonymous_5)
FN:118,(anonymous_6)
FNF:7
FNH:0
FNDA:0,(anonymous_0)
FNDA:0,(anonymous_1)
FNDA:0,(anonymous_2)
FNDA:0,(anonymous_3)
FNDA:0,(anonymous_4)
FNDA:0,(anonymous_5)
FNDA:0,(anonymous_6)
DA:1,0
DA:6,0
DA:7,0
DA:8,0
DA:9,0
DA:16,0
DA:17,0
DA:19,0
DA:25,0
DA:26,0
DA:27,0
DA:28,0
DA:34,0
DA:35,0
DA:37,0
DA:43,0
DA:44,0
DA:45,0
DA:46,0
DA:52,0
DA:53,0
DA:55,0
DA:61,0
DA:62,0
DA:63,0
DA:64,0
DA:70,0
DA:71,0
DA:73,0
DA:80,0
DA:81,0
DA:82,0
DA:84,0
DA:90,0
DA:91,0
DA:92,0
DA:93,0
DA:98,0
DA:100,0
DA:104,0
DA:106,0
DA:109,0
DA:112,0
DA:118,0
DA:119,0
DA:121,0
DA:123,0
DA:124,0
DA:127,0
DA:129,0
DA:130,0
DA:131,0
DA:136,0
DA:138,0
LF:54
LH:0
BRDA:7,0,0,0
BRDA:7,0,1,0
BRDA:7,1,0,0
BRDA:7,1,1,0
BRDA:8,2,0,0
BRDA:8,2,1,0
BRDA:8,3,0,0
BRDA:8,3,1,0
BRDA:26,4,0,0
BRDA:26,4,1,0
BRDA:26,5,0,0
BRDA:26,5,1,0
BRDA:27,6,0,0
BRDA:27,6,1,0
BRDA:27,7,0,0
BRDA:27,7,1,0
BRDA:44,8,0,0
BRDA:44,8,1,0
BRDA:44,9,0,0
BRDA:44,9,1,0
BRDA:45,10,0,0
BRDA:45,10,1,0
BRDA:45,11,0,0
BRDA:45,11,1,0
BRDA:62,12,0,0
BRDA:62,12,1,0
BRDA:62,13,0,0
BRDA:62,13,1,0
BRDA:63,14,0,0
BRDA:63,14,1,0
BRDA:63,15,0,0
BRDA:63,15,1,0
BRDA:81,16,0,0
BRDA:81,16,1,0
BRDA:91,17,0,0
BRDA:91,17,1,0
BRDA:98,18,0,0
BRDA:98,18,1,0
BRDA:119,19,0,0
BRDA:119,19,1,0
BRDA:127,20,0,0
BRDA:127,20,1,0
BRDA:129,21,0,0
BRDA:129,21,1,0
BRDA:129,22,0,0
BRDA:129,22,1,0
BRDA:130,23,0,0
BRDA:130,23,1,0
BRDA:130,24,0,0
BRDA:130,24,1,0
BRF:50
BRH:0
end_of_record
TN:
SF:middleware\csrf.middleware.js
FNF:0
FNH:0
DA:1,1
DA:3,1
DA:10,1
LF:3
LH:3
BRF:0
BRH:0
end_of_record
TN:
SF:middleware\dashboard.middleware.js
FN:16,(anonymous_0)
FN:40,(anonymous_1)
FN:73,(anonymous_2)
FNF:3
FNH:0
FNDA:0,(anonymous_0)
FNDA:0,(anonymous_1)
FNDA:0,(anonymous_2)
DA:5,0
DA:6,0
DA:16,0
DA:17,0
DA:18,0
DA:23,0
DA:24,0
DA:26,0
DA:27,0
DA:28,0
DA:40,0
DA:41,0
DA:43,0
DA:44,0
DA:49,0
DA:50,0
DA:52,0
DA:53,0
DA:56,0
DA:58,0
DA:59,0
DA:60,0
DA:61,0
DA:73,0
DA:74,0
DA:76,0
DA:77,0
DA:95,0
DA:97,0
DA:98,0
DA:110,0
LF:31
LH:0
BRDA:23,0,0,0
BRDA:23,0,1,0
BRDA:43,1,0,0
BRDA:43,1,1,0
BRDA:43,2,0,0
BRDA:43,2,1,0
BRDA:76,3,0,0
BRDA:76,3,1,0
BRDA:76,4,0,0
BRDA:76,4,1,0
BRF:10
BRH:0
end_of_record
TN:
SF:middleware\error.middleware.js
FN:9,(anonymous_0)
FN:63,(anonymous_1)
FN:73,(anonymous_2)
FNF:3
FNH:0
FNDA:0,(anonymous_0)
FNDA:0,(anonymous_1)
FNDA:0,(anonymous_2)
DA:9,0
DA:11,0
DA:12,0
DA:15,0
DA:16,0
DA:17,0
DA:21,0
DA:22,0
DA:31,0
DA:32,0
DA:33,0
DA:37,0
DA:38,0
DA:48,0
DA:63,0
DA:64,0
DA:65,0
DA:66,0
DA:73,0
DA:74,0
DA:75,0
DA:79,0
DA:80,0
DA:88,0
DA:89,0
LF:25
LH:0
BRDA:11,0,0,0
BRDA:11,0,1,0
BRDA:12,1,0,0
BRDA:12,1,1,0
BRDA:16,2,0,0
BRDA:16,2,1,0
BRDA:21,3,0,0
BRDA:21,3,1,0
BRDA:21,4,0,0
BRDA:21,4,1,0
BRDA:21,4,2,0
BRDA:25,5,0,0
BRDA:25,5,1,0
BRDA:26,6,0,0
BRDA:26,6,1,0
BRDA:31,7,0,0
BRDA:31,7,1,0
BRDA:37,8,0,0
BRDA:37,8,1,0
BRDA:42,9,0,0
BRDA:42,9,1,0
BRDA:43,10,0,0
BRDA:43,10,1,0
BRDA:43,11,0,0
BRDA:43,11,1,0
BRDA:51,12,0,0
BRDA:51,12,1,0
BRDA:54,13,0,0
BRDA:54,13,1,0
BRDA:55,14,0,0
BRDA:55,14,1,0
BRDA:55,15,0,0
BRDA:55,15,1,0
BRDA:74,16,0,0
BRDA:74,16,1,0
BRDA:79,17,0,0
BRDA:79,17,1,0
BRDA:79,18,0,0
BRDA:79,18,1,0
BRDA:79,18,2,0
BRF:40
BRH:0
end_of_record
TN:
SF:middleware\validation.middleware.js
FN:9,(anonymous_0)
FN:71,(anonymous_1)
FN:121,(anonymous_2)
FN:177,(anonymous_3)
FN:222,(anonymous_4)
FN:253,(anonymous_5)
FN:289,(anonymous_6)
FNF:7
FNH:0
FNDA:0,(anonymous_0)
FNDA:0,(anonymous_1)
FNDA:0,(anonymous_2)
FNDA:0,(anonymous_3)
FNDA:0,(anonymous_4)
FNDA:0,(anonymous_5)
FNDA:0,(anonymous_6)
DA:4,1
DA:9,1
DA:10,0
DA:11,0
DA:12,0
DA:15,0
DA:16,0
DA:19,0
DA:20,0
DA:21,0
DA:22,0
DA:26,0
DA:27,0
DA:30,0
DA:31,0
DA:35,0
DA:36,0
DA:37,0
DA:38,0
DA:39,0
DA:43,0
DA:44,0
DA:46,0
DA:47,0
DA:50,0
DA:51,0
DA:54,0
DA:55,0
DA:58,0
DA:59,0
DA:62,0
DA:64,0
DA:71,1
DA:72,0
DA:73,0
DA:74,0
DA:77,0
DA:78,0
DA:81,0
DA:82,0
DA:83,0
DA:84,0
DA:88,0
DA:89,0
DA:90,0
DA:92,0
DA:93,0
DA:98,0
DA:99,0
DA:100,0
DA:101,0
DA:102,0
DA:106,0
DA:108,0
DA:109,0
DA:112,0
DA:114,0
DA:121,1
DA:122,0
DA:123,0
DA:124,0
DA:127,0
DA:128,0
DA:131,0
DA:132,0
DA:133,0
DA:134,0
DA:137,0
DA:138,0
DA:139,0
DA:140,0
DA:144,0
DA:145,0
DA:146,0
DA:150,0
DA:151,0
DA:152,0
DA:153,0
DA:154,0
DA:158,0
DA:160,0
DA:161,0
DA:164,0
DA:165,0
DA:168,0
DA:170,0
DA:177,1
DA:178,0
DA:179,0
DA:180,0
DA:183,0
DA:184,0
DA:187,0
DA:188,0
DA:189,0
DA:190,0
DA:193,0
DA:194,0
DA:198,0
DA:199,0
DA:200,0
DA:201,0
DA:202,0
DA:206,0
DA:207,0
DA:209,0
DA:210,0
DA:213,0
DA:215,0
DA:222,1
DA:223,0
DA:224,0
DA:225,0
DA:228,0
DA:229,0
DA:232,0
DA:233,0
DA:237,0
DA:238,0
DA:239,0
DA:240,0
DA:241,0
DA:244,0
DA:246,0
DA:253,1
DA:254,0
DA:255,0
DA:256,0
DA:259,0
DA:260,0
DA:261,0
DA:262,0
DA:265,0
DA:266,0
DA:270,0
DA:271,0
DA:272,0
DA:273,0
DA:274,0
DA:278,0
DA:280,0
DA:282,0
DA:289,1
DA:290,0
DA:291,0
DA:292,0
DA:295,0
DA:296,0
DA:297,0
DA:298,0
DA:301,0
DA:302,0
DA:303,0
DA:304,0
DA:307,0
DA:308,0
DA:312,0
DA:313,0
DA:314,0
DA:315,0
DA:316,0
DA:320,0
DA:321,0
DA:323,0
DA:325,0
LF:165
LH:8
BRDA:15,0,0,0
BRDA:15,0,1,0
BRDA:15,1,0,0
BRDA:15,1,1,0
BRDA:15,1,2,0
BRDA:19,2,0,0
BRDA:19,2,1,0
BRDA:19,3,0,0
BRDA:19,3,1,0
BRDA:19,3,2,0
BRDA:21,4,0,0
BRDA:21,4,1,0
BRDA:26,5,0,0
BRDA:26,5,1,0
BRDA:26,6,0,0
BRDA:26,6,1,0
BRDA:30,7,0,0
BRDA:30,7,1,0
BRDA:30,8,0,0
BRDA:30,8,1,0
BRDA:35,9,0,0
BRDA:35,9,1,0
BRDA:46,10,0,0
BRDA:46,10,1,0
BRDA:50,11,0,0
BRDA:50,11,1,0
BRDA:54,12,0,0
BRDA:54,12,1,0
BRDA:58,13,0,0
BRDA:58,13,1,0
BRDA:77,14,0,0
BRDA:77,14,1,0
BRDA:77,15,0,0
BRDA:77,15,1,0
BRDA:77,15,2,0
BRDA:81,16,0,0
BRDA:81,16,1,0
BRDA:83,17,0,0
BRDA:83,17,1,0
BRDA:88,18,0,0
BRDA:88,18,1,0
BRDA:88,19,0,0
BRDA:88,19,1,0
BRDA:92,20,0,0
BRDA:92,20,1,0
BRDA:98,21,0,0
BRDA:98,21,1,0
BRDA:108,22,0,0
BRDA:108,22,1,0
BRDA:127,23,0,0
BRDA:127,23,1,0
BRDA:127,24,0,0
BRDA:127,24,1,0
BRDA:127,24,2,0
BRDA:131,25,0,0
BRDA:131,25,1,0
BRDA:133,26,0,0
BRDA:133,26,1,0
BRDA:137,27,0,0
BRDA:137,27,1,0
BRDA:139,28,0,0
BRDA:139,28,1,0
BRDA:145,29,0,0
BRDA:145,29,1,0
BRDA:150,30,0,0
BRDA:150,30,1,0
BRDA:160,31,0,0
BRDA:160,31,1,0
BRDA:164,32,0,0
BRDA:164,32,1,0
BRDA:183,33,0,0
BRDA:183,33,1,0
BRDA:183,34,0,0
BRDA:183,34,1,0
BRDA:183,34,2,0
BRDA:187,35,0,0
BRDA:187,35,1,0
BRDA:189,36,0,0
BRDA:189,36,1,0
BRDA:189,37,0,0
BRDA:189,37,1,0
BRDA:193,38,0,0
BRDA:193,38,1,0
BRDA:193,39,0,0
BRDA:193,39,1,0
BRDA:193,39,2,0
BRDA:198,40,0,0
BRDA:198,40,1,0
BRDA:209,41,0,0
BRDA:209,41,1,0
BRDA:228,42,0,0
BRDA:228,42,1,0
BRDA:232,43,0,0
BRDA:232,43,1,0
BRDA:232,44,0,0
BRDA:232,44,1,0
BRDA:237,45,0,0
BRDA:237,45,1,0
BRDA:259,46,0,0
BRDA:259,46,1,0
BRDA:259,47,0,0
BRDA:259,47,1,0
BRDA:259,47,2,0
BRDA:261,48,0,0
BRDA:261,48,1,0
BRDA:265,49,0,0
BRDA:265,49,1,0
BRDA:265,50,0,0
BRDA:265,50,1,0
BRDA:265,50,2,0
BRDA:270,51,0,0
BRDA:270,51,1,0
BRDA:295,52,0,0
BRDA:295,52,1,0
BRDA:295,53,0,0
BRDA:295,53,1,0
BRDA:295,53,2,0
BRDA:297,54,0,0
BRDA:297,54,1,0
BRDA:301,55,0,0
BRDA:301,55,1,0
BRDA:301,56,0,0
BRDA:301,56,1,0
BRDA:301,56,2,0
BRDA:303,57,0,0
BRDA:303,57,1,0
BRDA:307,58,0,0
BRDA:307,58,1,0
BRDA:307,59,0,0
BRDA:307,59,1,0
BRDA:307,59,2,0
BRDA:312,60,0,0
BRDA:312,60,1,0
BRF:133
BRH:0
end_of_record
TN:
SF:routes\appointment.routes.js
FN:18,(anonymous_0)
FN:60,(anonymous_1)
FN:114,(anonymous_2)
FN:139,(anonymous_3)
FN:164,(anonymous_4)
FN:193,(anonymous_5)
FN:233,(anonymous_6)
FN:282,(anonymous_7)
FN:307,(anonymous_8)
FN:382,(anonymous_9)
FN:407,(anonymous_10)
FNF:11
FNH:10
FNDA:2,(anonymous_0)
FNDA:2,(anonymous_1)
FNDA:4,(anonymous_2)
FNDA:3,(anonymous_3)
FNDA:2,(anonymous_4)
FNDA:2,(anonymous_5)
FNDA:0,(anonymous_6)
FNDA:2,(anonymous_7)
FNDA:2,(anonymous_8)
FNDA:3,(anonymous_9)
FNDA:3,(anonymous_10)
DA:5,1
DA:6,1
DA:7,1
DA:8,1
DA:9,1
DA:12,1
DA:18,1
DA:19,2
DA:20,2
DA:23,2
DA:24,0
DA:32,2
DA:33,1
DA:37,1
DA:49,0
DA:50,0
DA:52,0
DA:60,1
DA:61,2
DA:63,2
DA:68,2
DA:75,2
DA:77,2
DA:103,0
DA:104,0
DA:106,0
DA:114,1
DA:115,4
DA:116,4
DA:119,2
DA:120,1
DA:124,1
DA:125,1
DA:127,2
DA:128,2
DA:129,2
DA:131,0
DA:139,1
DA:140,3
DA:141,3
DA:144,2
DA:145,1
DA:149,1
DA:150,1
DA:152,1
DA:153,1
DA:154,1
DA:156,0
DA:164,1
DA:165,2
DA:166,2
DA:169,1
DA:171,1
DA:172,1
DA:174,1
DA:175,1
DA:177,0
DA:181,1
DA:182,1
DA:193,1
DA:194,2
DA:195,2
DA:198,2
DA:199,0
DA:206,2
DA:233,1
DA:234,0
DA:235,0
DA:239,0
DA:240,0
DA:241,0
DA:242,0
DA:243,0
DA:246,0
DA:268,1
DA:270,1
DA:271,1
DA:282,1
DA:283,2
DA:284,2
DA:287,2
DA:288,1
DA:292,1
DA:293,1
DA:295,0
DA:296,0
DA:297,0
DA:299,0
DA:307,1
DA:308,2
DA:309,2
DA:312,2
DA:326,2
DA:327,2
DA:328,2
DA:331,0
DA:334,0
DA:339,0
DA:346,0
DA:347,0
DA:348,0
DA:350,0
DA:374,0
DA:382,1
DA:383,3
DA:384,3
DA:387,2
DA:388,1
DA:392,1
DA:393,1
DA:395,1
DA:396,1
DA:397,1
DA:399,0
DA:407,1
DA:408,3
DA:409,3
DA:412,2
DA:413,0
DA:417,2
DA:418,1
DA:422,1
DA:436,1
DA:437,1
DA:438,1
DA:440,0
DA:441,0
DA:443,0
DA:447,1
LF:129
LH:93
BRDA:23,0,0,0
BRDA:23,0,1,2
BRDA:23,1,0,2
BRDA:23,1,1,0
BRDA:32,2,0,1
BRDA:32,2,1,1
BRDA:32,3,0,2
BRDA:32,3,1,1
BRDA:43,4,0,1
BRDA:43,4,1,1
BRDA:46,5,0,1
BRDA:46,5,1,0
BRDA:49,6,0,0
BRDA:49,6,1,0
BRDA:84,7,0,2
BRDA:84,7,1,1
BRDA:85,8,0,2
BRDA:85,8,1,1
BRDA:86,9,0,2
BRDA:86,9,1,1
BRDA:96,10,0,2
BRDA:96,10,1,0
BRDA:98,11,0,2
BRDA:98,11,1,0
BRDA:99,12,0,2
BRDA:99,12,1,0
BRDA:103,13,0,0
BRDA:103,13,1,0
BRDA:119,14,0,1
BRDA:119,14,1,1
BRDA:119,15,0,2
BRDA:119,15,1,1
BRDA:127,16,0,2
BRDA:127,16,1,0
BRDA:144,17,0,1
BRDA:144,17,1,1
BRDA:144,18,0,2
BRDA:144,18,1,1
BRDA:152,19,0,1
BRDA:152,19,1,0
BRDA:174,20,0,1
BRDA:174,20,1,0
BRDA:182,21,0,1
BRDA:182,21,1,0
BRDA:184,22,0,1
BRDA:184,22,1,0
BRDA:198,23,0,0
BRDA:198,23,1,2
BRDA:198,24,0,2
BRDA:198,24,1,2
BRDA:235,25,0,0
BRDA:235,25,1,0
BRDA:239,26,0,0
BRDA:239,26,1,0
BRDA:239,26,2,0
BRDA:239,26,3,0
BRDA:287,27,0,1
BRDA:287,27,1,1
BRDA:287,28,0,2
BRDA:287,28,1,1
BRDA:295,29,0,0
BRDA:295,29,1,0
BRDA:295,30,0,0
BRDA:295,30,1,0
BRDA:326,31,0,2
BRDA:326,31,1,0
BRDA:358,32,0,0
BRDA:358,32,1,0
BRDA:362,33,0,0
BRDA:362,33,1,0
BRDA:363,34,0,0
BRDA:363,34,1,0
BRDA:364,35,0,0
BRDA:364,35,1,0
BRDA:387,36,0,1
BRDA:387,36,1,1
BRDA:387,37,0,2
BRDA:387,37,1,1
BRDA:395,38,0,1
BRDA:395,38,1,0
BRDA:395,39,0,1
BRDA:395,39,1,0
BRDA:412,40,0,0
BRDA:412,40,1,2
BRDA:412,41,0,2
BRDA:412,41,1,0
BRDA:417,42,0,1
BRDA:417,42,1,1
BRDA:417,43,0,2
BRDA:417,43,1,1
BRDA:429,44,0,1
BRDA:429,44,1,0
BRDA:431,45,0,1
BRDA:431,45,1,0
BRDA:432,46,0,1
BRDA:432,46,1,0
BRDA:436,47,0,1
BRDA:436,47,1,0
BRDA:437,48,0,1
BRDA:437,48,1,0
BRDA:440,49,0,0
BRDA:440,49,1,0
BRDA:441,50,0,0
BRDA:441,50,1,0
BRF:104
BRH:56
end_of_record
TN:
SF:routes\auth.routes.js
FN:15,(anonymous_0)
FN:26,(anonymous_1)
FN:46,(anonymous_2)
FN:55,(anonymous_3)
FN:66,(anonymous_4)
FN:86,(anonymous_5)
FN:97,(anonymous_6)
FN:112,(anonymous_7)
FN:135,(anonymous_8)
FNF:9
FNH:1
FNDA:0,(anonymous_0)
FNDA:0,(anonymous_1)
FNDA:1,(anonymous_2)
FNDA:0,(anonymous_3)
FNDA:0,(anonymous_4)
FNDA:0,(anonymous_5)
FNDA:0,(anonymous_6)
FNDA:0,(anonymous_7)
FNDA:0,(anonymous_8)
DA:5,1
DA:6,1
DA:7,1
DA:8,1
DA:9,1
DA:15,1
DA:16,0
DA:26,1
DA:27,0
DA:28,0
DA:29,0
DA:30,0
DA:31,0
DA:33,0
DA:34,0
DA:37,0
DA:38,0
DA:46,1
DA:47,1
DA:48,1
DA:55,1
DA:56,0
DA:66,1
DA:67,0
DA:68,0
DA:69,0
DA:70,0
DA:71,0
DA:73,0
DA:74,0
DA:77,0
DA:78,0
DA:86,1
DA:87,0
DA:97,1
DA:98,0
DA:99,0
DA:100,0
DA:101,0
DA:103,0
DA:104,0
DA:112,1
DA:113,0
DA:114,0
DA:115,0
DA:116,0
DA:122,0
DA:123,0
DA:126,0
DA:127,0
DA:135,1
DA:136,0
DA:137,0
DA:138,0
DA:139,0
DA:140,0
DA:142,0
DA:143,0
DA:146,0
DA:147,0
DA:151,1
LF:61
LH:17
BRDA:29,0,0,0
BRDA:29,0,1,0
BRDA:69,1,0,0
BRDA:69,1,1,0
BRDA:115,2,0,0
BRDA:115,2,1,0
BRDA:138,3,0,0
BRDA:138,3,1,0
BRF:8
BRH:0
end_of_record
TN:
SF:routes\customer.routes.js
FN:18,(anonymous_0)
FN:63,(anonymous_1)
FN:100,(anonymous_2)
FN:131,(anonymous_3)
FN:160,(anonymous_4)
FN:185,(anonymous_5)
FN:210,(anonymous_6)
FN:255,(anonymous_7)
FN:290,(anonymous_8)
FN:315,(anonymous_9)
FNF:10
FNH:10
FNDA:2,(anonymous_0)
FNDA:2,(anonymous_1)
FNDA:3,(anonymous_2)
FNDA:2,(anonymous_3)
FNDA:2,(anonymous_4)
FNDA:2,(anonymous_5)
FNDA:3,(anonymous_6)
FNDA:2,(anonymous_7)
FNDA:3,(anonymous_8)
FNDA:2,(anonymous_9)
DA:5,1
DA:6,1
DA:7,1
DA:8,1
DA:9,1
DA:12,1
DA:18,1
DA:19,2
DA:20,2
DA:23,2
DA:24,0
DA:34,2
DA:35,1
DA:39,1
DA:52,0
DA:53,0
DA:55,0
DA:63,1
DA:64,2
DA:66,2
DA:68,2
DA:89,0
DA:90,0
DA:92,0
DA:100,1
DA:101,3
DA:102,3
DA:105,2
DA:106,1
DA:110,1
DA:111,1
DA:113,1
DA:114,1
DA:115,1
DA:116,1
DA:118,0
DA:120,0
DA:121,0
DA:123,0
DA:131,1
DA:132,2
DA:133,2
DA:136,1
DA:138,1
DA:139,1
DA:141,1
DA:142,1
DA:144,0
DA:148,1
DA:149,1
DA:160,1
DA:161,2
DA:162,2
DA:165,2
DA:166,1
DA:170,1
DA:171,1
DA:173,0
DA:174,0
DA:175,0
DA:177,0
DA:185,1
DA:186,2
DA:187,2
DA:190,2
DA:191,1
DA:195,1
DA:196,1
DA:198,0
DA:199,0
DA:200,0
DA:202,0
DA:210,1
DA:211,3
DA:212,3
DA:215,2
DA:216,0
DA:220,2
DA:221,1
DA:225,1
DA:240,1
DA:241,1
DA:242,1
DA:244,0
DA:245,0
DA:247,0
DA:255,1
DA:256,2
DA:257,2
DA:260,2
DA:265,2
DA:266,1
DA:267,1
DA:270,1
DA:272,1
DA:282,0
DA:290,1
DA:291,3
DA:292,3
DA:295,2
DA:296,1
DA:300,1
DA:301,1
DA:303,1
DA:304,1
DA:305,1
DA:307,0
DA:315,1
DA:316,2
DA:317,2
DA:320,2
DA:321,1
DA:325,1
DA:326,1
DA:328,0
DA:329,0
DA:330,0
DA:332,0
DA:336,1
LF:119
LH:89
BRDA:23,0,0,0
BRDA:23,0,1,2
BRDA:23,1,0,2
BRDA:23,1,1,0
BRDA:34,2,0,1
BRDA:34,2,1,1
BRDA:34,3,0,2
BRDA:34,3,1,1
BRDA:49,4,0,1
BRDA:49,4,1,0
BRDA:52,5,0,0
BRDA:52,5,1,0
BRDA:73,6,0,2
BRDA:73,6,1,1
BRDA:74,7,0,2
BRDA:74,7,1,1
BRDA:75,8,0,2
BRDA:75,8,1,1
BRDA:82,9,0,2
BRDA:82,9,1,0
BRDA:84,10,0,2
BRDA:84,10,1,0
BRDA:85,11,0,2
BRDA:85,11,1,0
BRDA:89,12,0,0
BRDA:89,12,1,0
BRDA:105,13,0,1
BRDA:105,13,1,1
BRDA:105,14,0,2
BRDA:105,14,1,1
BRDA:110,15,0,1
BRDA:110,15,1,0
BRDA:113,16,0,1
BRDA:113,16,1,0
BRDA:114,17,0,1
BRDA:114,17,1,0
BRDA:115,18,0,1
BRDA:115,18,1,0
BRDA:120,19,0,0
BRDA:120,19,1,0
BRDA:121,20,0,0
BRDA:121,20,1,0
BRDA:141,21,0,1
BRDA:141,21,1,0
BRDA:149,22,0,1
BRDA:149,22,1,0
BRDA:151,23,0,1
BRDA:151,23,1,0
BRDA:165,24,0,1
BRDA:165,24,1,1
BRDA:165,25,0,2
BRDA:165,25,1,1
BRDA:173,26,0,0
BRDA:173,26,1,0
BRDA:190,27,0,1
BRDA:190,27,1,1
BRDA:190,28,0,2
BRDA:190,28,1,1
BRDA:198,29,0,0
BRDA:198,29,1,0
BRDA:215,30,0,0
BRDA:215,30,1,2
BRDA:215,31,0,2
BRDA:215,31,1,0
BRDA:220,32,0,1
BRDA:220,32,1,1
BRDA:220,33,0,2
BRDA:220,33,1,1
BRDA:233,34,0,1
BRDA:233,34,1,0
BRDA:235,35,0,1
BRDA:235,35,1,0
BRDA:236,36,0,1
BRDA:236,36,1,0
BRDA:240,37,0,1
BRDA:240,37,1,0
BRDA:241,38,0,1
BRDA:241,38,1,0
BRDA:244,39,0,0
BRDA:244,39,1,0
BRDA:245,40,0,0
BRDA:245,40,1,0
BRDA:265,41,0,1
BRDA:265,41,1,1
BRDA:295,42,0,1
BRDA:295,42,1,1
BRDA:295,43,0,2
BRDA:295,43,1,1
BRDA:303,44,0,1
BRDA:303,44,1,0
BRDA:303,45,0,1
BRDA:303,45,1,0
BRDA:320,46,0,1
BRDA:320,46,1,1
BRDA:320,47,0,2
BRDA:320,47,1,1
BRDA:328,48,0,0
BRDA:328,48,1,0
BRDA:328,49,0,0
BRDA:328,49,1,0
BRF:100
BRH:58
end_of_record
TN:
SF:routes\dashboard.routes.js
FN:17,(anonymous_0)
FN:59,(anonymous_1)
FN:129,(anonymous_2)
FN:179,(anonymous_3)
FN:195,(anonymous_4)
FN:208,(anonymous_5)
FN:210,(anonymous_6)
FNF:7
FNH:7
FNDA:2,(anonymous_0)
FNDA:2,(anonymous_1)
FNDA:2,(anonymous_2)
FNDA:2,(anonymous_3)
FNDA:2,(anonymous_4)
FNDA:1,(anonymous_5)
FNDA:1,(anonymous_6)
DA:5,1
DA:6,1
DA:7,1
DA:8,1
DA:11,1
DA:17,1
DA:18,2
DA:19,2
DA:22,1
DA:23,0
DA:34,1
DA:48,1
DA:49,1
DA:51,0
DA:59,1
DA:60,2
DA:61,2
DA:64,2
DA:65,0
DA:74,0
DA:75,0
DA:79,0
DA:90,2
DA:93,2
DA:102,2
DA:103,1
DA:107,1
DA:117,0
DA:118,0
DA:119,0
DA:121,0
DA:129,1
DA:130,2
DA:132,2
DA:134,2
DA:135,0
DA:136,0
DA:137,0
DA:140,2
DA:143,2
DA:150,2
DA:151,1
DA:155,1
DA:166,0
DA:167,0
DA:168,0
DA:170,0
DA:171,0
DA:179,1
DA:180,2
DA:181,2
DA:182,2
DA:185,2
DA:187,0
DA:195,1
DA:196,2
DA:197,2
DA:198,1
DA:200,1
DA:208,1
DA:209,1
DA:210,1
DA:211,1
DA:212,0
DA:213,0
DA:215,1
DA:218,0
DA:222,1
LF:68
LH:46
BRDA:22,0,0,0
BRDA:22,0,1,1
BRDA:22,1,0,1
BRDA:22,1,1,0
BRDA:48,2,0,1
BRDA:48,2,1,0
BRDA:64,3,0,0
BRDA:64,3,1,2
BRDA:74,4,0,0
BRDA:74,4,1,0
BRDA:74,5,0,0
BRDA:74,5,1,0
BRDA:86,6,0,0
BRDA:86,6,1,0
BRDA:94,7,0,2
BRDA:94,7,1,0
BRDA:95,8,0,2
BRDA:95,8,1,0
BRDA:96,9,0,2
BRDA:96,9,1,0
BRDA:97,10,0,2
BRDA:97,10,1,0
BRDA:98,11,0,2
BRDA:98,11,1,0
BRDA:102,12,0,1
BRDA:102,12,1,1
BRDA:102,13,0,2
BRDA:102,13,1,1
BRDA:114,14,0,1
BRDA:114,14,1,0
BRDA:118,15,0,0
BRDA:118,15,1,0
BRDA:132,16,0,2
BRDA:132,16,1,0
BRDA:132,16,2,0
BRDA:134,17,0,0
BRDA:134,17,1,2
BRDA:144,18,0,2
BRDA:144,18,1,0
BRDA:145,19,0,2
BRDA:145,19,1,0
BRDA:146,20,0,2
BRDA:146,20,1,0
BRDA:150,21,0,1
BRDA:150,21,1,1
BRDA:150,22,0,2
BRDA:150,22,1,1
BRDA:163,23,0,1
BRDA:163,23,1,0
BRDA:167,24,0,0
BRDA:167,24,1,0
BRDA:168,25,0,0
BRDA:168,25,1,0
BRDA:170,26,0,0
BRDA:170,26,1,0
BRDA:211,27,0,0
BRDA:211,27,1,1
BRF:57
BRH:25
end_of_record
TN:
SF:routes\index.js
FN:22,(anonymous_0)
FN:39,(anonymous_1)
FN:55,(anonymous_2)
FN:71,(anonymous_3)
FN:87,(anonymous_4)
FNF:5
FNH:5
FNDA:1,(anonymous_0)
FNDA:1,(anonymous_1)
FNDA:1,(anonymous_2)
FNDA:1,(anonymous_3)
FNDA:2,(anonymous_4)
DA:5,1
DA:6,1
DA:7,1
DA:8,1
DA:9,1
DA:12,1
DA:22,1
DA:23,1
DA:24,1
DA:30,0
DA:31,0
DA:39,1
DA:40,1
DA:41,1
DA:46,0
DA:47,0
DA:55,1
DA:56,1
DA:57,1
DA:62,0
DA:63,0
DA:71,1
DA:72,1
DA:73,1
DA:78,0
DA:79,0
DA:87,1
DA:88,2
DA:89,2
DA:91,0
DA:92,0
DA:100,0
DA:101,0
DA:102,0
DA:104,0
DA:105,0
DA:108,2
DA:110,2
DA:111,0
DA:117,2
DA:118,2
DA:122,1
LF:42
LH:26
BRDA:26,0,0,1
BRDA:26,0,1,1
BRDA:27,1,0,1
BRDA:27,1,1,0
BRDA:43,2,0,1
BRDA:43,2,1,1
BRDA:59,3,0,1
BRDA:59,3,1,1
BRDA:75,4,0,1
BRDA:75,4,1,1
BRDA:91,5,0,0
BRDA:91,5,1,0
BRDA:91,6,0,0
BRDA:91,6,1,0
BRDA:92,7,0,0
BRDA:92,7,1,0
BRDA:94,8,0,0
BRDA:94,8,1,0
BRDA:100,9,0,0
BRDA:100,9,1,0
BRDA:101,10,0,0
BRDA:101,10,1,0
BRDA:104,11,0,0
BRDA:104,11,1,0
BRDA:110,12,0,0
BRDA:110,12,1,2
BRDA:110,13,0,2
BRDA:110,13,1,0
BRDA:117,14,0,2
BRDA:117,14,1,0
BRF:30
BRH:12
end_of_record
TN:
SF:routes\profile.routes.js
FN:14,(anonymous_0)
FN:17,(anonymous_1)
FN:27,(anonymous_2)
FN:47,(anonymous_3)
FN:86,(anonymous_4)
FN:121,(anonymous_5)
FN:146,(anonymous_6)
FN:177,(anonymous_7)
FNF:8
FNH:0
FNDA:0,(anonymous_0)
FNDA:0,(anonymous_1)
FNDA:0,(anonymous_2)
FNDA:0,(anonymous_3)
FNDA:0,(anonymous_4)
FNDA:0,(anonymous_5)
FNDA:0,(anonymous_6)
FNDA:0,(anonymous_7)
DA:5,0
DA:6,0
DA:7,0
DA:8,0
DA:9,0
DA:10,0
DA:13,0
DA:15,0
DA:18,0
DA:19,0
DA:20,0
DA:24,0
DA:28,0
DA:29,0
DA:30,0
DA:32,0
DA:33,0
DA:35,0
DA:41,0
DA:47,0
DA:48,0
DA:49,0
DA:52,0
DA:53,0
DA:60,0
DA:75,0
DA:76,0
DA:78,0
DA:86,0
DA:87,0
DA:88,0
DA:91,0
DA:92,0
DA:96,0
DA:99,0
DA:101,0
DA:103,0
DA:104,0
DA:105,0
DA:106,0
DA:108,0
DA:110,0
DA:111,0
DA:113,0
DA:121,0
DA:122,0
DA:123,0
DA:126,0
DA:127,0
DA:131,0
DA:132,0
DA:134,0
DA:135,0
DA:136,0
DA:138,0
DA:146,0
DA:147,0
DA:149,0
DA:150,0
DA:151,0
DA:154,0
DA:157,0
DA:158,0
DA:162,0
DA:163,0
DA:165,0
DA:166,0
DA:167,0
DA:169,0
DA:177,0
DA:178,0
DA:179,0
DA:182,0
DA:183,0
DA:187,0
DA:188,0
DA:190,0
DA:191,0
DA:192,0
DA:194,0
DA:198,0
LF:81
LH:0
BRDA:32,0,0,0
BRDA:32,0,1,0
BRDA:32,1,0,0
BRDA:32,1,1,0
BRDA:52,2,0,0
BRDA:52,2,1,0
BRDA:52,3,0,0
BRDA:52,3,1,0
BRDA:68,4,0,0
BRDA:68,4,1,0
BRDA:70,5,0,0
BRDA:70,5,1,0
BRDA:71,6,0,0
BRDA:71,6,1,0
BRDA:75,7,0,0
BRDA:75,7,1,0
BRDA:91,8,0,0
BRDA:91,8,1,0
BRDA:91,9,0,0
BRDA:91,9,1,0
BRDA:99,10,0,0
BRDA:99,10,1,0
BRDA:103,11,0,0
BRDA:103,11,1,0
BRDA:104,12,0,0
BRDA:104,12,1,0
BRDA:105,13,0,0
BRDA:105,13,1,0
BRDA:110,14,0,0
BRDA:110,14,1,0
BRDA:126,15,0,0
BRDA:126,15,1,0
BRDA:126,16,0,0
BRDA:126,16,1,0
BRDA:134,17,0,0
BRDA:134,17,1,0
BRDA:149,18,0,0
BRDA:149,18,1,0
BRDA:157,19,0,0
BRDA:157,19,1,0
BRDA:157,20,0,0
BRDA:157,20,1,0
BRDA:165,21,0,0
BRDA:165,21,1,0
BRDA:182,22,0,0
BRDA:182,22,1,0
BRDA:182,23,0,0
BRDA:182,23,1,0
BRDA:190,24,0,0
BRDA:190,24,1,0
BRF:50
BRH:0
end_of_record
TN:
SF:routes\project.routes.js
FN:14,(anonymous_0)
FN:56,(anonymous_1)
FN:105,(anonymous_2)
FN:136,(anonymous_3)
FN:164,(anonymous_4)
FN:189,(anonymous_5)
FN:234,(anonymous_6)
FN:259,(anonymous_7)
FN:328,(anonymous_8)
FNF:9
FNH:9
FNDA:2,(anonymous_0)
FNDA:1,(anonymous_1)
FNDA:3,(anonymous_2)
FNDA:2,(anonymous_3)
FNDA:2,(anonymous_4)
FNDA:3,(anonymous_5)
FNDA:2,(anonymous_6)
FNDA:2,(anonymous_7)
FNDA:3,(anonymous_8)
DA:1,1
DA:2,1
DA:3,1
DA:4,1
DA:5,1
DA:8,1
DA:14,1
DA:15,2
DA:16,2
DA:19,2
DA:20,0
DA:28,2
DA:29,1
DA:33,1
DA:45,0
DA:46,0
DA:48,0
DA:56,1
DA:57,1
DA:59,1
DA:64,1
DA:70,1
DA:94,0
DA:95,0
DA:97,0
DA:105,1
DA:106,3
DA:107,3
DA:110,2
DA:111,1
DA:115,1
DA:116,1
DA:118,1
DA:119,1
DA:120,1
DA:121,1
DA:123,0
DA:125,0
DA:126,0
DA:128,0
DA:136,1
DA:137,2
DA:138,2
DA:141,1
DA:143,1
DA:144,1
DA:146,1
DA:147,1
DA:149,0
DA:152,1
DA:153,1
DA:164,1
DA:165,2
DA:166,2
DA:169,2
DA:170,1
DA:174,1
DA:175,1
DA:177,0
DA:178,0
DA:179,0
DA:181,0
DA:189,1
DA:190,3
DA:191,3
DA:194,2
DA:195,0
DA:199,2
DA:200,1
DA:204,1
DA:219,1
DA:220,1
DA:221,1
DA:223,0
DA:224,0
DA:226,0
DA:234,1
DA:235,2
DA:236,2
DA:239,2
DA:240,1
DA:244,1
DA:245,1
DA:247,0
DA:248,0
DA:249,0
DA:251,0
DA:259,1
DA:260,2
DA:261,2
DA:264,2
DA:278,2
DA:279,1
DA:280,1
DA:283,1
DA:286,1
DA:291,1
DA:297,1
DA:320,0
DA:328,1
DA:329,3
DA:330,3
DA:333,2
DA:334,1
DA:338,1
DA:339,1
DA:341,1
DA:342,1
DA:343,1
DA:345,0
DA:349,1
LF:111
LH:85
BRDA:19,0,0,0
BRDA:19,0,1,2
BRDA:19,1,0,2
BRDA:19,1,1,0
BRDA:28,2,0,1
BRDA:28,2,1,1
BRDA:28,3,0,2
BRDA:28,3,1,1
BRDA:39,4,0,1
BRDA:39,4,1,1
BRDA:42,5,0,1
BRDA:42,5,1,0
BRDA:45,6,0,0
BRDA:45,6,1,0
BRDA:78,7,0,1
BRDA:78,7,1,1
BRDA:87,8,0,1
BRDA:87,8,1,0
BRDA:89,9,0,1
BRDA:89,9,1,0
BRDA:90,10,0,1
BRDA:90,10,1,0
BRDA:94,11,0,0
BRDA:94,11,1,0
BRDA:110,12,0,1
BRDA:110,12,1,1
BRDA:110,13,0,2
BRDA:110,13,1,1
BRDA:115,14,0,1
BRDA:115,14,1,0
BRDA:118,15,0,1
BRDA:118,15,1,0
BRDA:119,16,0,1
BRDA:119,16,1,0
BRDA:120,17,0,1
BRDA:120,17,1,0
BRDA:125,18,0,0
BRDA:125,18,1,0
BRDA:126,19,0,0
BRDA:126,19,1,0
BRDA:146,20,0,1
BRDA:146,20,1,0
BRDA:153,21,0,1
BRDA:153,21,1,0
BRDA:155,22,0,1
BRDA:155,22,1,0
BRDA:169,23,0,1
BRDA:169,23,1,1
BRDA:169,24,0,2
BRDA:169,24,1,1
BRDA:177,25,0,0
BRDA:177,25,1,0
BRDA:194,26,0,0
BRDA:194,26,1,2
BRDA:194,27,0,2
BRDA:194,27,1,0
BRDA:199,28,0,1
BRDA:199,28,1,1
BRDA:199,29,0,2
BRDA:199,29,1,1
BRDA:212,30,0,1
BRDA:212,30,1,0
BRDA:214,31,0,1
BRDA:214,31,1,0
BRDA:215,32,0,1
BRDA:215,32,1,0
BRDA:219,33,0,1
BRDA:219,33,1,0
BRDA:220,34,0,1
BRDA:220,34,1,0
BRDA:223,35,0,0
BRDA:223,35,1,0
BRDA:224,36,0,0
BRDA:224,36,1,0
BRDA:239,37,0,1
BRDA:239,37,1,1
BRDA:239,38,0,2
BRDA:239,38,1,1
BRDA:247,39,0,0
BRDA:247,39,1,0
BRDA:247,40,0,0
BRDA:247,40,1,0
BRDA:278,41,0,1
BRDA:278,41,1,1
BRDA:305,42,0,1
BRDA:305,42,1,0
BRDA:308,43,0,0
BRDA:308,43,1,1
BRDA:333,44,0,1
BRDA:333,44,1,1
BRDA:333,45,0,2
BRDA:333,45,1,1
BRDA:341,46,0,1
BRDA:341,46,1,0
BRDA:341,47,0,1
BRDA:341,47,1,0
BRF:96
BRH:54
end_of_record
TN:
SF:routes\request.routes.js
FN:13,(anonymous_0)
FN:54,(anonymous_1)
FN:82,(anonymous_2)
FN:132,(anonymous_3)
FN:157,(anonymous_4)
FNF:5
FNH:5
FNDA:2,(anonymous_0)
FNDA:2,(anonymous_1)
FNDA:3,(anonymous_2)
FNDA:3,(anonymous_3)
FNDA:3,(anonymous_4)
DA:1,1
DA:2,1
DA:3,1
DA:4,1
DA:7,1
DA:13,1
DA:14,2
DA:15,2
DA:18,2
DA:19,0
DA:23,2
DA:24,1
DA:28,1
DA:43,0
DA:44,0
DA:46,0
DA:54,1
DA:55,2
DA:56,2
DA:59,1
DA:61,1
DA:62,1
DA:64,1
DA:65,1
DA:67,0
DA:70,1
DA:71,1
DA:82,1
DA:83,3
DA:84,3
DA:87,2
DA:88,0
DA:90,0
DA:91,0
DA:94,0
DA:98,2
DA:99,1
DA:103,1
DA:117,1
DA:118,1
DA:119,1
DA:121,0
DA:122,0
DA:124,0
DA:132,1
DA:133,3
DA:134,3
DA:137,2
DA:138,1
DA:142,1
DA:143,1
DA:145,1
DA:146,1
DA:147,1
DA:149,0
DA:157,1
DA:158,3
DA:159,3
DA:162,2
DA:163,1
DA:167,1
DA:168,1
DA:170,1
DA:171,1
DA:172,1
DA:174,0
DA:178,1
LF:67
LH:53
BRDA:18,0,0,0
BRDA:18,0,1,2
BRDA:18,1,0,2
BRDA:18,1,1,0
BRDA:23,2,0,1
BRDA:23,2,1,1
BRDA:23,3,0,2
BRDA:23,3,1,1
BRDA:34,4,0,1
BRDA:34,4,1,1
BRDA:35,5,0,1
BRDA:35,5,1,1
BRDA:36,6,0,1
BRDA:36,6,1,1
BRDA:37,7,0,1
BRDA:37,7,1,1
BRDA:40,8,0,1
BRDA:40,8,1,0
BRDA:43,9,0,0
BRDA:43,9,1,0
BRDA:64,10,0,1
BRDA:64,10,1,0
BRDA:71,11,0,1
BRDA:71,11,1,0
BRDA:73,12,0,1
BRDA:73,12,1,0
BRDA:87,13,0,0
BRDA:87,13,1,2
BRDA:87,14,0,2
BRDA:87,14,1,2
BRDA:88,15,0,0
BRDA:88,15,1,0
BRDA:90,16,0,0
BRDA:90,16,1,0
BRDA:98,17,0,1
BRDA:98,17,1,1
BRDA:98,18,0,2
BRDA:98,18,1,1
BRDA:110,19,0,1
BRDA:110,19,1,0
BRDA:112,20,0,1
BRDA:112,20,1,0
BRDA:113,21,0,1
BRDA:113,21,1,0
BRDA:117,22,0,1
BRDA:117,22,1,0
BRDA:118,23,0,1
BRDA:118,23,1,0
BRDA:121,24,0,0
BRDA:121,24,1,0
BRDA:122,25,0,0
BRDA:122,25,1,0
BRDA:137,26,0,1
BRDA:137,26,1,1
BRDA:137,27,0,2
BRDA:137,27,1,1
BRDA:145,28,0,1
BRDA:145,28,1,0
BRDA:162,29,0,1
BRDA:162,29,1,1
BRDA:162,30,0,2
BRDA:162,30,1,1
BRDA:170,31,0,1
BRDA:170,31,1,0
BRDA:170,32,0,1
BRDA:170,32,1,0
BRF:66
BRH:41
end_of_record
TN:
SF:routes\service.routes.js
FN:14,(anonymous_0)
FN:53,(anonymous_1)
FN:86,(anonymous_2)
FN:114,(anonymous_3)
FN:142,(anonymous_4)
FN:170,(anonymous_5)
FN:213,(anonymous_6)
FN:250,(anonymous_7)
FN:278,(anonymous_8)
FNF:9
FNH:9
FNDA:2,(anonymous_0)
FNDA:1,(anonymous_1)
FNDA:3,(anonymous_2)
FNDA:2,(anonymous_3)
FNDA:2,(anonymous_4)
FNDA:3,(anonymous_5)
FNDA:1,(anonymous_6)
FNDA:2,(anonymous_7)
FNDA:1,(anonymous_8)
DA:1,1
DA:2,1
DA:3,1
DA:4,1
DA:5,1
DA:8,1
DA:14,1
DA:15,2
DA:16,2
DA:19,2
DA:20,0
DA:24,2
DA:25,1
DA:29,1
DA:42,0
DA:43,0
DA:45,0
DA:53,1
DA:54,1
DA:55,1
DA:75,0
DA:76,0
DA:78,0
DA:86,1
DA:87,3
DA:88,3
DA:91,2
DA:92,1
DA:96,1
DA:97,1
DA:99,1
DA:100,1
DA:101,1
DA:103,0
DA:104,0
DA:106,0
DA:114,1
DA:115,2
DA:116,2
DA:119,1
DA:121,1
DA:122,1
DA:124,1
DA:125,1
DA:127,0
DA:130,1
DA:131,1
DA:142,1
DA:143,2
DA:144,2
DA:147,2
DA:148,1
DA:152,1
DA:153,1
DA:155,0
DA:156,0
DA:157,0
DA:159,0
DA:160,0
DA:162,0
DA:170,1
DA:171,3
DA:172,3
DA:175,2
DA:176,0
DA:180,2
DA:181,1
DA:185,1
DA:198,1
DA:199,1
DA:200,1
DA:202,0
DA:203,0
DA:205,0
DA:213,1
DA:214,1
DA:215,1
DA:217,1
DA:218,0
DA:219,0
DA:222,1
DA:235,0
DA:236,0
DA:237,0
DA:239,0
DA:240,0
DA:242,0
DA:250,1
DA:251,2
DA:252,2
DA:255,1
DA:256,0
DA:260,1
DA:261,1
DA:263,1
DA:264,1
DA:265,1
DA:267,0
DA:268,0
DA:270,0
DA:278,1
DA:279,1
DA:280,1
DA:282,1
DA:295,0
DA:296,0
DA:298,0
DA:302,1
LF:108
LH:72
BRDA:19,0,0,0
BRDA:19,0,1,2
BRDA:19,1,0,2
BRDA:19,1,1,0
BRDA:24,2,0,1
BRDA:24,2,1,1
BRDA:24,3,0,2
BRDA:24,3,1,1
BRDA:35,4,0,1
BRDA:35,4,1,1
BRDA:36,5,0,1
BRDA:36,5,1,1
BRDA:39,6,0,1
BRDA:39,6,1,0
BRDA:42,7,0,0
BRDA:42,7,1,0
BRDA:68,8,0,1
BRDA:68,8,1,0
BRDA:70,9,0,1
BRDA:70,9,1,0
BRDA:71,10,0,1
BRDA:71,10,1,0
BRDA:75,11,0,0
BRDA:75,11,1,0
BRDA:91,12,0,1
BRDA:91,12,1,1
BRDA:91,13,0,2
BRDA:91,13,1,1
BRDA:96,14,0,1
BRDA:96,14,1,0
BRDA:99,15,0,1
BRDA:99,15,1,0
BRDA:100,16,0,1
BRDA:100,16,1,0
BRDA:103,17,0,0
BRDA:103,17,1,0
BRDA:104,18,0,0
BRDA:104,18,1,0
BRDA:124,19,0,1
BRDA:124,19,1,0
BRDA:131,20,0,1
BRDA:131,20,1,0
BRDA:133,21,0,1
BRDA:133,21,1,0
BRDA:147,22,0,1
BRDA:147,22,1,1
BRDA:147,23,0,2
BRDA:147,23,1,1
BRDA:152,24,0,1
BRDA:152,24,1,0
BRDA:155,25,0,0
BRDA:155,25,1,0
BRDA:156,26,0,0
BRDA:156,26,1,0
BRDA:159,27,0,0
BRDA:159,27,1,0
BRDA:160,28,0,0
BRDA:160,28,1,0
BRDA:175,29,0,0
BRDA:175,29,1,2
BRDA:175,30,0,2
BRDA:175,30,1,0
BRDA:180,31,0,1
BRDA:180,31,1,1
BRDA:180,32,0,2
BRDA:180,32,1,1
BRDA:191,33,0,1
BRDA:191,33,1,0
BRDA:193,34,0,1
BRDA:193,34,1,0
BRDA:194,35,0,1
BRDA:194,35,1,0
BRDA:198,36,0,1
BRDA:198,36,1,0
BRDA:199,37,0,1
BRDA:199,37,1,0
BRDA:202,38,0,0
BRDA:202,38,1,0
BRDA:203,39,0,0
BRDA:203,39,1,0
BRDA:217,40,0,0
BRDA:217,40,1,1
BRDA:217,41,0,1
BRDA:217,41,1,1
BRDA:218,42,0,0
BRDA:218,42,1,0
BRDA:228,43,0,1
BRDA:228,43,1,0
BRDA:230,44,0,1
BRDA:230,44,1,0
BRDA:231,45,0,1
BRDA:231,45,1,0
BRDA:235,46,0,0
BRDA:235,46,1,0
BRDA:236,47,0,0
BRDA:236,47,1,0
BRDA:239,48,0,0
BRDA:239,48,1,0
BRDA:240,49,0,0
BRDA:240,49,1,0
BRDA:255,50,0,0
BRDA:255,50,1,1
BRDA:255,51,0,1
BRDA:255,51,1,0
BRDA:260,52,0,1
BRDA:260,52,1,0
BRDA:263,53,0,1
BRDA:263,53,1,0
BRDA:263,54,0,1
BRDA:263,54,1,0
BRDA:264,55,0,1
BRDA:264,55,1,0
BRDA:267,56,0,0
BRDA:267,56,1,0
BRDA:268,57,0,0
BRDA:268,57,1,0
BRDA:288,58,0,1
BRDA:288,58,1,0
BRDA:290,59,0,1
BRDA:290,59,1,0
BRDA:291,60,0,1
BRDA:291,60,1,0
BRDA:295,61,0,0
BRDA:295,61,1,0
BRF:124
BRH:55
end_of_record
TN:
SF:routes\settings.routes.js
FN:13,(anonymous_0)
FN:29,(anonymous_1)
FN:44,(anonymous_2)
FN:60,(anonymous_3)
FN:75,(anonymous_4)
FN:92,(anonymous_5)
FN:107,(anonymous_6)
FNF:7
FNH:0
FNDA:0,(anonymous_0)
FNDA:0,(anonymous_1)
FNDA:0,(anonymous_2)
FNDA:0,(anonymous_3)
FNDA:0,(anonymous_4)
FNDA:0,(anonymous_5)
FNDA:0,(anonymous_6)
DA:1,1
DA:2,1
DA:3,1
DA:4,1
DA:7,1
DA:13,1
DA:14,0
DA:15,0
DA:16,0
DA:21,0
DA:29,1
DA:30,0
DA:31,0
DA:32,0
DA:33,0
DA:35,0
DA:36,0
DA:44,1
DA:45,0
DA:46,0
DA:47,0
DA:52,0
DA:60,1
DA:61,0
DA:62,0
DA:63,0
DA:64,0
DA:66,0
DA:67,0
DA:75,1
DA:76,0
DA:77,0
DA:78,0
DA:84,0
DA:92,1
DA:93,0
DA:94,0
DA:95,0
DA:96,0
DA:98,0
DA:99,0
DA:107,1
DA:108,0
DA:109,0
DA:110,0
DA:111,0
DA:113,0
DA:114,0
DA:118,1
LF:49
LH:13
BRF:0
BRH:0
end_of_record
TN:
SF:services\cache.service.js
FN:7,(anonymous_0)
FN:15,(anonymous_1)
FN:39,(anonymous_2)
FN:70,(anonymous_3)
FN:97,(anonymous_4)
FN:107,(anonymous_5)
FN:109,(anonymous_6)
FN:122,(anonymous_7)
FN:127,(anonymous_8)
FN:143,(anonymous_9)
FN:146,(anonymous_10)
FN:155,(anonymous_11)
FN:163,(anonymous_12)
FN:167,(anonymous_13)
FN:178,(anonymous_14)
FN:179,(anonymous_15)
FN:180,(anonymous_16)
FN:181,(anonymous_17)
FN:182,(anonymous_18)
FN:183,(anonymous_19)
FN:184,(anonymous_20)
FNF:21
FNH:11
FNDA:19,(anonymous_0)
FNDA:39,(anonymous_1)
FNDA:36,(anonymous_2)
FNDA:6,(anonymous_3)
FNDA:2,(anonymous_4)
FNDA:4,(anonymous_5)
FNDA:3,(anonymous_6)
FNDA:9,(anonymous_7)
FNDA:19,(anonymous_8)
FNDA:2,(anonymous_9)
FNDA:6,(anonymous_10)
FNDA:0,(anonymous_11)
FNDA:0,(anonymous_12)
FNDA:0,(anonymous_13)
FNDA:0,(anonymous_14)
FNDA:0,(anonymous_15)
FNDA:0,(anonymous_16)
FNDA:0,(anonymous_17)
FNDA:0,(anonymous_18)
FNDA:0,(anonymous_19)
FNDA:0,(anonymous_20)
DA:8,19
DA:9,19
DA:10,19
DA:11,19
DA:12,19
DA:17,39
DA:19,6
DA:20,6
DA:24,39
DA:25,39
DA:26,0
DA:28,39
DA:30,39
DA:31,39
DA:36,39
DA:40,36
DA:43,36
DA:44,16
DA:48,20
DA:49,2
DA:52,2
DA:53,2
DA:54,2
DA:57,2
DA:61,18
DA:62,18
DA:63,18
DA:64,18
DA:67,18
DA:72,6
DA:73,6
DA:74,1
DA:78,5
DA:79,1
DA:83,4
DA:84,4
DA:86,4
DA:87,4
DA:88,4
DA:89,4
DA:90,4
DA:92,0
DA:93,0
DA:99,2
DA:100,2
DA:101,2
DA:104,2
DA:108,4
DA:109,1
DA:110,3
DA:111,2
DA:112,2
DA:114,1
DA:117,3
DA:118,3
DA:123,9
DA:124,9
DA:125,9
DA:127,9
DA:128,19
DA:129,19
DA:130,1
DA:134,9
DA:144,2
DA:146,2
DA:147,6
DA:148,3
DA:149,3
DA:151,3
DA:156,0
DA:157,0
DA:158,0
DA:164,0
DA:166,0
DA:167,0
DA:168,0
DA:175,1
DA:178,1
DA:179,1
DA:180,1
DA:181,1
DA:182,1
DA:183,1
DA:184,1
DA:187,1
LF:85
LH:75
BRDA:7,0,0,1
BRDA:9,1,0,19
BRDA:9,1,1,1
BRDA:10,2,0,19
BRDA:10,2,1,19
BRDA:15,3,0,27
BRDA:17,4,0,6
BRDA:17,4,1,33
BRDA:17,5,0,39
BRDA:17,5,1,39
BRDA:25,6,0,0
BRDA:25,6,1,39
BRDA:43,7,0,16
BRDA:43,7,1,20
BRDA:48,8,0,2
BRDA:48,8,1,18
BRDA:53,9,0,2
BRDA:53,9,1,0
BRDA:62,10,0,18
BRDA:62,10,1,0
BRDA:70,11,0,5
BRDA:73,12,0,1
BRDA:73,12,1,5
BRDA:78,13,0,1
BRDA:78,13,1,4
BRDA:100,14,0,2
BRDA:100,14,1,0
BRDA:108,15,0,1
BRDA:108,15,1,3
BRDA:110,16,0,2
BRDA:110,16,1,1
BRDA:129,17,0,1
BRDA:129,17,1,18
BRDA:147,18,0,3
BRDA:147,18,1,3
BRDA:147,19,0,6
BRDA:147,19,1,6
BRDA:156,20,0,0
BRDA:156,20,1,0
BRDA:164,21,0,0
BRDA:164,21,1,0
BRF:41
BRH:33
end_of_record
TN:
SF:services\db.service.js
FN:21,(anonymous_0)
FN:32,(anonymous_1)
FN:51,(anonymous_2)
FN:75,(anonymous_3)
FN:87,(anonymous_4)
FN:91,(anonymous_5)
FN:113,(anonymous_6)
FN:123,(anonymous_7)
FN:144,(anonymous_8)
FNF:9
FNH:8
FNDA:0,(anonymous_0)
FNDA:6,(anonymous_1)
FNDA:2,(anonymous_2)
FNDA:3,(anonymous_3)
FNDA:2,(anonymous_4)
FNDA:4,(anonymous_5)
FNDA:3,(anonymous_6)
FNDA:4,(anonymous_7)
FNDA:3,(anonymous_8)
DA:5,20
DA:8,20
DA:21,20
DA:22,0
DA:23,0
DA:32,20
DA:33,6
DA:34,6
DA:36,6
DA:37,5
DA:39,1
DA:42,6
DA:51,20
DA:52,2
DA:53,2
DA:54,2
DA:56,2
DA:58,1
DA:59,1
DA:61,1
DA:62,1
DA:64,2
DA:75,20
DA:76,3
DA:77,3
DA:87,20
DA:88,2
DA:89,2
DA:91,4
DA:92,2
DA:94,2
DA:100,2
DA:101,0
DA:113,20
DA:114,3
DA:116,3
DA:117,0
DA:120,3
DA:122,3
DA:123,4
DA:126,3
DA:133,3
DA:134,0
DA:144,20
DA:145,3
DA:146,0
DA:150,20
LF:47
LH:41
BRDA:17,0,0,0
BRDA:17,0,1,20
BRDA:32,1,0,2
BRDA:36,2,0,5
BRDA:36,2,1,1
BRDA:75,3,0,2
BRDA:77,4,0,0
BRDA:77,4,1,0
BRDA:87,5,0,1
BRDA:113,6,0,2
BRDA:113,7,0,2
BRDA:116,8,0,0
BRDA:116,8,1,3
BRDA:134,9,0,0
BRDA:134,9,1,0
BRDA:144,10,0,2
BRF:16
BRH:10
end_of_record
TN:
SF:services\export.service.js
FN:13,(anonymous_0)
FN:14,(anonymous_1)
FN:15,(anonymous_2)
FN:16,(anonymous_3)
FN:17,(anonymous_4)
FN:23,(anonymous_5)
FN:50,(anonymous_6)
FN:64,(anonymous_7)
FN:69,(anonymous_8)
FN:91,(anonymous_9)
FN:113,(anonymous_10)
FN:116,(anonymous_11)
FN:145,(anonymous_12)
FN:146,(anonymous_13)
FN:156,(anonymous_14)
FN:157,(anonymous_15)
FN:175,(anonymous_16)
FN:188,(anonymous_17)
FN:191,(anonymous_18)
FN:192,(anonymous_19)
FN:200,(anonymous_20)
FN:218,(anonymous_21)
FN:222,(anonymous_22)
FN:251,(anonymous_23)
FN:253,(anonymous_24)
FN:256,(anonymous_25)
FN:257,(anonymous_26)
FNF:27
FNH:21
FNDA:0,(anonymous_0)
FNDA:0,(anonymous_1)
FNDA:0,(anonymous_2)
FNDA:0,(anonymous_3)
FNDA:0,(anonymous_4)
FNDA:9,(anonymous_5)
FNDA:6,(anonymous_6)
FNDA:1,(anonymous_7)
FNDA:3,(anonymous_8)
FNDA:2,(anonymous_9)
FNDA:2,(anonymous_10)
FNDA:6,(anonymous_11)
FNDA:1,(anonymous_12)
FNDA:1,(anonymous_13)
FNDA:0,(anonymous_14)
FNDA:1,(anonymous_15)
FNDA:2,(anonymous_16)
FNDA:3,(anonymous_17)
FNDA:3,(anonymous_18)
FNDA:3,(anonymous_19)
FNDA:3,(anonymous_20)
FNDA:2,(anonymous_21)
FNDA:6,(anonymous_22)
FNDA:6,(anonymous_23)
FNDA:16,(anonymous_24)
FNDA:12,(anonymous_25)
FNDA:32,(anonymous_26)
DA:5,3
DA:6,3
DA:7,3
DA:8,3
DA:9,3
DA:12,3
DA:13,0
DA:14,0
DA:15,0
DA:16,0
DA:17,0
DA:23,3
DA:24,9
DA:26,9
DA:28,6
DA:30,1
DA:32,1
DA:34,1
DA:50,3
DA:52,6
DA:54,6
DA:64,3
DA:65,1
DA:66,1
DA:69,3
DA:76,1
DA:77,1
DA:78,1
DA:79,1
DA:80,1
DA:82,1
DA:85,1
DA:86,1
DA:87,1
DA:88,1
DA:89,1
DA:91,1
DA:92,2
DA:93,2
DA:94,2
DA:95,2
DA:96,2
DA:100,1
DA:104,1
DA:105,1
DA:106,1
DA:113,1
DA:114,2
DA:116,2
DA:117,6
DA:120,6
DA:121,2
DA:122,4
DA:123,0
DA:126,6
DA:129,2
DA:133,1
DA:135,1
DA:145,3
DA:146,1
DA:147,1
DA:149,1
DA:155,1
DA:156,1
DA:157,1
DA:158,1
DA:159,1
DA:167,1
DA:168,1
DA:171,1
DA:172,1
DA:174,1
DA:175,1
DA:176,2
DA:177,2
DA:182,1
DA:185,1
DA:187,1
DA:188,3
DA:191,3
DA:192,1
DA:193,3
DA:197,1
DA:199,1
DA:200,1
DA:201,3
DA:205,3
DA:209,1
DA:217,1
DA:218,1
DA:219,2
DA:220,2
DA:222,2
DA:223,6
DA:226,6
DA:227,2
DA:228,4
DA:229,0
DA:232,6
DA:236,6
DA:241,1
DA:243,0
DA:251,3
DA:253,16
DA:256,6
DA:257,12
DA:258,32
DA:261,32
DA:262,15
DA:266,32
DA:267,0
DA:271,32
DA:272,2
DA:273,30
DA:275,19
DA:277,11
DA:283,6
DA:286,3
LF:118
LH:109
BRDA:15,0,0,0
BRDA:15,0,1,0
BRDA:16,1,0,0
BRDA:16,1,1,0
BRDA:17,2,0,0
BRDA:17,2,1,0
BRDA:26,3,0,6
BRDA:26,3,1,1
BRDA:26,3,2,1
BRDA:26,3,3,1
BRDA:72,4,0,3
BRDA:72,4,1,3
BRDA:78,5,0,1
BRDA:78,5,1,0
BRDA:85,6,0,1
BRDA:85,6,1,0
BRDA:92,7,0,2
BRDA:92,7,1,0
BRDA:120,8,0,2
BRDA:120,8,1,4
BRDA:120,9,0,6
BRDA:120,9,1,2
BRDA:122,10,0,0
BRDA:122,10,1,4
BRDA:122,11,0,4
BRDA:122,11,1,4
BRDA:123,12,0,0
BRDA:123,12,1,0
BRDA:167,13,0,1
BRDA:167,13,1,0
BRDA:174,14,0,1
BRDA:174,14,1,0
BRDA:176,15,0,2
BRDA:176,15,1,0
BRDA:191,16,0,3
BRDA:191,16,1,3
BRDA:193,17,0,3
BRDA:193,17,1,3
BRDA:226,18,0,2
BRDA:226,18,1,4
BRDA:226,19,0,6
BRDA:226,19,1,2
BRDA:228,20,0,0
BRDA:228,20,1,4
BRDA:228,21,0,4
BRDA:228,21,1,4
BRDA:229,22,0,0
BRDA:229,22,1,0
BRDA:261,23,0,15
BRDA:261,23,1,17
BRDA:261,24,0,32
BRDA:261,24,1,15
BRDA:266,25,0,0
BRDA:266,25,1,32
BRDA:266,26,0,32
BRDA:266,26,1,2
BRDA:271,27,0,2
BRDA:271,27,1,30
BRDA:271,28,0,32
BRDA:271,28,1,32
BRDA:273,29,0,19
BRDA:273,29,1,11
BRF:62
BRH:43
end_of_record
TN:
SF:services\mail.service.js
FN:13,(anonymous_0)
FN:37,(anonymous_1)
FN:65,(anonymous_2)
FN:103,(anonymous_3)
FNF:4
FNH:4
FNDA:1,(anonymous_0)
FNDA:6,(anonymous_1)
FNDA:2,(anonymous_2)
FNDA:2,(anonymous_3)
DA:1,1
DA:8,1
DA:13,1
DA:14,1
DA:16,1
DA:37,1
DA:38,6
DA:39,6
DA:40,1
DA:43,6
DA:52,6
DA:53,6
DA:55,0
DA:56,0
DA:65,1
DA:66,2
DA:78,2
DA:90,2
DA:103,1
DA:104,2
DA:106,2
DA:121,2
DA:140,2
DA:148,1
LF:24
LH:22
BRDA:14,0,0,0
BRDA:14,0,1,1
BRDA:39,1,0,1
BRDA:39,1,1,5
BRDA:44,2,0,6
BRDA:44,2,1,0
BRDA:71,3,0,2
BRDA:71,3,1,1
BRDA:83,4,0,2
BRDA:83,4,1,1
BRF:10
BRH:8
end_of_record
TN:
SF:services\notification.service.js
FN:14,(anonymous_0)
FN:63,(anonymous_1)
FN:121,(anonymous_2)
FN:150,(anonymous_3)
FN:180,(anonymous_4)
FN:221,(anonymous_5)
FNF:6
FNH:6
FNDA:2,(anonymous_0)
FNDA:3,(anonymous_1)
FNDA:1,(anonymous_2)
FNDA:3,(anonymous_3)
FNDA:4,(anonymous_4)
FNDA:5,(anonymous_5)
DA:5,1
DA:6,1
DA:22,2
DA:24,2
DA:25,2
DA:47,1
DA:52,1
DA:53,1
DA:69,3
DA:71,3
DA:73,3
DA:74,3
DA:75,3
DA:77,3
DA:78,1
DA:81,3
DA:82,1
DA:83,1
DA:86,3
DA:89,3
DA:109,2
DA:121,2
DA:133,2
DA:139,1
DA:140,1
DA:151,3
DA:153,3
DA:155,3
DA:165,2
DA:170,1
DA:171,1
DA:181,4
DA:208,4
DA:222,5
DA:224,2
DA:226,1
DA:228,1
DA:230,1
DA:235,1
LF:39
LH:39
BRDA:20,0,0,1
BRDA:21,1,0,1
BRDA:63,2,0,2
BRDA:65,3,0,2
BRDA:66,4,0,2
BRDA:67,5,0,2
BRDA:68,6,0,2
BRDA:77,7,0,1
BRDA:77,7,1,2
BRDA:81,8,0,1
BRDA:81,8,1,2
BRDA:86,9,0,3
BRDA:86,9,1,0
BRDA:153,10,0,1
BRDA:153,10,1,2
BRDA:208,11,0,4
BRDA:208,11,1,1
BRDA:222,12,0,2
BRDA:222,12,1,1
BRDA:222,12,2,1
BRDA:222,12,3,1
BRF:21
BRH:20
end_of_record
TN:
SF:utils\formatters.js
FN:15,(anonymous_0)
FN:38,(anonymous_1)
FN:64,(anonymous_2)
FN:106,(anonymous_3)
FN:128,(anonymous_4)
FN:154,(anonymous_5)
FN:174,(anonymous_6)
FN:199,(anonymous_7)
FN:219,(anonymous_8)
FN:241,(anonymous_9)
FN:274,(anonymous_10)
FNF:11
FNH:9
FNDA:15,(anonymous_0)
FNDA:3,(anonymous_1)
FNDA:4,(anonymous_2)
FNDA:0,(anonymous_3)
FNDA:1,(anonymous_4)
FNDA:7,(anonymous_5)
FNDA:2,(anonymous_6)
FNDA:0,(anonymous_7)
FNDA:8,(anonymous_8)
FNDA:14,(anonymous_9)
FNDA:3,(anonymous_10)
DA:5,6
DA:6,6
DA:15,6
DA:16,15
DA:17,15
DA:19,14
DA:20,14
DA:21,1
DA:22,1
DA:25,13
DA:27,0
DA:28,0
DA:38,6
DA:39,3
DA:40,3
DA:42,2
DA:43,2
DA:44,1
DA:47,1
DA:53,0
DA:54,0
DA:64,6
DA:65,4
DA:66,4
DA:68,4
DA:69,4
DA:70,1
DA:73,3
DA:74,1
DA:81,2
DA:82,1
DA:89,1
DA:95,0
DA:96,0
DA:106,6
DA:107,0
DA:108,0
DA:110,0
DA:111,0
DA:112,0
DA:116,0
DA:118,0
DA:119,0
DA:128,6
DA:129,1
DA:130,1
DA:132,1
DA:133,1
DA:134,0
DA:138,1
DA:143,0
DA:144,0
DA:154,6
DA:155,7
DA:156,7
DA:158,3
DA:163,0
DA:164,0
DA:174,6
DA:175,2
DA:176,2
DA:179,2
DA:180,0
DA:183,2
DA:188,0
DA:189,0
DA:199,6
DA:200,0
DA:201,0
DA:203,0
DA:209,0
DA:210,0
DA:219,6
DA:220,8
DA:221,8
DA:223,6
DA:224,6
DA:226,5
DA:227,5
DA:229,5
DA:231,0
DA:232,0
DA:241,6
DA:242,14
DA:245,11
DA:248,11
DA:249,11
DA:252,9
DA:253,5
DA:254,5
DA:255,5
DA:258,5
DA:259,5
DA:263,4
DA:264,4
DA:265,4
DA:266,4
DA:274,6
DA:275,3
DA:276,3
DA:278,2
DA:279,2
DA:281,1
DA:287,0
DA:288,0
LF:105
LH:74
BRDA:15,0,0,14
BRDA:17,1,0,1
BRDA:17,1,1,14
BRDA:20,2,0,1
BRDA:20,2,1,13
BRDA:38,3,0,3
BRDA:40,4,0,1
BRDA:40,4,1,2
BRDA:43,5,0,1
BRDA:43,5,1,1
BRDA:66,6,0,0
BRDA:66,6,1,4
BRDA:69,7,0,1
BRDA:69,7,1,3
BRDA:73,8,0,1
BRDA:73,8,1,2
BRDA:81,9,0,1
BRDA:81,9,1,1
BRDA:106,10,0,0
BRDA:108,11,0,0
BRDA:108,11,1,0
BRDA:111,12,0,0
BRDA:111,12,1,0
BRDA:128,13,0,1
BRDA:130,14,0,0
BRDA:130,14,1,1
BRDA:133,15,0,0
BRDA:133,15,1,1
BRDA:154,16,0,7
BRDA:156,17,0,4
BRDA:156,17,1,3
BRDA:156,18,0,7
BRDA:156,18,1,5
BRDA:174,19,0,1
BRDA:176,20,0,0
BRDA:176,20,1,2
BRDA:176,21,0,2
BRDA:176,21,1,2
BRDA:179,22,0,0
BRDA:179,22,1,2
BRDA:199,23,0,0
BRDA:201,24,0,0
BRDA:201,24,1,0
BRDA:201,25,0,0
BRDA:201,25,1,0
BRDA:221,26,0,2
BRDA:221,26,1,6
BRDA:221,27,0,8
BRDA:221,27,1,7
BRDA:224,28,0,1
BRDA:224,28,1,5
BRDA:242,29,0,3
BRDA:242,29,1,11
BRDA:245,30,0,11
BRDA:245,30,1,7
BRDA:249,31,0,2
BRDA:249,31,1,9
BRDA:252,32,0,5
BRDA:252,32,1,4
BRDA:253,33,0,1
BRDA:253,33,1,4
BRDA:258,34,0,5
BRDA:258,34,1,0
BRDA:265,35,0,4
BRDA:265,35,1,0
BRDA:276,36,0,1
BRDA:276,36,1,2
BRDA:278,37,0,1
BRDA:278,37,1,1
BRDA:279,38,0,1
BRDA:279,38,1,1
BRF:71
BRH:54
end_of_record
TN:
SF:utils\helpers.js
FN:17,(anonymous_0)
FN:33,(anonymous_1)
FN:49,(anonymous_2)
FN:65,(anonymous_3)
FN:81,(anonymous_4)
FN:91,(anonymous_5)
FN:123,(anonymous_6)
FN:159,(anonymous_7)
FN:163,(anonymous_8)
FN:183,(anonymous_9)
FN:236,(anonymous_10)
FN:249,(anonymous_11)
FN:265,(anonymous_12)
FN:266,(anonymous_13)
FNF:14
FNH:10
FNDA:2,(anonymous_0)
FNDA:2,(anonymous_1)
FNDA:2,(anonymous_2)
FNDA:4,(anonymous_3)
FNDA:2,(anonymous_4)
FNDA:0,(anonymous_5)
FNDA:0,(anonymous_6)
FNDA:2,(anonymous_7)
FNDA:0,(anonymous_8)
FNDA:2,(anonymous_9)
FNDA:4,(anonymous_10)
FNDA:0,(anonymous_11)
FNDA:1,(anonymous_12)
FNDA:5,(anonymous_13)
DA:5,1
DA:6,1
DA:17,1
DA:18,2
DA:25,2
DA:33,1
DA:34,2
DA:41,2
DA:49,1
DA:50,2
DA:57,2
DA:65,1
DA:66,4
DA:67,4
DA:69,4
DA:70,34
DA:73,4
DA:81,1
DA:82,2
DA:83,1
DA:86,1
DA:87,1
DA:88,1
DA:91,1
DA:93,0
DA:111,0
DA:117,0
DA:123,0
DA:124,0
DA:126,0
DA:143,0
DA:150,0
DA:151,0
DA:159,1
DA:160,2
DA:161,2
DA:163,2
DA:164,0
DA:169,0
DA:172,1
DA:173,1
DA:183,1
DA:184,2
DA:187,2
DA:188,2
DA:191,2
DA:192,1
DA:193,1
DA:200,2
DA:201,1
DA:204,1
DA:205,0
DA:209,2
DA:210,1
DA:214,2
DA:215,1
DA:219,2
DA:220,1
DA:224,2
DA:225,1
DA:228,2
DA:236,1
DA:237,4
DA:240,1
DA:249,1
DA:250,0
DA:251,0
DA:256,0
DA:265,1
DA:266,1
DA:267,5
DA:268,5
DA:269,5
DA:270,5
LF:74
LH:59
BRDA:25,0,0,2
BRDA:25,0,1,1
BRDA:41,1,0,2
BRDA:41,1,1,0
BRDA:57,2,0,2
BRDA:57,2,1,0
BRDA:65,3,0,3
BRDA:82,4,0,1
BRDA:82,4,1,1
BRDA:82,5,0,2
BRDA:82,5,1,1
BRDA:129,6,0,0
BRDA:129,6,1,0
BRDA:130,7,0,0
BRDA:130,7,1,0
BRDA:131,8,0,0
BRDA:131,8,1,0
BRDA:132,9,0,0
BRDA:132,9,1,0
BRDA:133,10,0,0
BRDA:133,10,1,0
BRDA:134,11,0,0
BRDA:134,11,1,0
BRDA:136,12,0,0
BRDA:136,12,1,0
BRDA:137,13,0,0
BRDA:137,13,1,0
BRDA:138,14,0,0
BRDA:138,14,1,0
BRDA:145,15,0,0
BRDA:145,15,1,0
BRDA:146,16,0,0
BRDA:146,16,1,0
BRDA:169,17,0,0
BRDA:169,17,1,0
BRDA:183,18,0,1
BRDA:187,19,0,2
BRDA:187,19,1,1
BRDA:188,20,0,2
BRDA:188,20,1,1
BRDA:191,21,0,1
BRDA:191,21,1,1
BRDA:194,22,0,1
BRDA:194,22,1,0
BRDA:195,23,0,1
BRDA:195,23,1,0
BRDA:200,24,0,1
BRDA:200,24,1,1
BRDA:204,25,0,0
BRDA:204,25,1,1
BRDA:209,26,0,1
BRDA:209,26,1,1
BRDA:214,27,0,1
BRDA:214,27,1,1
BRDA:219,28,0,1
BRDA:219,28,1,1
BRDA:224,29,0,1
BRDA:224,29,1,1
BRDA:237,30,0,3
BRDA:237,30,1,1
BRDA:250,31,0,0
BRDA:250,31,1,0
BRDA:250,32,0,0
BRDA:250,32,1,0
BRDA:268,33,0,5
BRDA:268,33,1,3
BRF:66
BRH:33
end_of_record
TN:
SF:utils\sanitizers.js
FN:6,sanitizeInput
FN:17,(anonymous_1)
FNF:2
FNH:0
FNDA:0,sanitizeInput
FNDA:0,(anonymous_1)
DA:1,0
DA:7,0
DA:8,0
DA:11,0
DA:13,0
DA:14,0
DA:15,0
DA:16,0
DA:17,0
DA:18,0
DA:20,0
DA:21,0
DA:23,0
DA:27,0
DA:30,0
LF:15
LH:0
BRDA:7,0,0,0
BRDA:7,0,1,0
BRDA:7,1,0,0
BRDA:7,1,1,0
BRDA:14,2,0,0
BRDA:14,2,1,0
BRDA:16,3,0,0
BRDA:16,3,1,0
BRDA:18,4,0,0
BRDA:18,4,1,0
BRDA:20,5,0,0
BRDA:20,5,1,0
BRDA:20,6,0,0
BRDA:20,6,1,0
BRF:14
BRH:0
end_of_record
TN:
SF:utils\test-helpers.js
FN:1,(anonymous_0)
FN:16,(anonymous_1)
FNF:2
FNH:0
FNDA:0,(anonymous_0)
FNDA:0,(anonymous_1)
DA:1,0
DA:2,0
DA:13,0
DA:16,0
DA:17,0
DA:26,0
LF:6
LH:0
BRDA:1,0,0,0
BRF:1
BRH:0
end_of_record
TN:
SF:utils\validators.js
FN:13,(anonymous_0)
FN:72,(anonymous_1)
FN:105,(anonymous_2)
FN:142,(anonymous_3)
FN:216,(anonymous_4)
FN:277,(anonymous_5)
FN:317,(anonymous_6)
FNF:7
FNH:7
FNDA:20,(anonymous_0)
FNDA:5,(anonymous_1)
FNDA:3,(anonymous_2)
FNDA:3,(anonymous_3)
FNDA:4,(anonymous_4)
FNDA:19,(anonymous_5)
FNDA:10,(anonymous_6)
DA:5,3
DA:13,3
DA:21,20
DA:23,20
DA:26,20
DA:27,14
DA:28,4
DA:30,14
DA:34,6
DA:35,6
DA:38,6
DA:39,2
DA:43,6
DA:44,1
DA:47,6
DA:48,0
DA:52,6
DA:53,0
DA:57,6
DA:59,6
DA:72,3
DA:73,5
DA:76,5
DA:77,1
DA:78,1
DA:80,1
DA:84,4
DA:85,4
DA:86,4
DA:90,0
DA:92,0
DA:105,3
DA:106,3
DA:109,3
DA:110,0
DA:111,0
DA:113,0
DA:117,3
DA:120,3
DA:121,1
DA:125,3
DA:126,3
DA:129,3
DA:142,3
DA:150,3
DA:152,3
DA:155,3
DA:156,0
DA:157,0
DA:159,0
DA:165,3
DA:166,3
DA:167,3
DA:168,1
DA:171,1
DA:172,1
DA:175,2
DA:178,2
DA:179,0
DA:183,2
DA:184,0
DA:188,2
DA:189,1
DA:190,1
DA:191,1
DA:196,2
DA:197,0
DA:198,0
DA:199,0
DA:203,2
DA:216,3
DA:223,4
DA:225,4
DA:228,4
DA:229,0
DA:230,0
DA:232,0
DA:236,4
DA:239,4
DA:240,0
DA:241,0
DA:245,4
DA:246,1
DA:250,4
DA:251,0
DA:255,4
DA:256,1
DA:260,4
DA:261,0
DA:264,4
DA:277,3
DA:278,19
DA:281,19
DA:282,11
DA:283,0
DA:285,11
DA:290,8
DA:291,6
DA:292,6
DA:293,3
DA:294,3
DA:295,2
DA:297,1
DA:298,1
DA:301,2
DA:304,7
DA:317,3
DA:318,10
DA:319,10
DA:322,10
DA:323,32
DA:324,32
DA:327,32
DA:329,16
DA:330,16
DA:331,5
DA:333,16
DA:334,16
DA:337,2
DA:338,2
DA:339,2
DA:341,2
DA:342,2
DA:345,0
DA:346,0
DA:347,0
DA:349,0
DA:350,0
DA:353,0
DA:354,0
DA:355,0
DA:357,0
DA:358,0
DA:361,1
DA:362,1
DA:363,0
DA:365,1
DA:366,1
DA:369,12
DA:370,12
DA:371,0
DA:373,12
DA:374,12
DA:377,1
DA:381,32
DA:382,8
DA:386,10
DA:394,3
LF:148
LH:113
BRDA:13,0,0,1
BRDA:15,1,0,12
BRDA:16,2,0,19
BRDA:17,3,0,20
BRDA:18,4,0,20
BRDA:19,5,0,20
BRDA:20,6,0,20
BRDA:26,7,0,14
BRDA:26,7,1,6
BRDA:26,8,0,20
BRDA:26,8,1,20
BRDA:27,9,0,4
BRDA:27,9,1,10
BRDA:35,10,0,6
BRDA:35,10,1,0
BRDA:38,11,0,2
BRDA:38,11,1,4
BRDA:38,12,0,6
BRDA:38,12,1,2
BRDA:43,13,0,1
BRDA:43,13,1,5
BRDA:47,14,0,0
BRDA:47,14,1,6
BRDA:52,15,0,0
BRDA:52,15,1,6
BRDA:52,16,0,6
BRDA:52,16,1,0
BRDA:72,17,0,2
BRDA:76,18,0,1
BRDA:76,18,1,4
BRDA:77,19,0,1
BRDA:77,19,1,0
BRDA:84,20,0,4
BRDA:84,20,1,0
BRDA:105,21,0,3
BRDA:109,22,0,0
BRDA:109,22,1,3
BRDA:110,23,0,0
BRDA:110,23,1,0
BRDA:120,24,0,1
BRDA:120,24,1,2
BRDA:120,25,0,3
BRDA:120,25,1,2
BRDA:125,26,0,3
BRDA:125,26,1,0
BRDA:142,27,0,2
BRDA:144,28,0,3
BRDA:145,29,0,3
BRDA:146,30,0,3
BRDA:149,31,0,3
BRDA:155,32,0,0
BRDA:155,32,1,3
BRDA:156,33,0,0
BRDA:156,33,1,0
BRDA:167,34,0,1
BRDA:167,34,1,2
BRDA:178,35,0,0
BRDA:178,35,1,2
BRDA:178,36,0,2
BRDA:178,36,1,0
BRDA:183,37,0,0
BRDA:183,37,1,2
BRDA:183,38,0,2
BRDA:183,38,1,0
BRDA:188,39,0,1
BRDA:188,39,1,1
BRDA:190,40,0,1
BRDA:190,40,1,0
BRDA:196,41,0,0
BRDA:196,41,1,2
BRDA:198,42,0,0
BRDA:198,42,1,0
BRDA:216,43,0,1
BRDA:218,44,0,4
BRDA:219,45,0,2
BRDA:220,46,0,3
BRDA:221,47,0,3
BRDA:222,48,0,4
BRDA:228,49,0,0
BRDA:228,49,1,4
BRDA:228,50,0,4
BRDA:228,50,1,4
BRDA:228,50,2,4
BRDA:229,51,0,0
BRDA:229,51,1,0
BRDA:239,52,0,0
BRDA:239,52,1,4
BRDA:245,53,0,1
BRDA:245,53,1,3
BRDA:245,54,0,4
BRDA:245,54,1,1
BRDA:250,55,0,0
BRDA:250,55,1,4
BRDA:250,56,0,4
BRDA:250,56,1,0
BRDA:255,57,0,1
BRDA:255,57,1,3
BRDA:260,58,0,0
BRDA:260,58,1,4
BRDA:277,59,0,19
BRDA:281,60,0,11
BRDA:281,60,1,8
BRDA:281,61,0,19
BRDA:281,61,1,19
BRDA:281,61,2,8
BRDA:282,62,0,0
BRDA:282,62,1,11
BRDA:290,63,0,6
BRDA:290,63,1,2
BRDA:292,64,0,3
BRDA:292,64,1,3
BRDA:294,65,0,2
BRDA:294,65,1,1
BRDA:317,66,0,0
BRDA:317,67,0,0
BRDA:327,68,0,16
BRDA:327,68,1,2
BRDA:327,68,2,0
BRDA:327,68,3,0
BRDA:327,68,4,1
BRDA:327,68,5,12
BRDA:327,68,6,1
BRDA:330,69,0,5
BRDA:330,69,1,11
BRDA:338,70,0,2
BRDA:338,70,1,0
BRDA:346,71,0,0
BRDA:346,71,1,0
BRDA:354,72,0,0
BRDA:354,72,1,0
BRDA:362,73,0,0
BRDA:362,73,1,1
BRDA:370,74,0,0
BRDA:370,74,1,12
BRDA:381,75,0,8
BRDA:381,75,1,24
BRF:136
BRH:96
end_of_record
