TN:
SF:controllers\appointment.controller.js
FN:13,(anonymous_0)
FN:89,(anonymous_1)
FN:137,(anonymous_2)
FN:193,(anonymous_3)
FN:212,(anonymous_4)
FN:310,(anonymous_5)
FN:428,(anonymous_6)
FN:502,(anonymous_7)
FN:572,(anonymous_8)
FN:634,(anonymous_9)
FN:636,(anonymous_10)
FN:639,(anonymous_11)
FNF:12
FNH:8
FNDA:2,(anonymous_0)
FNDA:2,(anonymous_1)
FNDA:2,(anonymous_2)
FNDA:0,(anonymous_3)
FNDA:4,(anonymous_4)
FNDA:2,(anonymous_5)
FNDA:2,(anonymous_6)
FNDA:2,(anonymous_7)
FNDA:1,(anonymous_8)
FNDA:0,(anonymous_9)
FNDA:0,(anonymous_10)
FNDA:0,(anonymous_11)
DA:5,1
DA:6,1
DA:7,1
DA:8,1
DA:13,1
DA:14,2
DA:16,2
DA:19,2
DA:20,2
DA:21,2
DA:23,2
DA:24,1
DA:25,1
DA:28,2
DA:29,1
DA:30,1
DA:33,2
DA:34,1
DA:35,1
DA:39,1
DA:40,1
DA:44,2
DA:47,2
DA:50,2
DA:72,2
DA:75,2
DA:83,2
DA:89,1
DA:90,2
DA:91,2
DA:109,1
DA:110,1
DA:113,1
DA:128,1
DA:129,1
DA:130,1
DA:137,1
DA:138,2
DA:139,2
DA:142,2
DA:159,2
DA:160,2
DA:161,2
DA:162,2
DA:165,0
DA:166,0
DA:169,0
DA:175,0
DA:193,0
DA:201,0
DA:203,2
DA:204,2
DA:205,2
DA:212,1
DA:213,4
DA:224,4
DA:227,4
DA:228,1
DA:229,1
DA:230,1
DA:231,1
DA:234,3
DA:235,0
DA:236,0
DA:237,0
DA:238,0
DA:241,3
DA:242,1
DA:243,1
DA:244,1
DA:245,1
DA:248,2
DA:249,1
DA:250,1
DA:251,1
DA:252,1
DA:256,1
DA:259,1
DA:280,1
DA:295,1
DA:301,0
DA:302,0
DA:303,0
DA:310,1
DA:311,2
DA:312,2
DA:323,2
DA:326,2
DA:327,0
DA:328,0
DA:329,0
DA:330,0
DA:333,2
DA:334,0
DA:335,0
DA:336,0
DA:337,0
DA:340,2
DA:341,0
DA:342,0
DA:343,0
DA:344,0
DA:347,2
DA:348,0
DA:349,0
DA:350,0
DA:351,0
DA:355,2
DA:360,2
DA:361,1
DA:362,1
DA:363,1
DA:367,1
DA:370,1
DA:398,1
DA:413,1
DA:419,1
DA:420,1
DA:421,1
DA:428,1
DA:429,2
DA:430,2
DA:433,2
DA:434,0
DA:435,0
DA:436,0
DA:437,0
DA:441,2
DA:442,1
DA:443,1
DA:444,1
DA:445,1
DA:449,1
DA:455,1
DA:456,1
DA:472,1
DA:487,1
DA:493,0
DA:494,0
DA:495,0
DA:502,1
DA:503,2
DA:504,2
DA:505,2
DA:507,2
DA:508,1
DA:509,1
DA:510,1
DA:511,1
DA:515,1
DA:520,1
DA:521,0
DA:522,0
DA:523,0
DA:527,1
DA:542,1
DA:557,1
DA:563,1
DA:564,1
DA:565,1
DA:572,1
DA:573,1
DA:574,1
DA:577,1
DA:578,1
DA:579,1
DA:582,1
DA:583,1
DA:584,1
DA:587,1
DA:588,1
DA:589,1
DA:593,1
DA:594,1
DA:595,1
DA:599,1
DA:602,1
DA:624,1
DA:627,1
DA:634,0
DA:636,0
DA:639,0
DA:648,0
DA:649,0
DA:650,0
LF:185
LH:140
BRDA:16,0,0,1
BRDA:16,1,0,1
BRDA:23,2,0,1
BRDA:23,2,1,1
BRDA:28,3,0,1
BRDA:28,3,1,1
BRDA:33,4,0,1
BRDA:33,4,1,1
BRDA:44,5,0,1
BRDA:44,5,1,1
BRDA:95,6,0,2
BRDA:95,6,1,0
BRDA:97,7,0,2
BRDA:97,7,1,0
BRDA:102,8,0,2
BRDA:102,8,1,0
BRDA:159,9,0,2
BRDA:159,9,1,0
BRDA:180,10,0,0
BRDA:180,10,1,0
BRDA:182,11,0,0
BRDA:182,11,1,0
BRDA:186,12,0,0
BRDA:186,12,1,0
BRDA:187,13,0,0
BRDA:187,13,1,0
BRDA:188,14,0,0
BRDA:188,14,1,0
BRDA:227,15,0,1
BRDA:227,15,1,3
BRDA:227,16,0,4
BRDA:227,16,1,3
BRDA:227,16,2,3
BRDA:234,17,0,0
BRDA:234,17,1,3
BRDA:234,18,0,3
BRDA:234,18,1,1
BRDA:241,19,0,1
BRDA:241,19,1,2
BRDA:241,20,0,3
BRDA:241,20,1,3
BRDA:248,21,0,1
BRDA:248,21,1,1
BRDA:248,22,0,2
BRDA:248,22,1,2
BRDA:268,23,0,1
BRDA:268,23,1,0
BRDA:269,24,0,1
BRDA:269,24,1,0
BRDA:271,25,0,1
BRDA:271,25,1,0
BRDA:272,26,0,1
BRDA:272,26,1,0
BRDA:273,27,0,1
BRDA:273,27,1,0
BRDA:274,28,0,1
BRDA:274,28,1,0
BRDA:326,29,0,0
BRDA:326,29,1,2
BRDA:326,30,0,2
BRDA:326,30,1,2
BRDA:326,30,2,2
BRDA:333,31,0,0
BRDA:333,31,1,2
BRDA:333,32,0,2
BRDA:333,32,1,1
BRDA:340,33,0,0
BRDA:340,33,1,2
BRDA:340,34,0,2
BRDA:340,34,1,2
BRDA:347,35,0,0
BRDA:347,35,1,2
BRDA:347,36,0,2
BRDA:347,36,1,2
BRDA:360,37,0,1
BRDA:360,37,1,1
BRDA:386,38,0,1
BRDA:386,38,1,0
BRDA:387,39,0,1
BRDA:387,39,1,0
BRDA:389,40,0,1
BRDA:389,40,1,0
BRDA:390,41,0,1
BRDA:390,41,1,0
BRDA:391,42,0,1
BRDA:391,42,1,0
BRDA:392,43,0,1
BRDA:392,43,1,0
BRDA:433,44,0,0
BRDA:433,44,1,2
BRDA:433,45,0,2
BRDA:433,45,1,2
BRDA:441,46,0,1
BRDA:441,46,1,1
BRDA:455,47,0,1
BRDA:455,47,1,0
BRDA:455,48,0,1
BRDA:455,48,1,1
BRDA:507,49,0,1
BRDA:507,49,1,1
BRDA:507,50,0,2
BRDA:507,50,1,1
BRDA:520,51,0,0
BRDA:520,51,1,1
BRDA:582,52,0,1
BRDA:582,52,1,0
BRDA:587,53,0,1
BRDA:587,53,1,0
BRDA:593,54,0,1
BRDA:593,54,1,0
BRDA:599,55,0,1
BRDA:599,55,1,0
BRF:112
BRH:74
end_of_record
TN:
SF:controllers\auth.controller.js
FN:12,(anonymous_0)
FN:59,(anonymous_1)
FN:80,(anonymous_2)
FN:147,(anonymous_3)
FN:192,(anonymous_4)
FN:271,(anonymous_5)
FNF:6
FNH:6
FNDA:5,(anonymous_0)
FNDA:2,(anonymous_1)
FNDA:3,(anonymous_2)
FNDA:2,(anonymous_3)
FNDA:4,(anonymous_4)
FNDA:2,(anonymous_5)
DA:5,1
DA:6,1
DA:7,1
DA:12,1
DA:13,5
DA:14,5
DA:17,5
DA:18,1
DA:19,1
DA:20,1
DA:24,4
DA:29,4
DA:30,1
DA:31,1
DA:32,1
DA:35,3
DA:38,3
DA:40,3
DA:41,1
DA:42,1
DA:43,1
DA:47,2
DA:48,1
DA:49,1
DA:50,1
DA:54,1
DA:59,2
DA:63,1
DA:69,1
DA:71,4
DA:72,4
DA:73,4
DA:80,1
DA:81,3
DA:82,3
DA:85,3
DA:86,0
DA:87,0
DA:88,0
DA:92,3
DA:95,3
DA:101,3
DA:102,2
DA:108,1
DA:111,1
DA:112,1
DA:118,1
DA:119,1
DA:122,1
DA:130,1
DA:138,0
DA:139,0
DA:140,0
DA:147,1
DA:148,2
DA:149,2
DA:151,2
DA:152,0
DA:153,0
DA:154,0
DA:158,2
DA:164,2
DA:171,2
DA:172,1
DA:173,1
DA:174,1
DA:177,1
DA:183,1
DA:184,1
DA:185,1
DA:192,1
DA:193,4
DA:194,4
DA:195,4
DA:198,4
DA:199,0
DA:200,0
DA:201,0
DA:204,4
DA:205,1
DA:206,1
DA:207,1
DA:210,3
DA:211,1
DA:212,1
DA:213,1
DA:217,2
DA:223,2
DA:230,2
DA:231,1
DA:232,1
DA:233,1
DA:236,1
DA:239,1
DA:240,1
DA:243,1
DA:251,1
DA:257,1
DA:262,3
DA:263,3
DA:264,3
DA:271,1
DA:272,2
DA:273,2
DA:275,1
DA:282,2
DA:284,0
DA:285,0
DA:286,0
LF:109
LH:94
BRDA:17,0,0,1
BRDA:17,0,1,4
BRDA:17,1,0,5
BRDA:17,1,1,4
BRDA:29,2,0,1
BRDA:29,2,1,3
BRDA:40,3,0,1
BRDA:40,3,1,2
BRDA:47,4,0,1
BRDA:47,4,1,1
BRDA:85,5,0,0
BRDA:85,5,1,3
BRDA:85,6,0,3
BRDA:85,6,1,3
BRDA:101,7,0,2
BRDA:101,7,1,1
BRDA:151,8,0,0
BRDA:151,8,1,2
BRDA:171,9,0,1
BRDA:171,9,1,1
BRDA:198,10,0,0
BRDA:198,10,1,4
BRDA:198,11,0,4
BRDA:198,11,1,4
BRDA:204,12,0,1
BRDA:204,12,1,3
BRDA:210,13,0,1
BRDA:210,13,1,2
BRDA:230,14,0,1
BRDA:230,14,1,1
BRDA:273,15,0,1
BRDA:273,15,1,1
BRDA:273,16,0,2
BRDA:273,16,1,2
BRF:34
BRH:31
end_of_record
TN:
SF:controllers\contact.controller.js
FN:18,(anonymous_0)
FN:100,(anonymous_1)
FN:158,(anonymous_2)
FNF:3
FNH:3
FNDA:6,(anonymous_0)
FNDA:3,(anonymous_1)
FNDA:3,(anonymous_2)
DA:5,1
DA:6,1
DA:7,1
DA:18,1
DA:19,6
DA:20,6
DA:22,6
DA:49,6
DA:51,6
DA:52,1
DA:64,5
DA:67,5
DA:91,2
DA:94,2
DA:100,2
DA:101,3
DA:111,2
DA:114,2
DA:115,1
DA:121,1
DA:122,1
DA:126,3
DA:129,3
DA:130,1
DA:137,2
DA:138,1
DA:143,1
DA:144,1
DA:158,1
DA:159,3
DA:160,3
DA:162,3
DA:170,2
DA:171,1
DA:172,1
DA:173,1
DA:174,1
DA:177,1
DA:179,1
DA:180,1
DA:181,1
LF:41
LH:41
BRDA:51,0,0,1
BRDA:51,0,1,5
BRDA:61,1,0,0
BRDA:114,2,0,1
BRDA:114,2,1,1
BRDA:114,3,0,2
BRDA:114,3,1,1
BRDA:129,4,0,1
BRDA:129,4,1,2
BRDA:137,5,0,1
BRDA:137,5,1,1
BRDA:137,6,0,2
BRDA:137,6,1,1
BRDA:170,7,0,1
BRDA:170,7,1,1
BRF:15
BRH:14
end_of_record
TN:
SF:controllers\customer.controller.js
FN:13,(anonymous_0)
FN:77,(anonymous_1)
FN:133,(anonymous_2)
FN:150,(anonymous_3)
FN:212,(anonymous_4)
FN:223,(anonymous_5)
FN:247,(anonymous_6)
FN:333,(anonymous_7)
FN:443,(anonymous_8)
FN:512,(anonymous_9)
FN:569,(anonymous_10)
FN:638,(anonymous_11)
FN:693,(anonymous_12)
FN:695,(anonymous_13)
FN:697,(anonymous_14)
FN:699,(anonymous_15)
FNF:16
FNH:10
FNDA:2,(anonymous_0)
FNDA:2,(anonymous_1)
FNDA:1,(anonymous_2)
FNDA:2,(anonymous_3)
FNDA:2,(anonymous_4)
FNDA:2,(anonymous_5)
FNDA:2,(anonymous_6)
FNDA:2,(anonymous_7)
FNDA:2,(anonymous_8)
FNDA:0,(anonymous_9)
FNDA:0,(anonymous_10)
FNDA:1,(anonymous_11)
FNDA:0,(anonymous_12)
FNDA:0,(anonymous_13)
FNDA:0,(anonymous_14)
FNDA:0,(anonymous_15)
DA:5,1
DA:6,1
DA:7,1
DA:8,1
DA:13,1
DA:14,2
DA:16,2
DA:19,2
DA:20,2
DA:21,2
DA:23,2
DA:24,1
DA:25,1
DA:28,2
DA:29,1
DA:30,1
DA:33,2
DA:34,1
DA:35,1
DA:40,1
DA:41,1
DA:45,2
DA:48,2
DA:51,2
DA:61,2
DA:64,2
DA:71,2
DA:77,2
DA:95,1
DA:105,1
DA:115,1
DA:116,1
DA:119,1
DA:133,1
DA:139,1
DA:141,1
DA:142,1
DA:143,1
DA:150,1
DA:151,2
DA:152,2
DA:155,2
DA:160,2
DA:161,1
DA:162,1
DA:163,1
DA:164,1
DA:167,1
DA:170,1
DA:182,1
DA:194,1
DA:213,2
DA:214,2
DA:224,2
DA:225,2
DA:236,1
DA:238,1
DA:239,1
DA:240,1
DA:247,1
DA:248,2
DA:261,2
DA:264,2
DA:265,1
DA:266,1
DA:267,1
DA:268,1
DA:271,1
DA:272,0
DA:273,0
DA:274,0
DA:275,0
DA:279,1
DA:303,1
DA:318,1
DA:324,0
DA:325,0
DA:326,0
DA:333,1
DA:334,2
DA:335,2
DA:348,2
DA:351,2
DA:352,0
DA:353,0
DA:354,0
DA:355,0
DA:358,2
DA:359,0
DA:360,0
DA:361,0
DA:362,0
DA:366,2
DA:371,2
DA:372,1
DA:373,1
DA:374,1
DA:375,1
DA:379,1
DA:413,1
DA:428,1
DA:434,1
DA:435,1
DA:436,1
DA:443,1
DA:444,2
DA:445,2
DA:446,2
DA:448,2
DA:449,1
DA:450,1
DA:451,1
DA:452,1
DA:456,1
DA:461,1
DA:462,0
DA:463,0
DA:464,0
DA:465,0
DA:468,1
DA:469,1
DA:470,1
DA:473,1
DA:476,1
DA:482,1
DA:497,1
DA:503,1
DA:504,1
DA:505,1
DA:512,1
DA:513,0
DA:514,0
DA:517,0
DA:518,0
DA:519,0
DA:520,0
DA:521,0
DA:525,0
DA:526,0
DA:527,0
DA:528,0
DA:529,0
DA:533,0
DA:539,0
DA:554,0
DA:560,0
DA:561,0
DA:562,0
DA:569,1
DA:570,0
DA:571,0
DA:574,0
DA:575,0
DA:576,0
DA:577,0
DA:578,0
DA:582,0
DA:587,0
DA:592,0
DA:593,0
DA:595,0
DA:596,0
DA:597,0
DA:598,0
DA:599,0
DA:603,0
DA:609,0
DA:624,0
DA:629,0
DA:630,0
DA:631,0
DA:638,1
DA:639,1
DA:640,1
DA:643,1
DA:644,1
DA:645,1
DA:647,1
DA:648,1
DA:649,1
DA:652,0
DA:655,1
DA:656,1
DA:657,1
DA:661,1
DA:664,1
DA:676,1
DA:679,1
DA:693,0
DA:695,0
DA:697,0
DA:699,0
DA:704,0
DA:705,0
DA:706,0
LF:195
LH:128
BRDA:16,0,0,1
BRDA:16,1,0,1
BRDA:23,2,0,1
BRDA:23,2,1,1
BRDA:28,3,0,1
BRDA:28,3,1,1
BRDA:33,4,0,1
BRDA:33,4,1,1
BRDA:45,5,0,1
BRDA:45,5,1,1
BRDA:87,6,0,2
BRDA:87,6,1,0
BRDA:88,7,0,2
BRDA:88,7,1,0
BRDA:90,8,0,0
BRDA:90,8,1,2
BRDA:160,9,0,1
BRDA:160,9,1,1
BRDA:198,10,0,1
BRDA:198,10,1,0
BRDA:200,11,0,1
BRDA:200,11,1,0
BRDA:201,12,0,1
BRDA:201,12,1,0
BRDA:202,13,0,1
BRDA:202,13,1,0
BRDA:203,14,0,1
BRDA:203,14,1,0
BRDA:204,15,0,0
BRDA:204,15,1,1
BRDA:206,16,0,1
BRDA:206,16,1,0
BRDA:207,17,0,1
BRDA:207,17,1,0
BRDA:208,18,0,1
BRDA:208,18,1,0
BRDA:264,19,0,1
BRDA:264,19,1,1
BRDA:264,20,0,2
BRDA:264,20,1,1
BRDA:271,21,0,0
BRDA:271,21,1,1
BRDA:271,22,0,1
BRDA:271,22,1,1
BRDA:289,23,0,1
BRDA:289,23,1,0
BRDA:291,24,0,1
BRDA:291,24,1,0
BRDA:292,25,0,1
BRDA:292,25,1,0
BRDA:293,26,0,1
BRDA:293,26,1,0
BRDA:294,27,0,1
BRDA:294,27,1,0
BRDA:295,28,0,1
BRDA:295,28,1,0
BRDA:296,29,0,1
BRDA:296,29,1,0
BRDA:297,30,0,1
BRDA:297,30,1,0
BRDA:298,31,0,1
BRDA:298,31,1,0
BRDA:351,32,0,0
BRDA:351,32,1,2
BRDA:351,33,0,2
BRDA:351,33,1,2
BRDA:358,34,0,0
BRDA:358,34,1,2
BRDA:358,35,0,2
BRDA:358,35,1,1
BRDA:371,36,0,1
BRDA:371,36,1,1
BRDA:398,37,0,1
BRDA:398,37,1,0
BRDA:400,38,0,1
BRDA:400,38,1,0
BRDA:401,39,0,1
BRDA:401,39,1,1
BRDA:402,40,0,1
BRDA:402,40,1,1
BRDA:403,41,0,1
BRDA:403,41,1,1
BRDA:404,42,0,1
BRDA:404,42,1,0
BRDA:405,43,0,1
BRDA:405,43,1,1
BRDA:406,44,0,1
BRDA:406,44,1,1
BRDA:407,45,0,1
BRDA:407,45,1,1
BRDA:448,46,0,1
BRDA:448,46,1,1
BRDA:448,47,0,2
BRDA:448,47,1,1
BRDA:461,48,0,0
BRDA:461,48,1,1
BRDA:468,49,0,1
BRDA:468,49,1,0
BRDA:517,50,0,0
BRDA:517,50,1,0
BRDA:517,51,0,0
BRDA:517,51,1,0
BRDA:525,52,0,0
BRDA:525,52,1,0
BRDA:574,53,0,0
BRDA:574,53,1,0
BRDA:595,54,0,0
BRDA:595,54,1,0
BRDA:595,55,0,0
BRDA:595,55,1,0
BRDA:647,56,0,1
BRDA:647,56,1,0
BRDA:655,57,0,1
BRDA:655,57,1,0
BRDA:661,58,0,1
BRDA:661,58,1,0
BRDA:693,59,0,0
BRDA:693,59,1,0
BRDA:695,60,0,0
BRDA:695,60,1,0
BRDA:699,61,0,0
BRDA:699,61,1,0
BRF:122
BRH:72
end_of_record
TN:
SF:controllers\dashboard.controller.js
FN:14,(anonymous_0)
FN:67,(anonymous_1)
FN:69,(anonymous_2)
FN:164,getChartData
FN:168,(anonymous_4)
FN:189,(anonymous_5)
FN:190,(anonymous_6)
FN:196,(anonymous_7)
FN:234,(anonymous_8)
FN:235,(anonymous_9)
FN:252,calculateDateRange
FN:288,getRecentRequests
FN:290,(anonymous_12)
FN:302,(anonymous_13)
FN:359,getUpcomingAppointments
FN:361,(anonymous_15)
FN:380,(anonymous_16)
FN:403,(anonymous_17)
FN:473,(anonymous_18)
FN:484,(anonymous_19)
FN:494,(anonymous_20)
FN:504,(anonymous_21)
FN:514,(anonymous_22)
FN:533,(anonymous_23)
FN:554,(anonymous_24)
FN:614,(anonymous_25)
FNF:26
FNH:26
FNDA:1,(anonymous_0)
FNDA:2,(anonymous_1)
FNDA:2,(anonymous_2)
FNDA:1,getChartData
FNDA:1,(anonymous_4)
FNDA:2,(anonymous_5)
FNDA:2,(anonymous_6)
FNDA:1,(anonymous_7)
FNDA:2,(anonymous_8)
FNDA:2,(anonymous_9)
FNDA:1,calculateDateRange
FNDA:1,getRecentRequests
FNDA:1,(anonymous_12)
FNDA:3,(anonymous_13)
FNDA:1,getUpcomingAppointments
FNDA:1,(anonymous_15)
FNDA:1,(anonymous_16)
FNDA:2,(anonymous_17)
FNDA:1,(anonymous_18)
FNDA:1,(anonymous_19)
FNDA:1,(anonymous_20)
FNDA:1,(anonymous_21)
FNDA:1,(anonymous_22)
FNDA:1,(anonymous_23)
FNDA:2,(anonymous_24)
FNDA:2,(anonymous_25)
DA:5,1
DA:6,1
DA:7,1
DA:8,1
DA:9,1
DA:14,1
DA:15,1
DA:17,1
DA:20,1
DA:21,1
DA:24,1
DA:36,1
DA:37,1
DA:38,1
DA:39,1
DA:42,1
DA:49,1
DA:59,0
DA:60,0
DA:67,1
DA:68,2
DA:69,2
DA:71,2
DA:75,2
DA:80,2
DA:87,2
DA:92,2
DA:97,2
DA:104,2
DA:108,2
DA:114,2
DA:119,2
DA:126,2
DA:127,2
DA:128,2
DA:129,2
DA:132,2
DA:133,2
DA:134,2
DA:135,2
DA:138,2
DA:139,2
DA:140,2
DA:143,2
DA:144,2
DA:145,2
DA:148,2
DA:156,0
DA:157,0
DA:165,1
DA:167,1
DA:168,1
DA:170,1
DA:173,1
DA:188,1
DA:189,2
DA:190,2
DA:195,1
DA:196,1
DA:199,1
DA:201,0
DA:202,0
DA:204,0
DA:205,0
DA:207,0
DA:208,0
DA:211,1
DA:215,1
DA:233,1
DA:234,2
DA:235,2
DA:239,1
DA:244,0
DA:245,0
DA:253,1
DA:256,1
DA:258,0
DA:259,0
DA:260,0
DA:261,0
DA:262,0
DA:264,0
DA:265,0
DA:266,0
DA:267,0
DA:268,0
DA:270,0
DA:271,0
DA:272,0
DA:273,0
DA:276,1
DA:277,1
DA:278,1
DA:279,1
DA:282,1
DA:289,1
DA:290,1
DA:291,1
DA:302,1
DA:305,3
DA:307,0
DA:308,0
DA:309,0
DA:311,0
DA:312,0
DA:313,0
DA:315,0
DA:316,0
DA:317,0
DA:319,3
DA:320,3
DA:325,3
DA:327,0
DA:328,0
DA:330,0
DA:331,0
DA:333,0
DA:334,0
DA:336,3
DA:339,3
DA:351,0
DA:352,0
DA:360,1
DA:361,1
DA:362,1
DA:380,1
DA:381,1
DA:382,1
DA:384,1
DA:395,1
DA:396,1
DA:403,1
DA:404,2
DA:405,1
DA:414,1
DA:415,1
DA:424,1
DA:472,1
DA:473,1
DA:484,1
DA:494,1
DA:504,1
DA:514,1
DA:525,0
DA:526,0
DA:533,1
DA:534,1
DA:536,1
DA:554,1
DA:557,2
DA:559,1
DA:560,1
DA:561,1
DA:563,1
DA:564,1
DA:565,1
DA:567,0
DA:568,0
DA:569,0
DA:571,0
DA:572,0
DA:577,2
DA:579,1
DA:580,1
DA:582,1
DA:583,1
DA:585,0
DA:586,0
DA:588,0
DA:591,2
DA:604,1
DA:606,0
DA:607,0
DA:614,1
DA:615,2
DA:618,2
DA:620,1
DA:626,1
DA:628,1
DA:635,0
DA:639,2
DA:641,2
DA:647,0
DA:648,0
LF:184
LH:126
BRDA:20,0,0,1
BRDA:20,0,1,1
BRDA:21,1,0,1
BRDA:21,1,1,1
BRDA:126,2,0,2
BRDA:126,2,1,0
BRDA:127,3,0,2
BRDA:127,3,1,0
BRDA:128,4,0,2
BRDA:128,4,1,0
BRDA:129,5,0,2
BRDA:129,5,1,0
BRDA:132,6,0,2
BRDA:132,6,1,0
BRDA:133,7,0,2
BRDA:133,7,1,0
BRDA:134,8,0,2
BRDA:134,8,1,0
BRDA:135,9,0,2
BRDA:135,9,1,0
BRDA:138,10,0,2
BRDA:138,10,1,0
BRDA:139,11,0,2
BRDA:139,11,1,0
BRDA:140,12,0,2
BRDA:140,12,1,0
BRDA:143,13,0,2
BRDA:143,13,1,0
BRDA:144,14,0,2
BRDA:144,14,1,0
BRDA:145,15,0,2
BRDA:145,15,1,0
BRDA:199,16,0,0
BRDA:199,16,1,0
BRDA:199,16,2,0
BRDA:199,16,3,1
BRDA:199,16,4,1
BRDA:256,17,0,0
BRDA:256,17,1,0
BRDA:256,17,2,0
BRDA:256,17,3,1
BRDA:256,17,4,1
BRDA:305,18,0,0
BRDA:305,18,1,0
BRDA:305,18,2,0
BRDA:305,18,3,3
BRDA:325,19,0,0
BRDA:325,19,1,0
BRDA:325,19,2,0
BRDA:325,19,3,3
BRDA:387,20,0,1
BRDA:387,20,1,1
BRDA:404,21,0,1
BRDA:404,21,1,1
BRDA:404,22,0,2
BRDA:404,22,1,2
BRDA:557,23,0,1
BRDA:557,23,1,1
BRDA:557,23,2,0
BRDA:557,23,3,0
BRDA:577,24,0,1
BRDA:577,24,1,1
BRDA:577,24,2,0
BRDA:577,24,3,0
BRDA:618,25,0,1
BRDA:618,25,1,1
BRDA:626,26,0,1
BRDA:626,26,1,0
BRDA:644,27,0,1
BRDA:644,27,1,1
BRF:70
BRH:39
end_of_record
TN:
SF:controllers\profile.controller.js
FN:12,(anonymous_0)
FN:81,(anonymous_1)
FN:97,(anonymous_2)
FN:163,(anonymous_3)
FN:177,(anonymous_4)
FN:269,(anonymous_5)
FN:310,(anonymous_6)
FNF:7
FNH:6
FNDA:2,(anonymous_0)
FNDA:0,(anonymous_1)
FNDA:3,(anonymous_2)
FNDA:2,(anonymous_3)
FNDA:4,(anonymous_4)
FNDA:2,(anonymous_5)
FNDA:2,(anonymous_6)
DA:5,1
DA:6,1
DA:7,1
DA:12,1
DA:13,2
DA:14,2
DA:17,2
DA:28,2
DA:29,2
DA:30,2
DA:31,2
DA:34,0
DA:37,0
DA:45,0
DA:53,0
DA:65,0
DA:81,0
DA:88,2
DA:89,2
DA:90,2
DA:97,1
DA:98,3
DA:99,3
DA:104,3
DA:107,3
DA:108,1
DA:109,1
DA:110,1
DA:114,2
DA:115,2
DA:120,2
DA:121,1
DA:122,1
DA:123,1
DA:128,1
DA:142,1
DA:156,1
DA:163,2
DA:168,2
DA:169,2
DA:170,2
DA:177,1
DA:178,4
DA:179,4
DA:180,4
DA:183,4
DA:184,0
DA:185,0
DA:186,0
DA:189,4
DA:190,1
DA:191,1
DA:192,1
DA:195,3
DA:196,1
DA:197,1
DA:198,1
DA:202,2
DA:207,2
DA:208,0
DA:209,0
DA:210,0
DA:214,2
DA:219,2
DA:220,1
DA:221,1
DA:222,1
DA:226,1
DA:227,1
DA:230,1
DA:242,1
DA:255,1
DA:260,3
DA:261,3
DA:262,3
DA:269,1
DA:270,2
DA:271,2
DA:274,2
DA:275,1
DA:276,1
DA:277,1
DA:281,1
DA:284,1
DA:295,1
DA:301,1
DA:302,1
DA:303,1
DA:310,1
DA:311,2
DA:312,2
DA:317,2
DA:320,2
DA:325,2
DA:327,1
DA:345,1
DA:364,2
DA:369,0
DA:370,0
DA:371,0
LF:100
LH:85
BRDA:28,0,0,2
BRDA:28,0,1,0
BRDA:45,1,0,0
BRDA:45,1,1,0
BRDA:70,2,0,0
BRDA:70,2,1,0
BRDA:72,3,0,0
BRDA:72,3,1,0
BRDA:76,4,0,0
BRDA:76,4,1,0
BRDA:77,5,0,0
BRDA:77,5,1,0
BRDA:78,6,0,0
BRDA:78,6,1,0
BRDA:79,7,0,0
BRDA:79,7,1,0
BRDA:107,8,0,1
BRDA:107,8,1,2
BRDA:107,9,0,3
BRDA:107,9,1,2
BRDA:114,10,0,2
BRDA:114,10,1,0
BRDA:120,11,0,1
BRDA:120,11,1,1
BRDA:138,12,0,1
BRDA:138,12,1,0
BRDA:183,13,0,0
BRDA:183,13,1,4
BRDA:183,14,0,4
BRDA:183,14,1,4
BRDA:183,14,2,4
BRDA:189,15,0,1
BRDA:189,15,1,3
BRDA:195,16,0,1
BRDA:195,16,1,2
BRDA:207,17,0,0
BRDA:207,17,1,2
BRDA:219,18,0,1
BRDA:219,18,1,1
BRDA:274,19,0,1
BRDA:274,19,1,1
BRDA:325,20,0,1
BRDA:325,20,1,1
BRDA:340,21,0,1
BRDA:340,21,1,0
BRDA:358,22,0,1
BRDA:358,22,1,0
BRF:47
BRH:26
end_of_record
TN:
SF:controllers\project.controller.js
FN:13,(anonymous_0)
FN:87,(anonymous_1)
FN:132,(anonymous_2)
FN:196,(anonymous_3)
FN:209,(anonymous_4)
FN:228,(anonymous_5)
FN:335,(anonymous_6)
FN:435,(anonymous_7)
FN:509,(anonymous_8)
FN:579,(anonymous_9)
FN:634,(anonymous_10)
FN:636,(anonymous_11)
FN:638,(anonymous_12)
FN:640,(anonymous_13)
FNF:14
FNH:8
FNDA:2,(anonymous_0)
FNDA:2,(anonymous_1)
FNDA:2,(anonymous_2)
FNDA:0,(anonymous_3)
FNDA:0,(anonymous_4)
FNDA:3,(anonymous_5)
FNDA:2,(anonymous_6)
FNDA:2,(anonymous_7)
FNDA:2,(anonymous_8)
FNDA:1,(anonymous_9)
FNDA:0,(anonymous_10)
FNDA:0,(anonymous_11)
FNDA:0,(anonymous_12)
FNDA:0,(anonymous_13)
DA:5,1
DA:6,1
DA:7,1
DA:8,1
DA:13,1
DA:14,2
DA:16,2
DA:19,2
DA:20,2
DA:21,2
DA:23,2
DA:24,1
DA:25,1
DA:28,2
DA:29,1
DA:30,1
DA:33,2
DA:34,1
DA:35,1
DA:39,1
DA:40,1
DA:44,2
DA:47,2
DA:50,2
DA:70,2
DA:73,2
DA:81,2
DA:87,1
DA:88,2
DA:89,2
DA:104,1
DA:105,1
DA:108,1
DA:123,1
DA:124,1
DA:125,1
DA:132,1
DA:133,2
DA:134,2
DA:137,2
DA:151,2
DA:152,2
DA:153,2
DA:154,2
DA:157,0
DA:158,0
DA:161,0
DA:172,0
DA:182,0
DA:197,0
DA:201,0
DA:209,0
DA:217,0
DA:219,2
DA:220,2
DA:221,2
DA:228,1
DA:229,3
DA:239,3
DA:242,3
DA:243,1
DA:244,1
DA:245,1
DA:246,1
DA:249,2
DA:250,1
DA:251,1
DA:252,1
DA:253,1
DA:257,1
DA:284,1
DA:287,1
DA:303,1
DA:304,1
DA:320,1
DA:326,0
DA:327,0
DA:328,0
DA:335,1
DA:336,2
DA:337,2
DA:347,2
DA:350,2
DA:351,0
DA:352,0
DA:353,0
DA:354,0
DA:357,2
DA:358,0
DA:359,0
DA:360,0
DA:361,0
DA:365,2
DA:370,2
DA:371,1
DA:372,1
DA:373,1
DA:377,1
DA:405,1
DA:420,1
DA:426,1
DA:427,1
DA:428,1
DA:435,1
DA:436,2
DA:437,2
DA:440,2
DA:441,0
DA:442,0
DA:443,0
DA:444,0
DA:448,2
DA:449,1
DA:450,1
DA:451,1
DA:452,1
DA:456,1
DA:462,1
DA:463,1
DA:479,1
DA:494,1
DA:500,0
DA:501,0
DA:502,0
DA:509,1
DA:510,2
DA:511,2
DA:512,2
DA:514,2
DA:515,1
DA:516,1
DA:517,1
DA:518,1
DA:522,1
DA:527,1
DA:528,0
DA:529,0
DA:530,0
DA:534,1
DA:549,1
DA:564,1
DA:570,1
DA:571,1
DA:572,1
DA:579,1
DA:580,1
DA:581,1
DA:584,1
DA:585,1
DA:586,1
DA:588,1
DA:589,1
DA:590,1
DA:593,1
DA:594,1
DA:595,1
DA:599,1
DA:602,1
DA:624,1
DA:627,1
DA:634,0
DA:636,0
DA:638,0
DA:640,0
DA:648,0
DA:649,0
DA:650,0
LF:167
LH:130
BRDA:16,0,0,1
BRDA:16,1,0,1
BRDA:23,2,0,1
BRDA:23,2,1,1
BRDA:28,3,0,1
BRDA:28,3,1,1
BRDA:33,4,0,1
BRDA:33,4,1,1
BRDA:44,5,0,1
BRDA:44,5,1,1
BRDA:93,6,0,2
BRDA:93,6,1,0
BRDA:94,7,0,2
BRDA:94,7,1,0
BRDA:96,8,0,1
BRDA:96,8,1,1
BRDA:100,9,0,2
BRDA:100,9,1,0
BRDA:151,10,0,2
BRDA:151,10,1,0
BRDA:187,11,0,0
BRDA:187,11,1,0
BRDA:189,12,0,0
BRDA:189,12,1,0
BRDA:190,13,0,0
BRDA:190,13,1,0
BRDA:191,14,0,0
BRDA:191,14,1,0
BRDA:197,15,0,0
BRDA:197,15,1,0
BRDA:198,16,0,0
BRDA:198,16,1,0
BRDA:199,17,0,0
BRDA:199,17,1,0
BRDA:242,18,0,1
BRDA:242,18,1,2
BRDA:242,19,0,3
BRDA:242,19,1,2
BRDA:249,20,0,1
BRDA:249,20,1,1
BRDA:249,21,0,2
BRDA:249,21,1,2
BRDA:273,22,0,1
BRDA:273,22,1,0
BRDA:274,23,0,1
BRDA:274,23,1,0
BRDA:276,24,0,1
BRDA:276,24,1,0
BRDA:277,25,0,1
BRDA:277,25,1,0
BRDA:278,26,0,1
BRDA:278,26,1,0
BRDA:279,27,0,1
BRDA:279,27,1,0
BRDA:303,28,0,1
BRDA:303,28,1,0
BRDA:350,29,0,0
BRDA:350,29,1,2
BRDA:350,30,0,2
BRDA:350,30,1,2
BRDA:357,31,0,0
BRDA:357,31,1,2
BRDA:357,32,0,2
BRDA:357,32,1,1
BRDA:370,33,0,1
BRDA:370,33,1,1
BRDA:393,34,0,1
BRDA:393,34,1,0
BRDA:394,35,0,1
BRDA:394,35,1,0
BRDA:396,36,0,1
BRDA:396,36,1,0
BRDA:397,37,0,1
BRDA:397,37,1,0
BRDA:398,38,0,1
BRDA:398,38,1,0
BRDA:399,39,0,1
BRDA:399,39,1,0
BRDA:440,40,0,0
BRDA:440,40,1,2
BRDA:440,41,0,2
BRDA:440,41,1,2
BRDA:448,42,0,1
BRDA:448,42,1,1
BRDA:462,43,0,1
BRDA:462,43,1,0
BRDA:462,44,0,1
BRDA:462,44,1,1
BRDA:514,45,0,1
BRDA:514,45,1,1
BRDA:514,46,0,2
BRDA:514,46,1,1
BRDA:527,47,0,0
BRDA:527,47,1,1
BRDA:588,48,0,1
BRDA:588,48,1,0
BRDA:593,49,0,1
BRDA:593,49,1,0
BRDA:599,50,0,1
BRDA:599,50,1,0
BRDA:636,51,0,0
BRDA:636,51,1,0
BRDA:638,52,0,0
BRDA:638,52,1,0
BRF:104
BRH:61
end_of_record
TN:
SF:controllers\request.controller.js
FN:13,(anonymous_0)
FN:107,(anonymous_1)
FN:151,(anonymous_2)
FN:191,(anonymous_3)
FN:210,(anonymous_4)
FN:284,(anonymous_5)
FN:353,(anonymous_6)
FN:373,(anonymous_7)
FN:417,(anonymous_8)
FN:422,(anonymous_9)
FN:424,(anonymous_10)
FNF:11
FNH:7
FNDA:2,(anonymous_0)
FNDA:2,(anonymous_1)
FNDA:2,(anonymous_2)
FNDA:1,(anonymous_3)
FNDA:3,(anonymous_4)
FNDA:3,(anonymous_5)
FNDA:1,(anonymous_6)
FNDA:0,(anonymous_7)
FNDA:0,(anonymous_8)
FNDA:0,(anonymous_9)
FNDA:0,(anonymous_10)
DA:5,1
DA:6,1
DA:7,1
DA:8,1
DA:13,1
DA:14,2
DA:16,2
DA:19,2
DA:20,2
DA:21,2
DA:23,2
DA:24,1
DA:25,1
DA:28,2
DA:29,1
DA:30,1
DA:33,2
DA:34,1
DA:35,1
DA:38,2
DA:39,1
DA:40,1
DA:44,1
DA:45,1
DA:49,2
DA:52,2
DA:55,2
DA:71,2
DA:74,2
DA:80,2
DA:81,2
DA:83,2
DA:84,1
DA:87,2
DA:88,1
DA:91,2
DA:92,1
DA:95,2
DA:96,1
DA:97,1
DA:101,2
DA:107,1
DA:108,2
DA:109,2
DA:122,1
DA:123,1
DA:126,1
DA:142,1
DA:143,1
DA:144,1
DA:151,1
DA:152,2
DA:153,2
DA:156,2
DA:161,2
DA:162,1
DA:163,1
DA:164,1
DA:167,1
DA:168,1
DA:171,1
DA:177,1
DA:191,1
DA:199,1
DA:201,1
DA:202,1
DA:203,1
DA:210,1
DA:211,3
DA:212,3
DA:215,3
DA:216,1
DA:217,1
DA:218,1
DA:219,1
DA:223,2
DA:224,1
DA:225,1
DA:226,1
DA:227,1
DA:231,1
DA:237,1
DA:238,1
DA:254,1
DA:269,1
DA:275,0
DA:276,0
DA:277,0
DA:284,1
DA:285,3
DA:286,3
DA:287,3
DA:289,3
DA:290,1
DA:291,1
DA:292,1
DA:296,2
DA:301,2
DA:302,1
DA:303,1
DA:304,1
DA:308,1
DA:323,1
DA:338,1
DA:344,2
DA:345,2
DA:346,2
DA:353,1
DA:354,1
DA:355,1
DA:358,1
DA:359,1
DA:360,1
DA:362,1
DA:363,1
DA:364,1
DA:367,1
DA:368,1
DA:369,1
DA:372,1
DA:373,0
DA:374,0
DA:375,0
DA:376,1
DA:377,1
DA:378,1
DA:382,1
DA:385,1
DA:405,1
DA:408,1
DA:417,0
DA:422,0
DA:424,0
DA:429,0
DA:430,0
DA:431,0
LF:136
LH:124
BRDA:16,0,0,1
BRDA:16,1,0,1
BRDA:23,2,0,1
BRDA:23,2,1,1
BRDA:28,3,0,1
BRDA:28,3,1,1
BRDA:33,4,0,1
BRDA:33,4,1,1
BRDA:38,5,0,1
BRDA:38,5,1,1
BRDA:49,6,0,1
BRDA:49,6,1,1
BRDA:83,7,0,1
BRDA:83,7,1,1
BRDA:87,8,0,1
BRDA:87,8,1,1
BRDA:91,9,0,1
BRDA:91,9,1,1
BRDA:95,10,0,1
BRDA:95,10,1,1
BRDA:113,11,0,2
BRDA:113,11,1,0
BRDA:114,12,0,0
BRDA:114,12,1,0
BRDA:115,13,0,0
BRDA:115,13,1,0
BRDA:161,14,0,1
BRDA:161,14,1,1
BRDA:182,15,0,1
BRDA:182,15,1,0
BRDA:183,16,0,1
BRDA:183,16,1,0
BRDA:184,17,0,0
BRDA:184,17,1,0
BRDA:185,18,0,0
BRDA:185,18,1,0
BRDA:215,19,0,1
BRDA:215,19,1,2
BRDA:215,20,0,3
BRDA:215,20,1,3
BRDA:223,21,0,1
BRDA:223,21,1,1
BRDA:237,22,0,1
BRDA:237,22,1,0
BRDA:237,23,0,1
BRDA:237,23,1,1
BRDA:289,24,0,1
BRDA:289,24,1,2
BRDA:289,25,0,3
BRDA:289,25,1,2
BRDA:301,26,0,1
BRDA:301,26,1,1
BRDA:362,27,0,1
BRDA:362,27,1,0
BRDA:367,28,0,1
BRDA:367,28,1,0
BRDA:372,29,0,0
BRDA:372,29,1,1
BRDA:372,30,0,1
BRDA:372,30,1,1
BRDA:376,31,0,1
BRDA:376,31,1,0
BRDA:382,32,0,1
BRDA:382,32,1,0
BRDA:417,33,0,0
BRDA:417,33,1,0
BRDA:418,34,0,0
BRDA:418,34,1,0
BRDA:419,35,0,0
BRDA:419,35,1,0
BRF:70
BRH:47
end_of_record
TN:
SF:controllers\service.controller.js
FN:12,(anonymous_0)
FN:79,(anonymous_1)
FN:118,(anonymous_2)
FN:174,(anonymous_3)
FN:264,(anonymous_4)
FN:371,(anonymous_5)
FN:439,(anonymous_6)
FN:517,(anonymous_7)
FN:521,(anonymous_8)
FN:538,(anonymous_9)
FN:586,(anonymous_10)
FN:589,(anonymous_11)
FN:591,(anonymous_12)
FN:593,(anonymous_13)
FNF:14
FNH:9
FNDA:2,(anonymous_0)
FNDA:2,(anonymous_1)
FNDA:2,(anonymous_2)
FNDA:3,(anonymous_3)
FNDA:2,(anonymous_4)
FNDA:0,(anonymous_5)
FNDA:1,(anonymous_6)
FNDA:2,(anonymous_7)
FNDA:2,(anonymous_8)
FNDA:1,(anonymous_9)
FNDA:0,(anonymous_10)
FNDA:0,(anonymous_11)
FNDA:0,(anonymous_12)
FNDA:0,(anonymous_13)
DA:5,1
DA:6,1
DA:7,1
DA:12,1
DA:13,2
DA:15,2
DA:18,2
DA:19,2
DA:20,2
DA:22,2
DA:23,1
DA:24,1
DA:25,0
DA:28,2
DA:29,1
DA:30,1
DA:34,1
DA:35,1
DA:39,2
DA:42,2
DA:45,2
DA:63,2
DA:66,2
DA:73,2
DA:79,2
DA:91,1
DA:92,1
DA:95,1
DA:109,1
DA:110,1
DA:111,1
DA:118,1
DA:119,2
DA:120,2
DA:123,2
DA:141,2
DA:142,1
DA:143,1
DA:144,1
DA:145,1
DA:148,1
DA:151,1
DA:165,1
DA:166,1
DA:167,1
DA:174,1
DA:175,3
DA:183,3
DA:186,3
DA:187,1
DA:188,1
DA:189,1
DA:190,1
DA:193,2
DA:194,1
DA:195,1
DA:196,1
DA:197,1
DA:200,1
DA:201,0
DA:202,0
DA:203,0
DA:204,0
DA:208,1
DA:230,1
DA:249,1
DA:255,0
DA:256,0
DA:257,0
DA:264,1
DA:265,2
DA:266,2
DA:274,2
DA:277,2
DA:278,0
DA:279,0
DA:280,0
DA:281,0
DA:284,2
DA:285,0
DA:286,0
DA:287,0
DA:288,0
DA:291,2
DA:292,0
DA:293,0
DA:294,0
DA:295,0
DA:299,2
DA:304,2
DA:305,1
DA:306,1
DA:307,1
DA:308,1
DA:312,1
DA:337,1
DA:356,1
DA:362,0
DA:363,0
DA:364,0
DA:371,1
DA:372,0
DA:373,0
DA:374,0
DA:377,0
DA:382,0
DA:383,0
DA:384,0
DA:385,0
DA:386,0
DA:390,0
DA:405,0
DA:424,0
DA:430,0
DA:431,0
DA:432,0
DA:439,1
DA:440,1
DA:441,1
DA:444,1
DA:449,1
DA:450,0
DA:451,0
DA:452,0
DA:453,0
DA:457,1
DA:472,1
DA:491,1
DA:512,1
DA:517,2
DA:521,2
DA:529,0
DA:530,0
DA:531,0
DA:538,1
DA:539,1
DA:540,1
DA:543,1
DA:544,1
DA:546,1
DA:547,1
DA:548,0
DA:549,0
DA:553,1
DA:556,1
DA:575,1
DA:578,1
DA:586,0
DA:589,0
DA:591,0
DA:593,0
DA:598,0
DA:599,0
DA:600,0
LF:154
LH:100
BRDA:15,0,0,1
BRDA:15,1,0,1
BRDA:22,2,0,1
BRDA:22,2,1,1
BRDA:24,3,0,0
BRDA:24,3,1,1
BRDA:28,4,0,1
BRDA:28,4,1,1
BRDA:39,5,0,1
BRDA:39,5,1,1
BRDA:141,6,0,1
BRDA:141,6,1,1
BRDA:155,7,0,1
BRDA:155,7,1,0
BRDA:186,8,0,1
BRDA:186,8,1,2
BRDA:186,9,0,3
BRDA:186,9,1,2
BRDA:186,9,2,2
BRDA:193,10,0,1
BRDA:193,10,1,1
BRDA:200,11,0,0
BRDA:200,11,1,1
BRDA:200,12,0,1
BRDA:200,12,1,1
BRDA:221,13,0,1
BRDA:221,13,1,0
BRDA:224,14,0,1
BRDA:224,14,1,0
BRDA:225,15,0,1
BRDA:225,15,1,0
BRDA:277,16,0,0
BRDA:277,16,1,2
BRDA:277,17,0,2
BRDA:277,17,1,2
BRDA:277,17,2,2
BRDA:284,18,0,0
BRDA:284,18,1,2
BRDA:291,19,0,0
BRDA:291,19,1,2
BRDA:291,20,0,2
BRDA:291,20,1,1
BRDA:304,21,0,1
BRDA:304,21,1,1
BRDA:327,22,0,1
BRDA:327,22,1,0
BRDA:330,23,0,1
BRDA:330,23,1,0
BRDA:331,24,0,1
BRDA:331,24,1,0
BRDA:382,25,0,0
BRDA:382,25,1,0
BRDA:399,26,0,0
BRDA:399,26,1,0
BRDA:420,27,0,0
BRDA:420,27,1,0
BRDA:427,28,0,0
BRDA:427,28,1,0
BRDA:449,29,0,0
BRDA:449,29,1,1
BRDA:515,30,0,1
BRDA:515,30,1,0
BRDA:516,31,0,1
BRDA:516,31,1,0
BRDA:546,32,0,1
BRDA:546,32,1,0
BRDA:548,33,0,0
BRDA:548,33,1,0
BRDA:553,34,0,1
BRDA:553,34,1,0
BRDA:591,35,0,0
BRDA:591,35,1,0
BRF:72
BRH:43
end_of_record
TN:
SF:controllers\settings.controller.js
FN:12,(anonymous_0)
FN:52,(anonymous_1)
FN:159,(anonymous_2)
FN:176,(anonymous_3)
FN:201,(anonymous_4)
FN:221,(anonymous_5)
FN:264,(anonymous_6)
FN:307,(anonymous_7)
FN:325,(anonymous_8)
FN:420,(anonymous_9)
FNF:10
FNH:8
FNDA:3,(anonymous_0)
FNDA:4,(anonymous_1)
FNDA:2,(anonymous_2)
FNDA:2,(anonymous_3)
FNDA:3,(anonymous_4)
FNDA:2,(anonymous_5)
FNDA:3,(anonymous_6)
FNDA:1,(anonymous_7)
FNDA:0,(anonymous_8)
FNDA:0,(anonymous_9)
DA:5,1
DA:6,1
DA:7,1
DA:12,1
DA:13,3
DA:14,3
DA:17,3
DA:26,2
DA:33,2
DA:43,1
DA:44,1
DA:45,1
DA:52,1
DA:53,4
DA:54,4
DA:61,4
DA:64,4
DA:65,1
DA:66,1
DA:67,1
DA:68,1
DA:71,3
DA:72,1
DA:73,1
DA:74,1
DA:75,1
DA:79,2
DA:84,2
DA:86,1
DA:108,1
DA:132,2
DA:145,2
DA:150,0
DA:151,0
DA:152,0
DA:159,1
DA:160,2
DA:162,2
DA:163,1
DA:164,1
DA:165,1
DA:169,1
DA:175,1
DA:176,1
DA:177,2
DA:178,2
DA:180,2
DA:188,1
DA:192,1
DA:193,1
DA:194,1
DA:201,1
DA:202,3
DA:204,3
DA:205,1
DA:206,1
DA:207,1
DA:210,2
DA:213,2
DA:214,1
DA:215,1
DA:216,1
DA:217,1
DA:221,1
DA:222,2
DA:232,1
DA:235,1
DA:250,1
DA:255,2
DA:256,2
DA:257,2
DA:264,1
DA:265,3
DA:267,3
DA:268,1
DA:269,1
DA:270,1
DA:274,2
DA:282,2
DA:292,2
DA:298,2
DA:307,1
DA:316,1
DA:317,1
DA:318,1
DA:325,1
DA:326,0
DA:328,0
DA:329,0
DA:330,0
DA:331,0
DA:339,0
DA:342,0
DA:343,0
DA:344,0
DA:345,0
DA:346,0
DA:349,0
DA:350,0
DA:351,0
DA:352,0
DA:353,0
DA:357,0
DA:377,0
DA:391,0
DA:406,0
DA:411,0
DA:412,0
DA:413,0
DA:420,1
DA:421,0
DA:423,0
DA:424,0
DA:425,0
DA:426,0
DA:433,0
DA:453,0
DA:468,0
DA:474,0
DA:475,0
DA:476,0
LF:121
LH:84
BRDA:26,0,0,1
BRDA:26,0,1,1
BRDA:35,1,0,2
BRDA:35,1,1,0
BRDA:36,2,0,2
BRDA:36,2,1,1
BRDA:37,3,0,2
BRDA:37,3,1,0
BRDA:38,4,0,2
BRDA:38,4,1,2
BRDA:39,5,0,2
BRDA:39,5,1,0
BRDA:64,6,0,1
BRDA:64,6,1,3
BRDA:64,7,0,4
BRDA:64,7,1,4
BRDA:71,8,0,1
BRDA:71,8,1,2
BRDA:71,9,0,3
BRDA:71,9,1,3
BRDA:84,10,0,1
BRDA:84,10,1,1
BRDA:99,11,0,1
BRDA:99,11,1,0
BRDA:100,12,0,1
BRDA:100,12,1,1
BRDA:101,13,0,1
BRDA:101,13,1,1
BRDA:102,14,0,1
BRDA:102,14,1,1
BRDA:103,15,0,1
BRDA:103,15,1,0
BRDA:121,16,0,1
BRDA:121,16,1,0
BRDA:122,17,0,1
BRDA:122,17,1,0
BRDA:123,18,0,1
BRDA:123,18,1,0
BRDA:124,19,0,1
BRDA:124,19,1,1
BRDA:125,20,0,1
BRDA:125,20,1,0
BRDA:162,21,0,1
BRDA:162,21,1,1
BRDA:177,22,0,2
BRDA:177,22,1,0
BRDA:204,23,0,1
BRDA:204,23,1,2
BRDA:213,24,0,1
BRDA:213,24,1,1
BRDA:213,25,0,2
BRDA:213,25,1,2
BRDA:267,26,0,1
BRDA:267,26,1,2
BRDA:282,27,0,1
BRDA:282,27,1,1
BRDA:328,28,0,0
BRDA:328,28,1,0
BRDA:342,29,0,0
BRDA:342,29,1,0
BRDA:342,30,0,0
BRDA:342,30,1,0
BRDA:349,31,0,0
BRDA:349,31,1,0
BRDA:349,32,0,0
BRDA:349,32,1,0
BRDA:368,33,0,0
BRDA:368,33,1,0
BRDA:371,34,0,0
BRDA:371,34,1,0
BRDA:423,35,0,0
BRDA:423,35,1,0
BRF:72
BRH:46
end_of_record
TN:
SF:middleware\auth.middleware.js
FN:9,(anonymous_0)
FN:31,(anonymous_1)
FN:54,(anonymous_2)
FN:78,(anonymous_3)
FN:102,(anonymous_4)
FNF:5
FNH:0
FNDA:0,(anonymous_0)
FNDA:0,(anonymous_1)
FNDA:0,(anonymous_2)
FNDA:0,(anonymous_3)
FNDA:0,(anonymous_4)
DA:9,0
DA:10,0
DA:11,0
DA:14,0
DA:15,0
DA:23,0
DA:31,0
DA:32,0
DA:33,0
DA:36,0
DA:37,0
DA:45,0
DA:46,0
DA:54,0
DA:55,0
DA:57,0
DA:60,0
DA:61,0
DA:69,0
DA:70,0
DA:78,0
DA:79,0
DA:81,0
DA:84,0
DA:85,0
DA:93,0
DA:94,0
DA:102,0
DA:103,0
DA:104,0
DA:106,0
LF:31
LH:0
BRDA:10,0,0,0
BRDA:10,0,1,0
BRDA:10,1,0,0
BRDA:10,1,1,0
BRDA:14,2,0,0
BRDA:14,2,1,0
BRDA:14,3,0,0
BRDA:14,3,1,0
BRDA:14,3,2,0
BRDA:32,4,0,0
BRDA:32,4,1,0
BRDA:32,5,0,0
BRDA:32,5,1,0
BRDA:32,5,2,0
BRDA:36,6,0,0
BRDA:36,6,1,0
BRDA:36,7,0,0
BRDA:36,7,1,0
BRDA:36,7,2,0
BRDA:55,8,0,0
BRDA:55,8,1,0
BRDA:55,9,0,0
BRDA:55,9,1,0
BRDA:55,9,2,0
BRDA:55,9,3,0
BRDA:60,10,0,0
BRDA:60,10,1,0
BRDA:60,11,0,0
BRDA:60,11,1,0
BRDA:60,11,2,0
BRDA:79,12,0,0
BRDA:79,12,1,0
BRDA:79,13,0,0
BRDA:79,13,1,0
BRDA:79,13,2,0
BRDA:84,14,0,0
BRDA:84,14,1,0
BRDA:84,15,0,0
BRDA:84,15,1,0
BRDA:84,15,2,0
BRDA:103,16,0,0
BRDA:103,16,1,0
BRDA:103,17,0,0
BRDA:103,17,1,0
BRF:44
BRH:0
end_of_record
TN:
SF:middleware\dashboard.middleware.js
FN:16,(anonymous_0)
FN:40,(anonymous_1)
FN:73,(anonymous_2)
FNF:3
FNH:0
FNDA:0,(anonymous_0)
FNDA:0,(anonymous_1)
FNDA:0,(anonymous_2)
DA:5,0
DA:6,0
DA:16,0
DA:17,0
DA:18,0
DA:23,0
DA:24,0
DA:26,0
DA:27,0
DA:28,0
DA:40,0
DA:41,0
DA:43,0
DA:44,0
DA:49,0
DA:50,0
DA:52,0
DA:53,0
DA:56,0
DA:58,0
DA:59,0
DA:60,0
DA:61,0
DA:73,0
DA:74,0
DA:76,0
DA:77,0
DA:95,0
DA:97,0
DA:98,0
DA:110,0
LF:31
LH:0
BRDA:23,0,0,0
BRDA:23,0,1,0
BRDA:43,1,0,0
BRDA:43,1,1,0
BRDA:43,2,0,0
BRDA:43,2,1,0
BRDA:76,3,0,0
BRDA:76,3,1,0
BRDA:76,4,0,0
BRDA:76,4,1,0
BRF:10
BRH:0
end_of_record
TN:
SF:middleware\error.middleware.js
FN:9,(anonymous_0)
FN:63,(anonymous_1)
FN:73,(anonymous_2)
FNF:3
FNH:0
FNDA:0,(anonymous_0)
FNDA:0,(anonymous_1)
FNDA:0,(anonymous_2)
DA:9,0
DA:11,0
DA:12,0
DA:15,0
DA:16,0
DA:17,0
DA:21,0
DA:22,0
DA:31,0
DA:32,0
DA:33,0
DA:37,0
DA:38,0
DA:48,0
DA:63,0
DA:64,0
DA:65,0
DA:66,0
DA:73,0
DA:74,0
DA:75,0
DA:79,0
DA:80,0
DA:88,0
DA:89,0
LF:25
LH:0
BRDA:11,0,0,0
BRDA:11,0,1,0
BRDA:12,1,0,0
BRDA:12,1,1,0
BRDA:16,2,0,0
BRDA:16,2,1,0
BRDA:21,3,0,0
BRDA:21,3,1,0
BRDA:21,4,0,0
BRDA:21,4,1,0
BRDA:21,4,2,0
BRDA:25,5,0,0
BRDA:25,5,1,0
BRDA:26,6,0,0
BRDA:26,6,1,0
BRDA:31,7,0,0
BRDA:31,7,1,0
BRDA:37,8,0,0
BRDA:37,8,1,0
BRDA:42,9,0,0
BRDA:42,9,1,0
BRDA:43,10,0,0
BRDA:43,10,1,0
BRDA:43,11,0,0
BRDA:43,11,1,0
BRDA:51,12,0,0
BRDA:51,12,1,0
BRDA:54,13,0,0
BRDA:54,13,1,0
BRDA:55,14,0,0
BRDA:55,14,1,0
BRDA:55,15,0,0
BRDA:55,15,1,0
BRDA:74,16,0,0
BRDA:74,16,1,0
BRDA:79,17,0,0
BRDA:79,17,1,0
BRDA:79,18,0,0
BRDA:79,18,1,0
BRDA:79,18,2,0
BRF:40
BRH:0
end_of_record
TN:
SF:middleware\validation.middleware.js
FN:9,(anonymous_0)
FN:71,(anonymous_1)
FN:121,(anonymous_2)
FN:177,(anonymous_3)
FN:222,(anonymous_4)
FNF:5
FNH:0
FNDA:0,(anonymous_0)
FNDA:0,(anonymous_1)
FNDA:0,(anonymous_2)
FNDA:0,(anonymous_3)
FNDA:0,(anonymous_4)
DA:4,0
DA:9,0
DA:10,0
DA:11,0
DA:12,0
DA:15,0
DA:16,0
DA:19,0
DA:20,0
DA:21,0
DA:22,0
DA:26,0
DA:27,0
DA:30,0
DA:31,0
DA:35,0
DA:36,0
DA:37,0
DA:38,0
DA:39,0
DA:43,0
DA:44,0
DA:46,0
DA:47,0
DA:50,0
DA:51,0
DA:54,0
DA:55,0
DA:58,0
DA:59,0
DA:62,0
DA:64,0
DA:71,0
DA:72,0
DA:73,0
DA:74,0
DA:77,0
DA:78,0
DA:81,0
DA:82,0
DA:83,0
DA:84,0
DA:88,0
DA:89,0
DA:90,0
DA:92,0
DA:93,0
DA:98,0
DA:99,0
DA:100,0
DA:101,0
DA:102,0
DA:106,0
DA:108,0
DA:109,0
DA:112,0
DA:114,0
DA:121,0
DA:122,0
DA:123,0
DA:124,0
DA:127,0
DA:128,0
DA:131,0
DA:132,0
DA:133,0
DA:134,0
DA:137,0
DA:138,0
DA:139,0
DA:140,0
DA:144,0
DA:145,0
DA:146,0
DA:150,0
DA:151,0
DA:152,0
DA:153,0
DA:154,0
DA:158,0
DA:160,0
DA:161,0
DA:164,0
DA:165,0
DA:168,0
DA:170,0
DA:177,0
DA:178,0
DA:179,0
DA:180,0
DA:183,0
DA:184,0
DA:187,0
DA:188,0
DA:189,0
DA:190,0
DA:193,0
DA:194,0
DA:198,0
DA:199,0
DA:200,0
DA:201,0
DA:202,0
DA:206,0
DA:207,0
DA:209,0
DA:210,0
DA:213,0
DA:215,0
DA:222,0
DA:223,0
DA:224,0
DA:225,0
DA:228,0
DA:229,0
DA:232,0
DA:233,0
DA:237,0
DA:238,0
DA:239,0
DA:240,0
DA:241,0
DA:244,0
DA:246,0
LF:124
LH:0
BRDA:15,0,0,0
BRDA:15,0,1,0
BRDA:15,1,0,0
BRDA:15,1,1,0
BRDA:15,1,2,0
BRDA:19,2,0,0
BRDA:19,2,1,0
BRDA:19,3,0,0
BRDA:19,3,1,0
BRDA:19,3,2,0
BRDA:21,4,0,0
BRDA:21,4,1,0
BRDA:26,5,0,0
BRDA:26,5,1,0
BRDA:26,6,0,0
BRDA:26,6,1,0
BRDA:30,7,0,0
BRDA:30,7,1,0
BRDA:30,8,0,0
BRDA:30,8,1,0
BRDA:35,9,0,0
BRDA:35,9,1,0
BRDA:46,10,0,0
BRDA:46,10,1,0
BRDA:50,11,0,0
BRDA:50,11,1,0
BRDA:54,12,0,0
BRDA:54,12,1,0
BRDA:58,13,0,0
BRDA:58,13,1,0
BRDA:77,14,0,0
BRDA:77,14,1,0
BRDA:77,15,0,0
BRDA:77,15,1,0
BRDA:77,15,2,0
BRDA:81,16,0,0
BRDA:81,16,1,0
BRDA:83,17,0,0
BRDA:83,17,1,0
BRDA:88,18,0,0
BRDA:88,18,1,0
BRDA:88,19,0,0
BRDA:88,19,1,0
BRDA:92,20,0,0
BRDA:92,20,1,0
BRDA:98,21,0,0
BRDA:98,21,1,0
BRDA:108,22,0,0
BRDA:108,22,1,0
BRDA:127,23,0,0
BRDA:127,23,1,0
BRDA:127,24,0,0
BRDA:127,24,1,0
BRDA:127,24,2,0
BRDA:131,25,0,0
BRDA:131,25,1,0
BRDA:133,26,0,0
BRDA:133,26,1,0
BRDA:137,27,0,0
BRDA:137,27,1,0
BRDA:139,28,0,0
BRDA:139,28,1,0
BRDA:145,29,0,0
BRDA:145,29,1,0
BRDA:150,30,0,0
BRDA:150,30,1,0
BRDA:160,31,0,0
BRDA:160,31,1,0
BRDA:164,32,0,0
BRDA:164,32,1,0
BRDA:183,33,0,0
BRDA:183,33,1,0
BRDA:183,34,0,0
BRDA:183,34,1,0
BRDA:183,34,2,0
BRDA:187,35,0,0
BRDA:187,35,1,0
BRDA:189,36,0,0
BRDA:189,36,1,0
BRDA:189,37,0,0
BRDA:189,37,1,0
BRDA:193,38,0,0
BRDA:193,38,1,0
BRDA:193,39,0,0
BRDA:193,39,1,0
BRDA:193,39,2,0
BRDA:198,40,0,0
BRDA:198,40,1,0
BRDA:209,41,0,0
BRDA:209,41,1,0
BRDA:228,42,0,0
BRDA:228,42,1,0
BRDA:232,43,0,0
BRDA:232,43,1,0
BRDA:232,44,0,0
BRDA:232,44,1,0
BRDA:237,45,0,0
BRDA:237,45,1,0
BRF:98
BRH:0
end_of_record
TN:
SF:routes\appointment.routes.js
FN:18,(anonymous_0)
FN:48,(anonymous_1)
FN:96,(anonymous_2)
FN:121,(anonymous_3)
FN:146,(anonymous_4)
FN:175,(anonymous_5)
FN:207,(anonymous_6)
FN:256,(anonymous_7)
FN:281,(anonymous_8)
FN:356,(anonymous_9)
FN:381,(anonymous_10)
FNF:11
FNH:10
FNDA:2,(anonymous_0)
FNDA:2,(anonymous_1)
FNDA:3,(anonymous_2)
FNDA:3,(anonymous_3)
FNDA:2,(anonymous_4)
FNDA:2,(anonymous_5)
FNDA:0,(anonymous_6)
FNDA:2,(anonymous_7)
FNDA:2,(anonymous_8)
FNDA:3,(anonymous_9)
FNDA:3,(anonymous_10)
DA:5,1
DA:6,1
DA:7,1
DA:8,1
DA:9,1
DA:12,1
DA:18,1
DA:19,2
DA:20,2
DA:23,2
DA:24,1
DA:28,1
DA:40,0
DA:48,1
DA:49,2
DA:51,2
DA:56,2
DA:63,2
DA:65,2
DA:88,0
DA:96,1
DA:97,3
DA:98,3
DA:101,2
DA:102,1
DA:106,1
DA:107,1
DA:109,1
DA:110,1
DA:111,1
DA:113,0
DA:121,1
DA:122,3
DA:123,3
DA:126,2
DA:127,1
DA:131,1
DA:132,1
DA:134,1
DA:135,1
DA:136,1
DA:138,0
DA:146,1
DA:147,2
DA:148,2
DA:151,1
DA:153,1
DA:154,1
DA:156,1
DA:157,1
DA:159,0
DA:163,1
DA:164,1
DA:175,1
DA:176,2
DA:177,2
DA:180,2
DA:207,1
DA:208,0
DA:209,0
DA:213,0
DA:214,0
DA:215,0
DA:216,0
DA:217,0
DA:220,0
DA:242,1
DA:244,1
DA:245,1
DA:256,1
DA:257,2
DA:258,2
DA:261,2
DA:262,1
DA:266,1
DA:267,1
DA:269,0
DA:270,0
DA:271,0
DA:273,0
DA:281,1
DA:282,2
DA:283,2
DA:286,2
DA:300,2
DA:301,2
DA:302,2
DA:305,0
DA:308,0
DA:313,0
DA:320,0
DA:321,0
DA:322,0
DA:324,0
DA:348,0
DA:356,1
DA:357,3
DA:358,3
DA:361,2
DA:362,1
DA:366,1
DA:367,1
DA:369,1
DA:370,1
DA:371,1
DA:373,0
DA:381,1
DA:382,3
DA:383,3
DA:386,2
DA:387,1
DA:391,1
DA:402,1
DA:403,1
DA:404,1
DA:406,0
DA:410,1
LF:117
LH:90
BRDA:23,0,0,1
BRDA:23,0,1,1
BRDA:23,1,0,2
BRDA:23,1,1,1
BRDA:34,2,0,1
BRDA:34,2,1,1
BRDA:72,3,0,2
BRDA:72,3,1,1
BRDA:73,4,0,2
BRDA:73,4,1,1
BRDA:74,5,0,2
BRDA:74,5,1,1
BRDA:101,6,0,1
BRDA:101,6,1,1
BRDA:101,7,0,2
BRDA:101,7,1,1
BRDA:109,8,0,1
BRDA:109,8,1,0
BRDA:126,9,0,1
BRDA:126,9,1,1
BRDA:126,10,0,2
BRDA:126,10,1,1
BRDA:134,11,0,1
BRDA:134,11,1,0
BRDA:156,12,0,1
BRDA:156,12,1,0
BRDA:164,13,0,1
BRDA:164,13,1,0
BRDA:166,14,0,1
BRDA:166,14,1,0
BRDA:209,15,0,0
BRDA:209,15,1,0
BRDA:213,16,0,0
BRDA:213,16,1,0
BRDA:213,16,2,0
BRDA:213,16,3,0
BRDA:261,17,0,1
BRDA:261,17,1,1
BRDA:261,18,0,2
BRDA:261,18,1,1
BRDA:269,19,0,0
BRDA:269,19,1,0
BRDA:269,20,0,0
BRDA:269,20,1,0
BRDA:300,21,0,2
BRDA:300,21,1,0
BRDA:332,22,0,0
BRDA:332,22,1,0
BRDA:336,23,0,0
BRDA:336,23,1,0
BRDA:337,24,0,0
BRDA:337,24,1,0
BRDA:338,25,0,0
BRDA:338,25,1,0
BRDA:361,26,0,1
BRDA:361,26,1,1
BRDA:361,27,0,2
BRDA:361,27,1,1
BRDA:369,28,0,1
BRDA:369,28,1,0
BRDA:369,29,0,1
BRDA:369,29,1,0
BRDA:386,30,0,1
BRDA:386,30,1,1
BRDA:386,31,0,2
BRDA:386,31,1,1
BRDA:402,32,0,1
BRDA:402,32,1,0
BRF:68
BRH:41
end_of_record
TN:
SF:routes\auth.routes.js
FN:14,(anonymous_0)
FN:27,(anonymous_1)
FN:53,(anonymous_2)
FN:61,(anonymous_3)
FN:77,(anonymous_4)
FN:90,(anonymous_5)
FN:108,(anonymous_6)
FN:133,(anonymous_7)
FNF:8
FNH:8
FNDA:2,(anonymous_0)
FNDA:2,(anonymous_1)
FNDA:1,(anonymous_2)
FNDA:1,(anonymous_3)
FNDA:1,(anonymous_4)
FNDA:2,(anonymous_5)
FNDA:2,(anonymous_6)
FNDA:2,(anonymous_7)
DA:5,1
DA:6,1
DA:7,1
DA:8,1
DA:14,1
DA:15,2
DA:27,1
DA:28,2
DA:29,2
DA:32,1
DA:35,1
DA:36,1
DA:38,0
DA:42,1
DA:44,1
DA:45,1
DA:53,1
DA:54,1
DA:56,1
DA:57,0
DA:61,1
DA:62,1
DA:63,0
DA:65,1
DA:68,0
DA:69,0
DA:77,1
DA:78,1
DA:90,1
DA:91,2
DA:92,2
DA:96,1
DA:97,1
DA:99,1
DA:100,1
DA:108,1
DA:109,2
DA:110,2
DA:113,2
DA:115,1
DA:124,1
DA:125,1
DA:133,1
DA:134,2
DA:135,2
DA:137,1
DA:138,1
DA:140,1
DA:141,1
DA:145,1
LF:50
LH:45
BRDA:17,0,0,2
BRDA:17,0,1,2
BRDA:18,1,0,2
BRDA:18,1,1,2
BRDA:35,2,0,1
BRDA:35,2,1,0
BRDA:44,3,0,1
BRDA:44,3,1,0
BRDA:56,4,0,0
BRDA:56,4,1,1
BRDA:56,5,0,1
BRDA:56,5,1,1
BRDA:62,6,0,0
BRDA:62,6,1,1
BRDA:80,7,0,1
BRDA:80,7,1,1
BRDA:81,8,0,1
BRDA:81,8,1,1
BRDA:99,9,0,1
BRDA:99,9,1,0
BRDA:119,10,0,1
BRDA:119,10,1,1
BRDA:120,11,0,1
BRDA:120,11,1,1
BRDA:124,12,0,1
BRDA:124,12,1,0
BRDA:140,13,0,1
BRDA:140,13,1,0
BRF:28
BRH:21
end_of_record
TN:
SF:routes\customer.routes.js
FN:18,(anonymous_0)
FN:49,(anonymous_1)
FN:80,(anonymous_2)
FN:105,(anonymous_3)
FN:134,(anonymous_4)
FN:159,(anonymous_5)
FN:184,(anonymous_6)
FN:218,(anonymous_7)
FN:253,(anonymous_8)
FN:278,(anonymous_9)
FNF:10
FNH:10
FNDA:2,(anonymous_0)
FNDA:2,(anonymous_1)
FNDA:3,(anonymous_2)
FNDA:2,(anonymous_3)
FNDA:2,(anonymous_4)
FNDA:2,(anonymous_5)
FNDA:3,(anonymous_6)
FNDA:2,(anonymous_7)
FNDA:3,(anonymous_8)
FNDA:2,(anonymous_9)
DA:5,1
DA:6,1
DA:7,1
DA:8,1
DA:9,1
DA:12,1
DA:18,1
DA:19,2
DA:20,2
DA:23,2
DA:24,1
DA:28,1
DA:41,0
DA:49,1
DA:50,2
DA:52,2
DA:54,2
DA:72,0
DA:80,1
DA:81,3
DA:82,3
DA:85,2
DA:86,1
DA:90,1
DA:91,1
DA:93,1
DA:94,1
DA:95,1
DA:97,0
DA:105,1
DA:106,2
DA:107,2
DA:110,1
DA:112,1
DA:113,1
DA:115,1
DA:116,1
DA:118,0
DA:122,1
DA:123,1
DA:134,1
DA:135,2
DA:136,2
DA:139,2
DA:140,1
DA:144,1
DA:145,1
DA:147,0
DA:148,0
DA:149,0
DA:151,0
DA:159,1
DA:160,2
DA:161,2
DA:164,2
DA:165,1
DA:169,1
DA:170,1
DA:172,0
DA:173,0
DA:174,0
DA:176,0
DA:184,1
DA:185,3
DA:186,3
DA:189,2
DA:190,1
DA:194,1
DA:206,1
DA:207,1
DA:208,1
DA:210,0
DA:218,1
DA:219,2
DA:220,2
DA:223,2
DA:228,2
DA:229,1
DA:230,1
DA:233,1
DA:235,1
DA:245,0
DA:253,1
DA:254,3
DA:255,3
DA:258,2
DA:259,1
DA:263,1
DA:264,1
DA:266,1
DA:267,1
DA:268,1
DA:270,0
DA:278,1
DA:279,2
DA:280,2
DA:283,2
DA:284,1
DA:288,1
DA:289,1
DA:291,0
DA:292,0
DA:293,0
DA:295,0
DA:299,1
LF:105
LH:86
BRDA:23,0,0,1
BRDA:23,0,1,1
BRDA:23,1,0,2
BRDA:23,1,1,1
BRDA:59,2,0,2
BRDA:59,2,1,1
BRDA:60,3,0,2
BRDA:60,3,1,1
BRDA:61,4,0,2
BRDA:61,4,1,1
BRDA:85,5,0,1
BRDA:85,5,1,1
BRDA:85,6,0,2
BRDA:85,6,1,1
BRDA:93,7,0,1
BRDA:93,7,1,0
BRDA:115,8,0,1
BRDA:115,8,1,0
BRDA:123,9,0,1
BRDA:123,9,1,0
BRDA:125,10,0,1
BRDA:125,10,1,0
BRDA:139,11,0,1
BRDA:139,11,1,1
BRDA:139,12,0,2
BRDA:139,12,1,1
BRDA:147,13,0,0
BRDA:147,13,1,0
BRDA:164,14,0,1
BRDA:164,14,1,1
BRDA:164,15,0,2
BRDA:164,15,1,1
BRDA:172,16,0,0
BRDA:172,16,1,0
BRDA:189,17,0,1
BRDA:189,17,1,1
BRDA:189,18,0,2
BRDA:189,18,1,1
BRDA:206,19,0,1
BRDA:206,19,1,0
BRDA:228,20,0,1
BRDA:228,20,1,1
BRDA:258,21,0,1
BRDA:258,21,1,1
BRDA:258,22,0,2
BRDA:258,22,1,1
BRDA:266,23,0,1
BRDA:266,23,1,0
BRDA:266,24,0,1
BRDA:266,24,1,0
BRDA:283,25,0,1
BRDA:283,25,1,1
BRDA:283,26,0,2
BRDA:283,26,1,1
BRDA:291,27,0,0
BRDA:291,27,1,0
BRDA:291,28,0,0
BRDA:291,28,1,0
BRF:58
BRH:43
end_of_record
TN:
SF:routes\dashboard.routes.js
FN:17,(anonymous_0)
FN:43,(anonymous_1)
FN:72,(anonymous_2)
FN:99,(anonymous_3)
FN:115,(anonymous_4)
FN:128,(anonymous_5)
FN:129,(anonymous_6)
FNF:7
FNH:7
FNDA:2,(anonymous_0)
FNDA:2,(anonymous_1)
FNDA:2,(anonymous_2)
FNDA:2,(anonymous_3)
FNDA:2,(anonymous_4)
FNDA:1,(anonymous_5)
FNDA:1,(anonymous_6)
DA:5,1
DA:6,1
DA:7,1
DA:8,1
DA:11,1
DA:17,1
DA:18,2
DA:19,2
DA:21,1
DA:35,1
DA:43,1
DA:44,2
DA:45,2
DA:46,2
DA:49,2
DA:50,1
DA:54,1
DA:64,0
DA:72,1
DA:73,2
DA:74,2
DA:77,2
DA:78,1
DA:82,1
DA:91,0
DA:99,1
DA:100,2
DA:101,2
DA:102,2
DA:105,2
DA:107,0
DA:115,1
DA:116,2
DA:117,2
DA:118,1
DA:120,1
DA:128,1
DA:129,1
DA:130,1
DA:131,0
DA:133,1
DA:137,1
LF:42
LH:38
BRDA:49,0,0,1
BRDA:49,0,1,1
BRDA:49,1,0,2
BRDA:49,1,1,1
BRDA:77,2,0,1
BRDA:77,2,1,1
BRDA:77,3,0,2
BRDA:77,3,1,1
BRDA:130,4,0,0
BRDA:130,4,1,1
BRF:10
BRH:9
end_of_record
TN:
SF:routes\index.js
FN:22,(anonymous_0)
FN:34,(anonymous_1)
FN:45,(anonymous_2)
FN:56,(anonymous_3)
FNF:4
FNH:4
FNDA:1,(anonymous_0)
FNDA:1,(anonymous_1)
FNDA:1,(anonymous_2)
FNDA:1,(anonymous_3)
DA:5,1
DA:6,1
DA:7,1
DA:8,1
DA:9,1
DA:12,1
DA:22,1
DA:23,1
DA:34,1
DA:35,1
DA:45,1
DA:46,1
DA:56,1
DA:57,1
DA:67,1
DA:69,1
LF:16
LH:16
BRDA:25,0,0,1
BRDA:25,0,1,1
BRDA:37,1,0,1
BRDA:37,1,1,1
BRDA:48,2,0,1
BRDA:48,2,1,1
BRDA:59,3,0,1
BRDA:59,3,1,1
BRF:8
BRH:8
end_of_record
TN:
SF:routes\profile.routes.js
FN:14,(anonymous_0)
FN:17,(anonymous_1)
FN:27,(anonymous_2)
FN:47,(anonymous_3)
FN:71,(anonymous_4)
FN:99,(anonymous_5)
FN:124,(anonymous_6)
FN:155,(anonymous_7)
FNF:8
FNH:0
FNDA:0,(anonymous_0)
FNDA:0,(anonymous_1)
FNDA:0,(anonymous_2)
FNDA:0,(anonymous_3)
FNDA:0,(anonymous_4)
FNDA:0,(anonymous_5)
FNDA:0,(anonymous_6)
FNDA:0,(anonymous_7)
DA:5,0
DA:6,0
DA:7,0
DA:8,0
DA:9,0
DA:10,0
DA:13,0
DA:15,0
DA:18,0
DA:19,0
DA:20,0
DA:24,0
DA:28,0
DA:29,0
DA:30,0
DA:32,0
DA:33,0
DA:35,0
DA:41,0
DA:47,0
DA:48,0
DA:49,0
DA:51,0
DA:63,0
DA:71,0
DA:72,0
DA:73,0
DA:76,0
DA:77,0
DA:81,0
DA:84,0
DA:85,0
DA:87,0
DA:88,0
DA:89,0
DA:91,0
DA:99,0
DA:100,0
DA:101,0
DA:104,0
DA:105,0
DA:109,0
DA:110,0
DA:112,0
DA:113,0
DA:114,0
DA:116,0
DA:124,0
DA:125,0
DA:127,0
DA:128,0
DA:129,0
DA:132,0
DA:135,0
DA:136,0
DA:140,0
DA:141,0
DA:143,0
DA:144,0
DA:145,0
DA:147,0
DA:155,0
DA:156,0
DA:157,0
DA:160,0
DA:161,0
DA:165,0
DA:166,0
DA:168,0
DA:169,0
DA:170,0
DA:172,0
DA:176,0
LF:73
LH:0
BRDA:32,0,0,0
BRDA:32,0,1,0
BRDA:32,1,0,0
BRDA:32,1,1,0
BRDA:76,2,0,0
BRDA:76,2,1,0
BRDA:76,3,0,0
BRDA:76,3,1,0
BRDA:87,4,0,0
BRDA:87,4,1,0
BRDA:104,5,0,0
BRDA:104,5,1,0
BRDA:104,6,0,0
BRDA:104,6,1,0
BRDA:112,7,0,0
BRDA:112,7,1,0
BRDA:127,8,0,0
BRDA:127,8,1,0
BRDA:135,9,0,0
BRDA:135,9,1,0
BRDA:135,10,0,0
BRDA:135,10,1,0
BRDA:143,11,0,0
BRDA:143,11,1,0
BRDA:160,12,0,0
BRDA:160,12,1,0
BRDA:160,13,0,0
BRDA:160,13,1,0
BRDA:168,14,0,0
BRDA:168,14,1,0
BRF:30
BRH:0
end_of_record
TN:
SF:routes\project.routes.js
FN:14,(anonymous_0)
FN:44,(anonymous_1)
FN:87,(anonymous_2)
FN:112,(anonymous_3)
FN:140,(anonymous_4)
FN:165,(anonymous_5)
FN:199,(anonymous_6)
FN:224,(anonymous_7)
FN:293,(anonymous_8)
FNF:9
FNH:9
FNDA:2,(anonymous_0)
FNDA:1,(anonymous_1)
FNDA:3,(anonymous_2)
FNDA:2,(anonymous_3)
FNDA:2,(anonymous_4)
FNDA:3,(anonymous_5)
FNDA:2,(anonymous_6)
FNDA:2,(anonymous_7)
FNDA:3,(anonymous_8)
DA:1,1
DA:2,1
DA:3,1
DA:4,1
DA:5,1
DA:8,1
DA:14,1
DA:15,2
DA:16,2
DA:19,2
DA:20,1
DA:24,1
DA:36,0
DA:44,1
DA:45,1
DA:47,1
DA:52,1
DA:58,1
DA:79,0
DA:87,1
DA:88,3
DA:89,3
DA:92,2
DA:93,1
DA:97,1
DA:98,1
DA:100,1
DA:101,1
DA:102,1
DA:104,0
DA:112,1
DA:113,2
DA:114,2
DA:117,1
DA:119,1
DA:120,1
DA:122,1
DA:123,1
DA:125,0
DA:128,1
DA:129,1
DA:140,1
DA:141,2
DA:142,2
DA:145,2
DA:146,1
DA:150,1
DA:151,1
DA:153,0
DA:154,0
DA:155,0
DA:157,0
DA:165,1
DA:166,3
DA:167,3
DA:170,2
DA:171,1
DA:175,1
DA:187,1
DA:188,1
DA:189,1
DA:191,0
DA:199,1
DA:200,2
DA:201,2
DA:204,2
DA:205,1
DA:209,1
DA:210,1
DA:212,0
DA:213,0
DA:214,0
DA:216,0
DA:224,1
DA:225,2
DA:226,2
DA:229,2
DA:243,2
DA:244,1
DA:245,1
DA:248,1
DA:251,1
DA:256,1
DA:262,1
DA:285,0
DA:293,1
DA:294,3
DA:295,3
DA:298,2
DA:299,1
DA:303,1
DA:304,1
DA:306,1
DA:307,1
DA:308,1
DA:310,0
DA:314,1
LF:97
LH:82
BRDA:19,0,0,1
BRDA:19,0,1,1
BRDA:19,1,0,2
BRDA:19,1,1,1
BRDA:30,2,0,1
BRDA:30,2,1,1
BRDA:66,3,0,1
BRDA:66,3,1,1
BRDA:92,4,0,1
BRDA:92,4,1,1
BRDA:92,5,0,2
BRDA:92,5,1,1
BRDA:100,6,0,1
BRDA:100,6,1,0
BRDA:122,7,0,1
BRDA:122,7,1,0
BRDA:129,8,0,1
BRDA:129,8,1,0
BRDA:131,9,0,1
BRDA:131,9,1,0
BRDA:145,10,0,1
BRDA:145,10,1,1
BRDA:145,11,0,2
BRDA:145,11,1,1
BRDA:153,12,0,0
BRDA:153,12,1,0
BRDA:170,13,0,1
BRDA:170,13,1,1
BRDA:170,14,0,2
BRDA:170,14,1,1
BRDA:187,15,0,1
BRDA:187,15,1,0
BRDA:204,16,0,1
BRDA:204,16,1,1
BRDA:204,17,0,2
BRDA:204,17,1,1
BRDA:212,18,0,0
BRDA:212,18,1,0
BRDA:212,19,0,0
BRDA:212,19,1,0
BRDA:243,20,0,1
BRDA:243,20,1,1
BRDA:270,21,0,1
BRDA:270,21,1,0
BRDA:273,22,0,0
BRDA:273,22,1,1
BRDA:298,23,0,1
BRDA:298,23,1,1
BRDA:298,24,0,2
BRDA:298,24,1,1
BRDA:306,25,0,1
BRDA:306,25,1,0
BRDA:306,26,0,1
BRDA:306,26,1,0
BRF:54
BRH:39
end_of_record
TN:
SF:routes\request.routes.js
FN:13,(anonymous_0)
FN:46,(anonymous_1)
FN:74,(anonymous_2)
FN:107,(anonymous_3)
FN:132,(anonymous_4)
FNF:5
FNH:5
FNDA:2,(anonymous_0)
FNDA:2,(anonymous_1)
FNDA:3,(anonymous_2)
FNDA:3,(anonymous_3)
FNDA:3,(anonymous_4)
DA:1,1
DA:2,1
DA:3,1
DA:4,1
DA:7,1
DA:13,1
DA:14,2
DA:15,2
DA:18,2
DA:19,1
DA:23,1
DA:38,0
DA:46,1
DA:47,2
DA:48,2
DA:51,1
DA:53,1
DA:54,1
DA:56,1
DA:57,1
DA:59,0
DA:62,1
DA:63,1
DA:74,1
DA:75,3
DA:76,3
DA:79,2
DA:80,1
DA:84,1
DA:95,1
DA:96,1
DA:97,1
DA:99,0
DA:107,1
DA:108,3
DA:109,3
DA:112,2
DA:113,1
DA:117,1
DA:118,1
DA:120,1
DA:121,1
DA:122,1
DA:124,0
DA:132,1
DA:133,3
DA:134,3
DA:137,2
DA:138,1
DA:142,1
DA:143,1
DA:145,1
DA:146,1
DA:147,1
DA:149,0
DA:153,1
LF:56
LH:51
BRDA:18,0,0,1
BRDA:18,0,1,1
BRDA:18,1,0,2
BRDA:18,1,1,1
BRDA:29,2,0,1
BRDA:29,2,1,1
BRDA:30,3,0,1
BRDA:30,3,1,1
BRDA:31,4,0,1
BRDA:31,4,1,1
BRDA:32,5,0,1
BRDA:32,5,1,1
BRDA:56,6,0,1
BRDA:56,6,1,0
BRDA:63,7,0,1
BRDA:63,7,1,0
BRDA:65,8,0,1
BRDA:65,8,1,0
BRDA:79,9,0,1
BRDA:79,9,1,1
BRDA:79,10,0,2
BRDA:79,10,1,1
BRDA:95,11,0,1
BRDA:95,11,1,0
BRDA:112,12,0,1
BRDA:112,12,1,1
BRDA:112,13,0,2
BRDA:112,13,1,1
BRDA:120,14,0,1
BRDA:120,14,1,0
BRDA:137,15,0,1
BRDA:137,15,1,1
BRDA:137,16,0,2
BRDA:137,16,1,1
BRDA:145,17,0,1
BRDA:145,17,1,0
BRDA:145,18,0,1
BRDA:145,18,1,0
BRF:38
BRH:31
end_of_record
TN:
SF:routes\service.routes.js
FN:14,(anonymous_0)
FN:45,(anonymous_1)
FN:72,(anonymous_2)
FN:97,(anonymous_3)
FN:125,(anonymous_4)
FN:150,(anonymous_5)
FN:182,(anonymous_6)
FN:204,(anonymous_7)
FN:229,(anonymous_8)
FNF:9
FNH:9
FNDA:2,(anonymous_0)
FNDA:1,(anonymous_1)
FNDA:3,(anonymous_2)
FNDA:2,(anonymous_3)
FNDA:2,(anonymous_4)
FNDA:3,(anonymous_5)
FNDA:1,(anonymous_6)
FNDA:2,(anonymous_7)
FNDA:1,(anonymous_8)
DA:1,1
DA:2,1
DA:3,1
DA:4,1
DA:5,1
DA:8,1
DA:14,1
DA:15,2
DA:16,2
DA:19,2
DA:20,1
DA:24,1
DA:37,0
DA:45,1
DA:46,1
DA:47,1
DA:64,0
DA:72,1
DA:73,3
DA:74,3
DA:77,2
DA:78,1
DA:82,1
DA:83,1
DA:85,1
DA:86,1
DA:87,1
DA:89,0
DA:97,1
DA:98,2
DA:99,2
DA:102,1
DA:104,1
DA:105,1
DA:107,1
DA:108,1
DA:110,0
DA:113,1
DA:114,1
DA:125,1
DA:126,2
DA:127,2
DA:130,2
DA:131,1
DA:135,1
DA:136,1
DA:138,0
DA:139,0
DA:140,0
DA:142,0
DA:150,1
DA:151,3
DA:152,3
DA:155,2
DA:156,1
DA:160,1
DA:170,1
DA:171,1
DA:172,1
DA:174,0
DA:182,1
DA:183,1
DA:184,1
DA:186,1
DA:196,0
DA:204,1
DA:205,2
DA:206,2
DA:209,1
DA:210,0
DA:214,1
DA:215,1
DA:217,1
DA:218,1
DA:219,1
DA:221,0
DA:229,1
DA:230,1
DA:231,1
DA:233,1
DA:243,0
DA:247,1
LF:82
LH:69
BRDA:19,0,0,1
BRDA:19,0,1,1
BRDA:19,1,0,2
BRDA:19,1,1,1
BRDA:30,2,0,1
BRDA:30,2,1,1
BRDA:31,3,0,1
BRDA:31,3,1,1
BRDA:77,4,0,1
BRDA:77,4,1,1
BRDA:77,5,0,2
BRDA:77,5,1,1
BRDA:85,6,0,1
BRDA:85,6,1,0
BRDA:107,7,0,1
BRDA:107,7,1,0
BRDA:114,8,0,1
BRDA:114,8,1,0
BRDA:116,9,0,1
BRDA:116,9,1,0
BRDA:130,10,0,1
BRDA:130,10,1,1
BRDA:130,11,0,2
BRDA:130,11,1,1
BRDA:138,12,0,0
BRDA:138,12,1,0
BRDA:155,13,0,1
BRDA:155,13,1,1
BRDA:155,14,0,2
BRDA:155,14,1,1
BRDA:170,15,0,1
BRDA:170,15,1,0
BRDA:209,16,0,0
BRDA:209,16,1,1
BRDA:209,17,0,1
BRDA:209,17,1,0
BRDA:217,18,0,1
BRDA:217,18,1,0
BRDA:217,19,0,1
BRDA:217,19,1,0
BRF:40
BRH:29
end_of_record
TN:
SF:routes\settings.routes.js
FN:13,(anonymous_0)
FN:36,(anonymous_1)
FN:57,(anonymous_2)
FN:80,(anonymous_3)
FN:97,(anonymous_4)
FN:121,(anonymous_5)
FN:138,(anonymous_6)
FNF:7
FNH:7
FNDA:2,(anonymous_0)
FNDA:2,(anonymous_1)
FNDA:1,(anonymous_2)
FNDA:1,(anonymous_3)
FNDA:1,(anonymous_4)
FNDA:1,(anonymous_5)
FNDA:1,(anonymous_6)
DA:1,1
DA:2,1
DA:3,1
DA:4,1
DA:7,1
DA:13,1
DA:14,2
DA:15,2
DA:18,1
DA:28,1
DA:36,1
DA:37,2
DA:38,2
DA:41,1
DA:42,1
DA:45,1
DA:46,1
DA:48,1
DA:49,1
DA:57,1
DA:58,1
DA:59,1
DA:62,1
DA:72,0
DA:80,1
DA:81,1
DA:82,1
DA:85,1
DA:86,1
DA:88,0
DA:89,0
DA:97,1
DA:98,1
DA:99,1
DA:102,1
DA:113,0
DA:121,1
DA:122,1
DA:123,1
DA:126,1
DA:127,1
DA:129,0
DA:130,0
DA:138,1
DA:139,1
DA:140,1
DA:143,1
DA:144,1
DA:146,0
DA:147,0
DA:151,1
LF:51
LH:43
BRDA:41,0,0,1
BRDA:41,0,1,0
BRDA:42,1,0,1
BRDA:42,1,1,0
BRF:4
BRH:2
end_of_record
TN:
SF:services\cache.service.js
FN:17,(anonymous_0)
FN:43,(anonymous_1)
FN:55,(anonymous_2)
FN:69,(anonymous_3)
FN:77,(anonymous_4)
FN:79,(anonymous_5)
FN:85,(anonymous_6)
FN:95,(anonymous_7)
FN:100,(anonymous_8)
FN:117,(anonymous_9)
FN:120,(anonymous_10)
FNF:11
FNH:11
FNDA:4,(anonymous_0)
FNDA:22,(anonymous_1)
FNDA:19,(anonymous_2)
FNDA:2,(anonymous_3)
FNDA:16,(anonymous_4)
FNDA:3,(anonymous_5)
FNDA:14,(anonymous_6)
FNDA:5,(anonymous_7)
FNDA:6,(anonymous_8)
FNDA:1,(anonymous_9)
FNDA:3,(anonymous_10)
DA:8,2
DA:17,2
DA:18,4
DA:21,4
DA:22,1
DA:26,3
DA:29,3
DA:34,3
DA:43,2
DA:44,22
DA:55,2
DA:56,19
DA:58,19
DA:59,8
DA:62,11
DA:69,2
DA:70,2
DA:77,2
DA:78,16
DA:79,1
DA:80,3
DA:81,2
DA:85,15
DA:86,14
DA:95,2
DA:96,5
DA:97,5
DA:98,5
DA:100,5
DA:101,6
DA:102,6
DA:103,1
DA:107,5
DA:117,2
DA:118,1
DA:120,1
DA:121,3
DA:122,2
DA:128,2
LF:39
LH:39
BRDA:17,0,0,3
BRDA:21,1,0,1
BRDA:21,1,1,3
BRDA:21,2,0,4
BRDA:21,2,1,2
BRDA:43,3,0,17
BRDA:58,4,0,8
BRDA:58,4,1,11
BRDA:58,5,0,19
BRDA:58,5,1,9
BRDA:78,6,0,1
BRDA:78,6,1,15
BRDA:80,7,0,2
BRDA:80,7,1,1
BRDA:102,8,0,1
BRDA:102,8,1,5
BRDA:121,9,0,2
BRDA:121,9,1,1
BRF:18
BRH:18
end_of_record
TN:
SF:services\db.service.js
FN:21,(anonymous_0)
FN:32,(anonymous_1)
FN:51,(anonymous_2)
FN:75,(anonymous_3)
FN:87,(anonymous_4)
FN:91,(anonymous_5)
FN:113,(anonymous_6)
FN:118,(anonymous_7)
FN:139,(anonymous_8)
FNF:9
FNH:6
FNDA:0,(anonymous_0)
FNDA:0,(anonymous_1)
FNDA:0,(anonymous_2)
FNDA:3,(anonymous_3)
FNDA:2,(anonymous_4)
FNDA:4,(anonymous_5)
FNDA:5,(anonymous_6)
FNDA:5,(anonymous_7)
FNDA:3,(anonymous_8)
DA:5,12
DA:8,12
DA:21,12
DA:22,0
DA:23,0
DA:32,12
DA:33,0
DA:34,0
DA:36,0
DA:37,0
DA:39,0
DA:42,0
DA:51,12
DA:52,0
DA:53,0
DA:54,0
DA:56,0
DA:58,0
DA:59,0
DA:61,0
DA:62,0
DA:64,0
DA:75,12
DA:76,3
DA:77,3
DA:87,12
DA:88,2
DA:89,2
DA:91,4
DA:92,2
DA:94,2
DA:100,2
DA:101,2
DA:113,12
DA:114,5
DA:115,5
DA:117,5
DA:118,5
DA:121,5
DA:128,5
DA:129,5
DA:139,12
DA:140,3
DA:141,3
DA:145,12
LF:45
LH:28
BRDA:17,0,0,0
BRDA:17,0,1,12
BRDA:32,1,0,0
BRDA:36,2,0,0
BRDA:36,2,1,0
BRDA:75,3,0,2
BRDA:77,4,0,2
BRDA:77,4,1,1
BRDA:87,5,0,1
BRDA:113,6,0,3
BRDA:113,7,0,4
BRDA:139,8,0,2
BRF:12
BRH:8
end_of_record
TN:
SF:services\export.service.js
FN:16,(anonymous_0)
FN:43,generateCsvExport
FN:45,(anonymous_2)
FN:49,(anonymous_3)
FN:50,(anonymous_4)
FN:81,generateExcelExport
FN:86,(anonymous_6)
FN:108,(anonymous_7)
FN:130,(anonymous_8)
FN:133,(anonymous_9)
FN:162,generatePdfExport
FN:163,(anonymous_11)
FN:173,(anonymous_12)
FN:174,(anonymous_13)
FN:192,(anonymous_14)
FN:205,(anonymous_15)
FN:208,(anonymous_16)
FN:209,(anonymous_17)
FN:217,(anonymous_18)
FN:237,(anonymous_19)
FN:247,(anonymous_20)
FNF:21
FNH:20
FNDA:8,(anonymous_0)
FNDA:5,generateCsvExport
FNDA:15,(anonymous_2)
FNDA:12,(anonymous_3)
FNDA:38,(anonymous_4)
FNDA:1,generateExcelExport
FNDA:3,(anonymous_6)
FNDA:2,(anonymous_7)
FNDA:2,(anonymous_8)
FNDA:6,(anonymous_9)
FNDA:1,generatePdfExport
FNDA:1,(anonymous_11)
FNDA:0,(anonymous_12)
FNDA:1,(anonymous_13)
FNDA:2,(anonymous_14)
FNDA:3,(anonymous_15)
FNDA:3,(anonymous_16)
FNDA:3,(anonymous_17)
FNDA:3,(anonymous_18)
FNDA:2,(anonymous_19)
FNDA:6,(anonymous_20)
DA:5,7
DA:6,7
DA:7,7
DA:16,7
DA:17,8
DA:19,8
DA:21,5
DA:23,1
DA:25,1
DA:27,1
DA:45,15
DA:46,5
DA:49,5
DA:50,12
DA:51,38
DA:54,38
DA:55,12
DA:56,26
DA:57,0
DA:61,38
DA:62,29
DA:65,9
DA:68,12
DA:71,5
DA:82,1
DA:83,1
DA:86,3
DA:93,1
DA:94,1
DA:95,1
DA:96,1
DA:97,1
DA:99,1
DA:102,1
DA:103,1
DA:104,1
DA:105,1
DA:106,1
DA:108,1
DA:109,2
DA:110,2
DA:111,2
DA:112,2
DA:113,2
DA:117,1
DA:121,1
DA:122,1
DA:123,1
DA:130,1
DA:131,2
DA:133,2
DA:134,6
DA:137,6
DA:138,2
DA:139,4
DA:140,0
DA:143,6
DA:146,2
DA:150,1
DA:152,1
DA:163,1
DA:164,1
DA:166,1
DA:172,1
DA:173,1
DA:174,1
DA:175,1
DA:176,1
DA:184,1
DA:185,1
DA:188,1
DA:189,1
DA:191,1
DA:192,1
DA:193,2
DA:194,2
DA:199,1
DA:202,1
DA:204,1
DA:205,3
DA:208,3
DA:209,1
DA:210,3
DA:214,1
DA:216,1
DA:217,1
DA:218,3
DA:222,3
DA:226,1
DA:234,1
DA:237,1
DA:239,2
DA:240,0
DA:241,0
DA:244,2
DA:247,2
DA:248,6
DA:251,6
DA:252,2
DA:253,4
DA:254,0
DA:258,6
DA:259,0
DA:262,6
DA:267,6
DA:270,2
DA:273,2
DA:274,1
DA:275,1
DA:282,1
DA:285,0
LF:111
LH:104
BRDA:19,0,0,5
BRDA:19,0,1,1
BRDA:19,0,2,1
BRDA:19,0,3,1
BRDA:54,1,0,12
BRDA:54,1,1,26
BRDA:54,2,0,38
BRDA:54,2,1,12
BRDA:56,3,0,0
BRDA:56,3,1,26
BRDA:56,4,0,26
BRDA:56,4,1,26
BRDA:57,5,0,0
BRDA:57,5,1,0
BRDA:61,6,0,29
BRDA:61,6,1,9
BRDA:89,7,0,3
BRDA:89,7,1,3
BRDA:95,8,0,1
BRDA:95,8,1,0
BRDA:102,9,0,1
BRDA:102,9,1,0
BRDA:109,10,0,2
BRDA:109,10,1,0
BRDA:137,11,0,2
BRDA:137,11,1,4
BRDA:137,12,0,6
BRDA:137,12,1,2
BRDA:139,13,0,0
BRDA:139,13,1,4
BRDA:139,14,0,4
BRDA:139,14,1,4
BRDA:140,15,0,0
BRDA:140,15,1,0
BRDA:184,16,0,1
BRDA:184,16,1,0
BRDA:191,17,0,1
BRDA:191,17,1,0
BRDA:193,18,0,2
BRDA:193,18,1,0
BRDA:208,19,0,3
BRDA:208,19,1,3
BRDA:210,20,0,3
BRDA:210,20,1,3
BRDA:239,21,0,0
BRDA:239,21,1,2
BRDA:251,22,0,2
BRDA:251,22,1,4
BRDA:251,23,0,6
BRDA:251,23,1,2
BRDA:253,24,0,0
BRDA:253,24,1,4
BRDA:253,25,0,4
BRDA:253,25,1,4
BRDA:254,26,0,0
BRDA:254,26,1,0
BRDA:258,27,0,0
BRDA:258,27,1,6
BRDA:258,28,0,6
BRDA:258,28,1,4
BRDA:273,29,0,1
BRDA:273,29,1,1
BRF:62
BRH:45
end_of_record
TN:
SF:services\notification.service.js
FN:14,(anonymous_0)
FN:63,(anonymous_1)
FN:121,(anonymous_2)
FN:150,(anonymous_3)
FN:180,(anonymous_4)
FN:221,(anonymous_5)
FNF:6
FNH:0
FNDA:0,(anonymous_0)
FNDA:0,(anonymous_1)
FNDA:0,(anonymous_2)
FNDA:0,(anonymous_3)
FNDA:0,(anonymous_4)
FNDA:0,(anonymous_5)
DA:5,1
DA:6,1
DA:22,0
DA:24,0
DA:25,0
DA:47,0
DA:52,0
DA:53,0
DA:69,0
DA:71,0
DA:73,0
DA:74,0
DA:75,0
DA:77,0
DA:78,0
DA:81,0
DA:82,0
DA:83,0
DA:86,0
DA:89,0
DA:109,0
DA:121,0
DA:133,0
DA:139,0
DA:140,0
DA:151,0
DA:153,0
DA:155,0
DA:165,0
DA:170,0
DA:171,0
DA:181,0
DA:208,0
DA:222,0
DA:224,0
DA:226,0
DA:228,0
DA:230,0
DA:235,1
LF:39
LH:3
BRDA:20,0,0,0
BRDA:21,1,0,0
BRDA:63,2,0,0
BRDA:65,3,0,0
BRDA:66,4,0,0
BRDA:67,5,0,0
BRDA:68,6,0,0
BRDA:77,7,0,0
BRDA:77,7,1,0
BRDA:81,8,0,0
BRDA:81,8,1,0
BRDA:86,9,0,0
BRDA:86,9,1,0
BRDA:153,10,0,0
BRDA:153,10,1,0
BRDA:208,11,0,0
BRDA:208,11,1,0
BRDA:222,12,0,0
BRDA:222,12,1,0
BRDA:222,12,2,0
BRDA:222,12,3,0
BRF:21
BRH:0
end_of_record
TN:
SF:utils\formatters.js
FN:15,(anonymous_0)
FN:38,(anonymous_1)
FN:64,(anonymous_2)
FN:106,(anonymous_3)
FN:126,(anonymous_4)
FN:146,(anonymous_5)
FN:166,(anonymous_6)
FN:188,(anonymous_7)
FNF:8
FNH:7
FNDA:37,(anonymous_0)
FNDA:5,(anonymous_1)
FNDA:8,(anonymous_2)
FNDA:7,(anonymous_3)
FNDA:2,(anonymous_4)
FNDA:0,(anonymous_5)
FNDA:8,(anonymous_6)
FNDA:11,(anonymous_7)
DA:5,10
DA:6,10
DA:15,10
DA:16,37
DA:17,37
DA:19,32
DA:20,32
DA:21,1
DA:22,1
DA:25,31
DA:27,0
DA:28,0
DA:38,10
DA:39,5
DA:40,5
DA:42,4
DA:43,4
DA:44,1
DA:47,3
DA:53,0
DA:54,0
DA:64,10
DA:65,8
DA:66,8
DA:68,8
DA:69,8
DA:70,2
DA:73,6
DA:74,1
DA:81,5
DA:82,1
DA:89,4
DA:95,0
DA:96,0
DA:106,10
DA:107,7
DA:108,7
DA:110,3
DA:115,0
DA:116,0
DA:126,10
DA:127,2
DA:128,2
DA:130,2
DA:135,0
DA:136,0
DA:146,10
DA:147,0
DA:148,0
DA:150,0
DA:156,0
DA:157,0
DA:166,10
DA:167,8
DA:168,8
DA:170,6
DA:171,6
DA:173,5
DA:174,5
DA:176,5
DA:178,0
DA:179,0
DA:188,10
DA:189,11
DA:190,11
DA:194,8
DA:196,8
DA:197,1
DA:198,7
DA:199,1
DA:200,6
DA:201,3
DA:203,3
DA:206,0
DA:207,0
LF:75
LH:56
BRDA:15,0,0,36
BRDA:17,1,0,5
BRDA:17,1,1,32
BRDA:20,2,0,1
BRDA:20,2,1,31
BRDA:38,3,0,5
BRDA:40,4,0,1
BRDA:40,4,1,4
BRDA:43,5,0,1
BRDA:43,5,1,3
BRDA:66,6,0,0
BRDA:66,6,1,8
BRDA:69,7,0,2
BRDA:69,7,1,6
BRDA:73,8,0,1
BRDA:73,8,1,5
BRDA:81,9,0,1
BRDA:81,9,1,4
BRDA:106,10,0,7
BRDA:108,11,0,4
BRDA:108,11,1,3
BRDA:108,12,0,7
BRDA:108,12,1,5
BRDA:126,13,0,1
BRDA:128,14,0,0
BRDA:128,14,1,2
BRDA:128,15,0,2
BRDA:128,15,1,2
BRDA:146,16,0,0
BRDA:148,17,0,0
BRDA:148,17,1,0
BRDA:148,18,0,0
BRDA:148,18,1,0
BRDA:168,19,0,2
BRDA:168,19,1,6
BRDA:168,20,0,8
BRDA:168,20,1,7
BRDA:171,21,0,1
BRDA:171,21,1,5
BRDA:190,22,0,3
BRDA:190,22,1,8
BRDA:196,23,0,1
BRDA:196,23,1,7
BRDA:198,24,0,1
BRDA:198,24,1,6
BRDA:200,25,0,3
BRDA:200,25,1,3
BRDA:207,26,0,0
BRDA:207,26,1,0
BRF:49
BRH:40
end_of_record
TN:
SF:utils\helpers.js
FN:17,(anonymous_0)
FN:33,(anonymous_1)
FN:49,(anonymous_2)
FN:65,(anonymous_3)
FN:81,(anonymous_4)
FN:91,(anonymous_5)
FN:123,(anonymous_6)
FN:159,(anonymous_7)
FN:163,(anonymous_8)
FN:183,(anonymous_9)
FN:236,(anonymous_10)
FN:249,(anonymous_11)
FN:265,(anonymous_12)
FN:266,(anonymous_13)
FNF:14
FNH:10
FNDA:2,(anonymous_0)
FNDA:2,(anonymous_1)
FNDA:2,(anonymous_2)
FNDA:4,(anonymous_3)
FNDA:2,(anonymous_4)
FNDA:0,(anonymous_5)
FNDA:0,(anonymous_6)
FNDA:2,(anonymous_7)
FNDA:0,(anonymous_8)
FNDA:2,(anonymous_9)
FNDA:4,(anonymous_10)
FNDA:0,(anonymous_11)
FNDA:1,(anonymous_12)
FNDA:5,(anonymous_13)
DA:5,1
DA:6,1
DA:17,1
DA:18,2
DA:25,2
DA:33,1
DA:34,2
DA:41,2
DA:49,1
DA:50,2
DA:57,2
DA:65,1
DA:66,4
DA:67,4
DA:69,4
DA:70,34
DA:73,4
DA:81,1
DA:82,2
DA:83,1
DA:86,1
DA:87,1
DA:88,1
DA:91,1
DA:93,0
DA:111,0
DA:117,0
DA:123,0
DA:124,0
DA:126,0
DA:143,0
DA:150,0
DA:151,0
DA:159,1
DA:160,2
DA:161,2
DA:163,2
DA:164,0
DA:169,0
DA:172,1
DA:173,1
DA:183,1
DA:184,2
DA:187,2
DA:188,2
DA:191,2
DA:192,1
DA:193,1
DA:200,2
DA:201,1
DA:204,1
DA:205,0
DA:209,2
DA:210,1
DA:214,2
DA:215,1
DA:219,2
DA:220,1
DA:224,2
DA:225,1
DA:228,2
DA:236,1
DA:237,4
DA:240,1
DA:249,1
DA:250,0
DA:251,0
DA:256,0
DA:265,1
DA:266,1
DA:267,5
DA:268,5
DA:269,5
DA:270,5
LF:74
LH:59
BRDA:25,0,0,2
BRDA:25,0,1,1
BRDA:41,1,0,2
BRDA:41,1,1,0
BRDA:57,2,0,2
BRDA:57,2,1,0
BRDA:65,3,0,3
BRDA:82,4,0,1
BRDA:82,4,1,1
BRDA:82,5,0,2
BRDA:82,5,1,1
BRDA:129,6,0,0
BRDA:129,6,1,0
BRDA:130,7,0,0
BRDA:130,7,1,0
BRDA:131,8,0,0
BRDA:131,8,1,0
BRDA:132,9,0,0
BRDA:132,9,1,0
BRDA:133,10,0,0
BRDA:133,10,1,0
BRDA:134,11,0,0
BRDA:134,11,1,0
BRDA:136,12,0,0
BRDA:136,12,1,0
BRDA:137,13,0,0
BRDA:137,13,1,0
BRDA:138,14,0,0
BRDA:138,14,1,0
BRDA:145,15,0,0
BRDA:145,15,1,0
BRDA:146,16,0,0
BRDA:146,16,1,0
BRDA:169,17,0,0
BRDA:169,17,1,0
BRDA:183,18,0,1
BRDA:187,19,0,2
BRDA:187,19,1,1
BRDA:188,20,0,2
BRDA:188,20,1,1
BRDA:191,21,0,1
BRDA:191,21,1,1
BRDA:194,22,0,1
BRDA:194,22,1,0
BRDA:195,23,0,1
BRDA:195,23,1,0
BRDA:200,24,0,1
BRDA:200,24,1,1
BRDA:204,25,0,0
BRDA:204,25,1,1
BRDA:209,26,0,1
BRDA:209,26,1,1
BRDA:214,27,0,1
BRDA:214,27,1,1
BRDA:219,28,0,1
BRDA:219,28,1,1
BRDA:224,29,0,1
BRDA:224,29,1,1
BRDA:237,30,0,3
BRDA:237,30,1,1
BRDA:250,31,0,0
BRDA:250,31,1,0
BRDA:250,32,0,0
BRDA:250,32,1,0
BRDA:268,33,0,5
BRDA:268,33,1,3
BRF:66
BRH:33
end_of_record
TN:
SF:utils\test-helpers.js
FNF:0
FNH:0
LF:0
LH:0
BRF:0
BRH:0
end_of_record
TN:
SF:utils\validators.js
FN:13,(anonymous_0)
FN:64,(anonymous_1)
FN:86,(anonymous_2)
FN:110,(anonymous_3)
FN:172,(anonymous_4)
FN:226,(anonymous_5)
FN:230,(anonymous_6)
FN:258,(anonymous_7)
FN:265,(anonymous_8)
FNF:9
FNH:9
FNDA:14,(anonymous_0)
FNDA:12,(anonymous_1)
FNDA:7,(anonymous_2)
FNDA:8,(anonymous_3)
FNDA:12,(anonymous_4)
FNDA:4,(anonymous_5)
FNDA:17,(anonymous_6)
FNDA:6,(anonymous_7)
FNDA:17,(anonymous_8)
DA:5,3
DA:13,3
DA:20,14
DA:22,14
DA:25,14
DA:26,2
DA:27,1
DA:29,2
DA:33,12
DA:36,12
DA:37,3
DA:41,12
DA:42,1
DA:45,12
DA:46,1
DA:50,12
DA:52,12
DA:64,3
DA:65,12
DA:68,12
DA:69,7
DA:72,12
DA:74,12
DA:86,3
DA:87,7
DA:90,7
DA:93,7
DA:94,0
DA:97,7
DA:110,3
DA:117,8
DA:119,8
DA:122,8
DA:123,0
DA:124,0
DA:126,0
DA:129,8
DA:132,8
DA:133,2
DA:134,2
DA:137,6
DA:140,6
DA:141,0
DA:145,6
DA:146,0
DA:150,6
DA:151,1
DA:155,6
DA:156,2
DA:159,6
DA:172,3
DA:178,12
DA:180,12
DA:183,12
DA:184,0
DA:185,0
DA:187,0
DA:191,12
DA:194,12
DA:195,0
DA:199,12
DA:200,1
DA:204,12
DA:205,2
DA:209,12
DA:210,1
DA:213,12
DA:226,3
DA:227,4
DA:228,4
DA:230,4
DA:231,17
DA:232,17
DA:235,17
DA:237,5
DA:238,5
DA:240,2
DA:241,2
DA:243,2
DA:244,2
DA:246,4
DA:247,4
DA:249,4
DA:250,4
DA:252,0
DA:255,17
DA:257,17
DA:258,6
DA:262,4
DA:266,17
DA:267,17
LF:91
LH:80
BRDA:13,0,0,0
BRDA:15,1,0,2
BRDA:16,2,0,9
BRDA:17,3,0,10
BRDA:18,4,0,14
BRDA:19,5,0,14
BRDA:25,6,0,2
BRDA:25,6,1,12
BRDA:25,7,0,14
BRDA:25,7,1,12
BRDA:26,8,0,1
BRDA:26,8,1,1
BRDA:33,9,0,12
BRDA:33,9,1,0
BRDA:36,10,0,3
BRDA:36,10,1,9
BRDA:36,11,0,12
BRDA:36,11,1,3
BRDA:41,12,0,1
BRDA:41,12,1,11
BRDA:45,13,0,1
BRDA:45,13,1,11
BRDA:50,14,0,12
BRDA:50,14,1,0
BRDA:68,15,0,7
BRDA:68,15,1,5
BRDA:68,16,0,12
BRDA:68,16,1,12
BRDA:90,17,0,7
BRDA:90,17,1,0
BRDA:93,18,0,0
BRDA:93,18,1,7
BRDA:93,19,0,7
BRDA:93,19,1,5
BRDA:110,20,0,2
BRDA:112,21,0,6
BRDA:113,22,0,8
BRDA:114,23,0,8
BRDA:122,24,0,0
BRDA:122,24,1,8
BRDA:122,25,0,8
BRDA:122,25,1,8
BRDA:123,26,0,0
BRDA:123,26,1,0
BRDA:132,27,0,2
BRDA:132,27,1,6
BRDA:140,28,0,0
BRDA:140,28,1,6
BRDA:140,29,0,6
BRDA:140,29,1,0
BRDA:145,30,0,0
BRDA:145,30,1,6
BRDA:145,31,0,6
BRDA:145,31,1,0
BRDA:150,32,0,1
BRDA:150,32,1,5
BRDA:150,33,0,6
BRDA:150,33,1,1
BRDA:155,34,0,2
BRDA:155,34,1,4
BRDA:155,35,0,6
BRDA:155,35,1,2
BRDA:172,36,0,0
BRDA:174,37,0,9
BRDA:175,38,0,5
BRDA:176,39,0,10
BRDA:177,40,0,8
BRDA:183,41,0,0
BRDA:183,41,1,12
BRDA:183,42,0,12
BRDA:183,42,1,12
BRDA:184,43,0,0
BRDA:184,43,1,0
BRDA:194,44,0,0
BRDA:194,44,1,12
BRDA:199,45,0,1
BRDA:199,45,1,11
BRDA:199,46,0,12
BRDA:199,46,1,4
BRDA:204,47,0,2
BRDA:204,47,1,10
BRDA:209,48,0,1
BRDA:209,48,1,11
BRDA:235,49,0,5
BRDA:235,49,1,2
BRDA:235,49,2,2
BRDA:235,49,3,4
BRDA:235,49,4,4
BRDA:235,49,5,0
BRDA:257,50,0,6
BRDA:257,50,1,11
BRF:91
BRH:73
end_of_record
